#
# There is insufficient memory for the Java Runtime Environment to continue.
# Native memory allocation (malloc) failed to allocate 1048576 bytes. Error detail: AllocateHeap
# Possible reasons:
#   The system is out of physical RAM or swap space
#   This process is running with CompressedOops enabled, and the Java Heap may be blocking the growth of the native heap
# Possible solutions:
#   Reduce memory load on the system
#   Increase physical memory or swap space
#   Check if swap backing store is full
#   Decrease Java heap size (-Xmx/-Xms)
#   Decrease number of Java threads
#   Decrease Java thread stack sizes (-Xss)
#   Set larger code cache with -XX:ReservedCodeCacheSize=
#   JVM is running with Unscaled Compressed Oops mode in which the Java heap is
#     placed in the first 4GB address space. The Java Heap base address is the
#     maximum limit for the native heap growth. Please use -XX:HeapBaseMinAddress
#     to set the Java Heap base and to place the Java Heap above 4GB virtual address.
# This output file may be truncated or incomplete.
#
#  Out of Memory Error (allocation.cpp:44), pid=9596, tid=24444
#
# JRE version: OpenJDK Runtime Environment Temurin-21.0.9+10 (21.0.9+10) (build 21.0.9+10-LTS)
# Java VM: OpenJDK 64-Bit Server VM Temurin-21.0.9+10 (21.0.9+10-LTS, mixed mode, sharing, tiered, compressed oops, compressed class ptrs, parallel gc, windows-amd64)
# No core dump will be written. Minidumps are not enabled by default on client versions of Windows
#

---------------  S U M M A R Y ------------

Command Line: --add-modules=ALL-SYSTEM --add-opens=java.base/java.util=ALL-UNNAMED --add-opens=java.base/java.lang=ALL-UNNAMED --add-opens=java.base/sun.nio.fs=ALL-UNNAMED -Declipse.application=org.eclipse.jdt.ls.core.id1 -Dosgi.bundles.defaultStartLevel=4 -Declipse.product=org.eclipse.jdt.ls.core.product -Djava.import.generatesMetadataFilesAtProjectRoot=false -DDetectVMInstallationsJob.disabled=true -Dfile.encoding=utf8 -XX:+UseParallelGC -XX:GCTimeRatio=4 -XX:AdaptiveSizePolicyWeight=90 -Dsun.zip.disableMemoryMapping=true -Xmx2G -Xms100m -Xlog:disable -javaagent:c:\Users\alpit\.antigravity\extensions\redhat.java-1.52.0-win32-x64\lombok\lombok-1.18.39-4050.jar -XX:+HeapDumpOnOutOfMemoryError -XX:HeapDumpPath=c:\Users\alpit\AppData\Roaming\Antigravity\User\workspaceStorage\cbb0aa8e4f4bd1039542ac91ced87a05\redhat.java -Daether.dependencyCollector.impl=bf c:\Users\alpit\.antigravity\extensions\redhat.java-1.52.0-win32-x64\server\plugins\org.eclipse.equinox.launcher_1.7.100.v20251111-0406.jar -configuration c:\Users\alpit\AppData\Roaming\Antigravity\User\globalStorage\redhat.java\1.52.0\config_win -data c:\Users\alpit\AppData\Roaming\Antigravity\User\workspaceStorage\cbb0aa8e4f4bd1039542ac91ced87a05\redhat.java\jdt_ws --pipe=\\.\pipe\lsp-a62de03d4ba51699502f2f26fe9943e5-sock

Host: 12th Gen Intel(R) Core(TM) i7-12650H, 16 cores, 15G,  Windows 11 , 64 bit Build 26100 (10.0.26100.7705)
Time: Thu Feb 26 23:35:59 2026 India Standard Time elapsed time: 75.236671 seconds (0d 0h 1m 15s)

---------------  T H R E A D  ---------------

Current thread (0x000002d074935760):  JavaThread "Attach Listener" daemon [_thread_in_vm, id=24444, stack(0x000000f314f00000,0x000000f315000000) (1024K)]

Stack: [0x000000f314f00000,0x000000f315000000]
Native frames: (J=compiled Java code, j=interpreted, Vv=VM code, C=native code)
V  [jvm.dll+0x6d6e29]
V  [jvm.dll+0x8b4b76]
V  [jvm.dll+0x8b712e]
V  [jvm.dll+0x8b7813]
V  [jvm.dll+0x283d86]
V  [jvm.dll+0xc1277]
V  [jvm.dll+0x6d76d9]
V  [jvm.dll+0x133466]
V  [jvm.dll+0x3f7ea6]
V  [jvm.dll+0x85e9ad]
V  [jvm.dll+0x6d565d]
C  [ucrtbase.dll+0x37b0]
C  [KERNEL32.DLL+0x2e8d7]
C  [ntdll.dll+0x8c40c]


---------------  P R O C E S S  ---------------

Threads class SMR info:
_java_thread_list=0x000002d07c6cbe50, length=109, elements={
0x000002d01bba1060, 0x000002d01bc473d0, 0x000002d01bb4c180, 0x000002d01bc48720,
0x000002d074935760, 0x000002d01bc4b460, 0x000002d01bc51a40, 0x000002d01bc5e270,
0x000002d0749378a0, 0x000002d074bc1110, 0x000002d07625a1c0, 0x000002d07b0679c0,
0x000002d0767bf730, 0x000002d0767e9a20, 0x000002d0767e6b40, 0x000002d07bbab360,
0x000002d07b666470, 0x000002d07b7135b0, 0x000002d07baabf40, 0x000002d07bd78300,
0x000002d07bd78990, 0x000002d07bd79020, 0x000002d07bd796b0, 0x000002d07e547a50,
0x000002d07e5480e0, 0x000002d07e5466a0, 0x000002d07e544c60, 0x000002d07e5452f0,
0x000002d07e548770, 0x000002d07e546010, 0x000002d07e546d30, 0x000002d07e5473c0,
0x000002d07e548e00, 0x000002d07e545980, 0x000002d07e54c280, 0x000002d07e54aed0,
0x000002d07e549b20, 0x000002d07e54a840, 0x000002d07e54b560, 0x000002d07e549490,
0x000002d07e54bbf0, 0x000002d07e54a1b0, 0x000002d07c8d6430, 0x000002d07c8d6ac0,
0x000002d07c8d9220, 0x000002d07c8d9f40, 0x000002d07c8da5d0, 0x000002d07c8dc6a0,
0x000002d07c8db2f0, 0x000002d07c8dc010, 0x000002d07c8dcd30, 0x000002d07c8db980,
0x000002d07c8dd3c0, 0x000002d07b729020, 0x000002d07b727c70, 0x000002d07b729d40,
0x000002d07b728300, 0x000002d07b7296b0, 0x000002d07b728990, 0x000002d07b72aa60,
0x000002d07b7275e0, 0x000002d07b72cb30, 0x000002d07b72b780, 0x000002d07b72be10,
0x000002d07b72c4a0, 0x000002d07b72d1c0, 0x000002d07b72d850, 0x000002d07b72e570,
0x000002d07b72dee0, 0x000002d07b72b0f0, 0x000002d07b72ec00, 0x000002d000d591b0,
0x000002d000d59840, 0x000002d000d5b910, 0x000002d000d5bfa0, 0x000002d000d5c630,
0x000002d000d59ed0, 0x000002d000d5a560, 0x000002d000d5abf0, 0x000002d000d5b280,
0x000002d0020c9f70, 0x000002d0020cb9b0, 0x000002d0020ca600, 0x000002d0020cac90,
0x000002d0020cb320, 0x000002d0020cc040, 0x000002d0020cc6d0, 0x000002d0020c9250,
0x000002d0020cee30, 0x000002d0020ce110, 0x000002d0020d0870, 0x000002d0020ce7a0,
0x000002d0022ea2f0, 0x000002d0022eb010, 0x000002d0022e9c60, 0x000002d0022ebd30,
0x000002d0022eb6a0, 0x000002d0022ec3c0, 0x000002d0022e95d0, 0x000002d0022ed770,
0x000002d0022ed0e0, 0x000002d0022ea980, 0x000002d0022efed0, 0x000002d0022eca50,
0x000002d0022f0bf0, 0x000002d0022ede00, 0x000002d07bc62ac0, 0x000002d07bc5fcd0,
0x000002d07bc5f640
}

Java Threads: ( => current thread )
  0x000002d01bba1060 JavaThread "main"                              [_thread_blocked, id=4244, stack(0x000000f314800000,0x000000f314900000) (1024K)]
  0x000002d01bc473d0 JavaThread "Reference Handler"          daemon [_thread_blocked, id=13416, stack(0x000000f314c00000,0x000000f314d00000) (1024K)]
  0x000002d01bb4c180 JavaThread "Finalizer"                  daemon [_thread_blocked, id=24156, stack(0x000000f314d00000,0x000000f314e00000) (1024K)]
  0x000002d01bc48720 JavaThread "Signal Dispatcher"          daemon [_thread_blocked, id=5136, stack(0x000000f314e00000,0x000000f314f00000) (1024K)]
=>0x000002d074935760 JavaThread "Attach Listener"            daemon [_thread_in_vm, id=24444, stack(0x000000f314f00000,0x000000f315000000) (1024K)]
  0x000002d01bc4b460 JavaThread "Service Thread"             daemon [_thread_blocked, id=8376, stack(0x000000f315000000,0x000000f315100000) (1024K)]
  0x000002d01bc51a40 JavaThread "Monitor Deflation Thread"   daemon [_thread_blocked, id=8936, stack(0x000000f315100000,0x000000f315200000) (1024K)]
  0x000002d01bc5e270 JavaThread "C2 CompilerThread0"         daemon [_thread_blocked, id=11852, stack(0x000000f315200000,0x000000f315300000) (1024K)]
  0x000002d0749378a0 JavaThread "C1 CompilerThread0"         daemon [_thread_blocked, id=20736, stack(0x000000f315300000,0x000000f315400000) (1024K)]
  0x000002d074bc1110 JavaThread "Common-Cleaner"             daemon [_thread_blocked, id=11052, stack(0x000000f315600000,0x000000f315700000) (1024K)]
  0x000002d07625a1c0 JavaThread "Notification Thread"        daemon [_thread_blocked, id=20824, stack(0x000000f315900000,0x000000f315a00000) (1024K)]
  0x000002d07b0679c0 JavaThread "Active Thread: Equinox Container: 9951e94b-af56-439c-8a0b-07d1e070b7e7"        [_thread_blocked, id=20964, stack(0x000000f316200000,0x000000f316300000) (1024K)]
  0x000002d0767bf730 JavaThread "Refresh Thread: Equinox Container: 9951e94b-af56-439c-8a0b-07d1e070b7e7" daemon [_thread_blocked, id=20908, stack(0x000000f316400000,0x000000f316500000) (1024K)]
  0x000002d0767e9a20 JavaThread "Framework Event Dispatcher: Equinox Container: 9951e94b-af56-439c-8a0b-07d1e070b7e7" daemon [_thread_blocked, id=21284, stack(0x000000f316500000,0x000000f316600000) (1024K)]
  0x000002d0767e6b40 JavaThread "Start Level: Equinox Container: 9951e94b-af56-439c-8a0b-07d1e070b7e7" daemon [_thread_blocked, id=11564, stack(0x000000f316600000,0x000000f316700000) (1024K)]
  0x000002d07bbab360 JavaThread "Bundle File Closer"         daemon [_thread_blocked, id=20040, stack(0x000000f316a00000,0x000000f316b00000) (1024K)]
  0x000002d07b666470 JavaThread "SCR Component Actor"        daemon [_thread_blocked, id=20796, stack(0x000000f316b00000,0x000000f316c00000) (1024K)]
  0x000002d07b7135b0 JavaThread "Worker-JM"                         [_thread_blocked, id=23844, stack(0x000000f316c00000,0x000000f316d00000) (1024K)]
  0x000002d07baabf40 JavaThread "JNA Cleaner"                daemon [_thread_blocked, id=24356, stack(0x000000f316e00000,0x000000f316f00000) (1024K)]
  0x000002d07bd78300 JavaThread "Worker-0"                          [_thread_blocked, id=14484, stack(0x000000f316f00000,0x000000f317000000) (1024K)]
  0x000002d07bd78990 JavaThread "Worker-1"                          [_thread_blocked, id=9608, stack(0x000000f317000000,0x000000f317100000) (1024K)]
  0x000002d07bd79020 JavaThread "Java indexing"              daemon [_thread_blocked, id=21228, stack(0x000000f317100000,0x000000f317200000) (1024K)]
  0x000002d07bd796b0 JavaThread "Worker-2"                          [_thread_blocked, id=460, stack(0x000000f317500000,0x000000f317600000) (1024K)]
  0x000002d07e547a50 JavaThread "Worker-3"                          [_thread_blocked, id=13980, stack(0x000000f317600000,0x000000f317700000) (1024K)]
  0x000002d07e5480e0 JavaThread "Thread-1"                   daemon [_thread_in_native, id=9600, stack(0x000000f317700000,0x000000f317800000) (1024K)]
  0x000002d07e5466a0 JavaThread "Thread-2"                   daemon [_thread_in_native, id=12940, stack(0x000000f317800000,0x000000f317900000) (1024K)]
  0x000002d07e544c60 JavaThread "Thread-3"                   daemon [_thread_in_native, id=13024, stack(0x000000f317900000,0x000000f317a00000) (1024K)]
  0x000002d07e5452f0 JavaThread "Thread-4"                   daemon [_thread_in_native, id=12984, stack(0x000000f317a00000,0x000000f317b00000) (1024K)]
  0x000002d07e548770 JavaThread "Thread-5"                   daemon [_thread_in_native, id=440, stack(0x000000f317b00000,0x000000f317c00000) (1024K)]
  0x000002d07e546010 JavaThread "Thread-6"                   daemon [_thread_in_native, id=476, stack(0x000000f317c00000,0x000000f317d00000) (1024K)]
  0x000002d07e546d30 JavaThread "Thread-7"                   daemon [_thread_in_native, id=484, stack(0x000000f317d00000,0x000000f317e00000) (1024K)]
  0x000002d07e5473c0 JavaThread "Thread-8"                   daemon [_thread_in_native, id=436, stack(0x000000f317e00000,0x000000f317f00000) (1024K)]
  0x000002d07e548e00 JavaThread "Thread-9"                   daemon [_thread_in_native, id=13048, stack(0x000000f317f00000,0x000000f318000000) (1024K)]
  0x000002d07e545980 JavaThread "Thread-10"                  daemon [_thread_in_native, id=6232, stack(0x000000f318000000,0x000000f318100000) (1024K)]
  0x000002d07e54c280 JavaThread "Thread-11"                  daemon [_thread_in_native, id=4432, stack(0x000000f318100000,0x000000f318200000) (1024K)]
  0x000002d07e54aed0 JavaThread "Thread-12"                  daemon [_thread_in_native, id=17536, stack(0x000000f318200000,0x000000f318300000) (1024K)]
  0x000002d07e549b20 JavaThread "Thread-13"                  daemon [_thread_in_native, id=20308, stack(0x000000f318300000,0x000000f318400000) (1024K)]
  0x000002d07e54a840 JavaThread "Thread-14"                  daemon [_thread_in_native, id=12148, stack(0x000000f318400000,0x000000f318500000) (1024K)]
  0x000002d07e54b560 JavaThread "Thread-15"                  daemon [_thread_in_native, id=13960, stack(0x000000f318500000,0x000000f318600000) (1024K)]
  0x000002d07e549490 JavaThread "Thread-16"                  daemon [_thread_in_native, id=24484, stack(0x000000f318600000,0x000000f318700000) (1024K)]
  0x000002d07e54bbf0 JavaThread "Thread-17"                  daemon [_thread_in_native, id=248, stack(0x000000f318700000,0x000000f318800000) (1024K)]
  0x000002d07e54a1b0 JavaThread "pool-2-thread-1"                   [_thread_blocked, id=8104, stack(0x000000f318800000,0x000000f318900000) (1024K)]
  0x000002d07c8d6430 JavaThread "WorkspaceEventsHandler"            [_thread_blocked, id=20752, stack(0x000000f318d00000,0x000000f318e00000) (1024K)]
  0x000002d07c8d6ac0 JavaThread "pool-1-thread-1"                   [_thread_blocked, id=17104, stack(0x000000f318e00000,0x000000f318f00000) (1024K)]
  0x000002d07c8d9220 JavaThread "Timer-0"                           [_thread_blocked, id=17508, stack(0x000000f318f00000,0x000000f319000000) (1024K)]
  0x000002d07c8d9f40 JavaThread "ForkJoinPool.commonPool-worker-1" daemon [_thread_blocked, id=13956, stack(0x000000f318b00000,0x000000f318c00000) (1024K)]
  0x000002d07c8da5d0 JavaThread "ForkJoinPool.commonPool-worker-2" daemon [_thread_blocked, id=5600, stack(0x000000f318c00000,0x000000f318d00000) (1024K)]
  0x000002d07c8dc6a0 JavaThread "ForkJoinPool.commonPool-worker-3" daemon [_thread_blocked, id=8168, stack(0x000000f319000000,0x000000f319100000) (1024K)]
  0x000002d07c8db2f0 JavaThread "ForkJoinPool.commonPool-worker-4" daemon [_thread_blocked, id=4312, stack(0x000000f319100000,0x000000f319200000) (1024K)]
  0x000002d07c8dc010 JavaThread "ForkJoinPool.commonPool-worker-5" daemon [_thread_blocked, id=16592, stack(0x000000f319200000,0x000000f319300000) (1024K)]
  0x000002d07c8dcd30 JavaThread "ForkJoinPool.commonPool-worker-6" daemon [_thread_blocked, id=4248, stack(0x000000f319300000,0x000000f319400000) (1024K)]
  0x000002d07c8db980 JavaThread "ForkJoinPool.commonPool-worker-7" daemon [_thread_blocked, id=16624, stack(0x000000f319400000,0x000000f319500000) (1024K)]
  0x000002d07c8dd3c0 JavaThread "ForkJoinPool.commonPool-worker-8" daemon [_thread_blocked, id=10536, stack(0x000000f319500000,0x000000f319600000) (1024K)]
  0x000002d07b729020 JavaThread "ForkJoinPool.commonPool-worker-9" daemon [_thread_blocked, id=15468, stack(0x000000f319600000,0x000000f319700000) (1024K)]
  0x000002d07b727c70 JavaThread "ForkJoinPool.commonPool-worker-10" daemon [_thread_blocked, id=22460, stack(0x000000f319700000,0x000000f319800000) (1024K)]
  0x000002d07b729d40 JavaThread "ForkJoinPool.commonPool-worker-11" daemon [_thread_blocked, id=24448, stack(0x000000f319800000,0x000000f319900000) (1024K)]
  0x000002d07b728300 JavaThread "ForkJoinPool.commonPool-worker-12" daemon [_thread_blocked, id=2832, stack(0x000000f319900000,0x000000f319a00000) (1024K)]
  0x000002d07b7296b0 JavaThread "ForkJoinPool.commonPool-worker-13" daemon [_thread_blocked, id=17656, stack(0x000000f319a00000,0x000000f319b00000) (1024K)]
  0x000002d07b728990 JavaThread "ForkJoinPool.commonPool-worker-14" daemon [_thread_blocked, id=23580, stack(0x000000f319b00000,0x000000f319c00000) (1024K)]
  0x000002d07b72aa60 JavaThread "LocalFile Deleter"          daemon [_thread_blocked, id=5912, stack(0x000000f319f00000,0x000000f31a000000) (1024K)]
  0x000002d07b7275e0 JavaThread "LocalFile Deleter"          daemon [_thread_blocked, id=4088, stack(0x000000f31a000000,0x000000f31a100000) (1024K)]
  0x000002d07b72cb30 JavaThread "LocalFile Deleter"          daemon [_thread_blocked, id=23644, stack(0x000000f31a100000,0x000000f31a200000) (1024K)]
  0x000002d07b72b780 JavaThread "LocalFile Deleter"          daemon [_thread_blocked, id=20336, stack(0x000000f31a200000,0x000000f31a300000) (1024K)]
  0x000002d07b72be10 JavaThread "LocalFile Deleter"          daemon [_thread_blocked, id=18168, stack(0x000000f31a300000,0x000000f31a400000) (1024K)]
  0x000002d07b72c4a0 JavaThread "LocalFile Deleter"          daemon [_thread_blocked, id=13260, stack(0x000000f31a400000,0x000000f31a500000) (1024K)]
  0x000002d07b72d1c0 JavaThread "LocalFile Deleter"          daemon [_thread_blocked, id=13788, stack(0x000000f31a500000,0x000000f31a600000) (1024K)]
  0x000002d07b72d850 JavaThread "LocalFile Deleter"          daemon [_thread_blocked, id=22944, stack(0x000000f31a600000,0x000000f31a700000) (1024K)]
  0x000002d07b72e570 JavaThread "LocalFile Deleter"          daemon [_thread_blocked, id=15980, stack(0x000000f31a700000,0x000000f31a800000) (1024K)]
  0x000002d07b72dee0 JavaThread "LocalFile Deleter"          daemon [_thread_blocked, id=17388, stack(0x000000f31a800000,0x000000f31a900000) (1024K)]
  0x000002d07b72b0f0 JavaThread "LocalFile Deleter"          daemon [_thread_blocked, id=2944, stack(0x000000f31a900000,0x000000f31aa00000) (1024K)]
  0x000002d07b72ec00 JavaThread "LocalFile Deleter"          daemon [_thread_blocked, id=8592, stack(0x000000f31aa00000,0x000000f31ab00000) (1024K)]
  0x000002d000d591b0 JavaThread "LocalFile Deleter"          daemon [_thread_blocked, id=14896, stack(0x000000f31ab00000,0x000000f31ac00000) (1024K)]
  0x000002d000d59840 JavaThread "LocalFile Deleter"          daemon [_thread_blocked, id=13576, stack(0x000000f31ac00000,0x000000f31ad00000) (1024K)]
  0x000002d000d5b910 JavaThread "LocalFile Deleter"          daemon [_thread_blocked, id=6700, stack(0x000000f31ad00000,0x000000f31ae00000) (1024K)]
  0x000002d000d5bfa0 JavaThread "Compiler Source File Reader" daemon [_thread_blocked, id=20184, stack(0x000000f31ae00000,0x000000f31af00000) (1024K)]
  0x000002d000d5c630 JavaThread "Compiler Source File Reader" daemon [_thread_blocked, id=5856, stack(0x000000f31af00000,0x000000f31b000000) (1024K)]
  0x000002d000d59ed0 JavaThread "Compiler Source File Reader" daemon [_thread_blocked, id=14716, stack(0x000000f31b000000,0x000000f31b100000) (1024K)]
  0x000002d000d5a560 JavaThread "Compiler Source File Reader" daemon [_thread_blocked, id=14976, stack(0x000000f31b100000,0x000000f31b200000) (1024K)]
  0x000002d000d5abf0 JavaThread "Compiler Source File Reader" daemon [_thread_blocked, id=17516, stack(0x000000f31b200000,0x000000f31b300000) (1024K)]
  0x000002d000d5b280 JavaThread "Compiler Source File Reader" daemon [_thread_blocked, id=14332, stack(0x000000f31b300000,0x000000f31b400000) (1024K)]
  0x000002d0020c9f70 JavaThread "Compiler Source File Reader" daemon [_thread_blocked, id=7344, stack(0x000000f31b400000,0x000000f31b500000) (1024K)]
  0x000002d0020cb9b0 JavaThread "Compiler Source File Reader" daemon [_thread_blocked, id=20960, stack(0x000000f31b500000,0x000000f31b600000) (1024K)]
  0x000002d0020ca600 JavaThread "Compiler Source File Reader" daemon [_thread_blocked, id=14200, stack(0x000000f31b600000,0x000000f31b700000) (1024K)]
  0x000002d0020cac90 JavaThread "Compiler Source File Reader" daemon [_thread_blocked, id=21132, stack(0x000000f31b700000,0x000000f31b800000) (1024K)]
  0x000002d0020cb320 JavaThread "Compiler Source File Reader" daemon [_thread_blocked, id=17456, stack(0x000000f31b800000,0x000000f31b900000) (1024K)]
  0x000002d0020cc040 JavaThread "Compiler Source File Reader" daemon [_thread_blocked, id=20972, stack(0x000000f31b900000,0x000000f31ba00000) (1024K)]
  0x000002d0020cc6d0 JavaThread "Compiler Source File Reader" daemon [_thread_blocked, id=14596, stack(0x000000f31ba00000,0x000000f31bb00000) (1024K)]
  0x000002d0020c9250 JavaThread "Compiler Source File Reader" daemon [_thread_blocked, id=12000, stack(0x000000f31bb00000,0x000000f31bc00000) (1024K)]
  0x000002d0020cee30 JavaThread "Worker-4"                          [_thread_blocked, id=12032, stack(0x000000f31bc00000,0x000000f31bd00000) (1024K)]
  0x000002d0020ce110 JavaThread "Compiler Processing Task"   daemon [_thread_blocked, id=3312, stack(0x000000f31bd00000,0x000000f31be00000) (1024K)]
  0x000002d0020d0870 JavaThread "Compiler Class File Writer" daemon [_thread_blocked, id=24108, stack(0x000000f31be00000,0x000000f31bf00000) (1024K)]
  0x000002d0020ce7a0 JavaThread "Compiler Class File Writer" daemon [_thread_blocked, id=13928, stack(0x000000f31bf00000,0x000000f31c000000) (1024K)]
  0x000002d0022ea2f0 JavaThread "Compiler Class File Writer" daemon [_thread_blocked, id=13008, stack(0x000000f31c000000,0x000000f31c100000) (1024K)]
  0x000002d0022eb010 JavaThread "Compiler Class File Writer" daemon [_thread_blocked, id=6928, stack(0x000000f31c100000,0x000000f31c200000) (1024K)]
  0x000002d0022e9c60 JavaThread "Compiler Class File Writer" daemon [_thread_blocked, id=23512, stack(0x000000f31c200000,0x000000f31c300000) (1024K)]
  0x000002d0022ebd30 JavaThread "Compiler Class File Writer" daemon [_thread_blocked, id=7816, stack(0x000000f31c300000,0x000000f31c400000) (1024K)]
  0x000002d0022eb6a0 JavaThread "Compiler Class File Writer" daemon [_thread_blocked, id=8624, stack(0x000000f31c400000,0x000000f31c500000) (1024K)]
  0x000002d0022ec3c0 JavaThread "Compiler Class File Writer" daemon [_thread_blocked, id=12756, stack(0x000000f31c500000,0x000000f31c600000) (1024K)]
  0x000002d0022e95d0 JavaThread "Compiler Class File Writer" daemon [_thread_blocked, id=11844, stack(0x000000f31c600000,0x000000f31c700000) (1024K)]
  0x000002d0022ed770 JavaThread "Compiler Class File Writer" daemon [_thread_blocked, id=9928, stack(0x000000f31c700000,0x000000f31c800000) (1024K)]
  0x000002d0022ed0e0 JavaThread "Compiler Class File Writer" daemon [_thread_blocked, id=4012, stack(0x000000f31c800000,0x000000f31c900000) (1024K)]
  0x000002d0022ea980 JavaThread "Compiler Class File Writer" daemon [_thread_blocked, id=16412, stack(0x000000f31c900000,0x000000f31ca00000) (1024K)]
  0x000002d0022efed0 JavaThread "Compiler Class File Writer" daemon [_thread_blocked, id=24348, stack(0x000000f31ca00000,0x000000f31cb00000) (1024K)]
  0x000002d0022eca50 JavaThread "Compiler Class File Writer" daemon [_thread_blocked, id=12440, stack(0x000000f31cb00000,0x000000f31cc00000) (1024K)]
  0x000002d0022f0bf0 JavaThread "ForkJoinPool.commonPool-worker-15" daemon [_thread_blocked, id=2228, stack(0x000000f31cc00000,0x000000f31cd00000) (1024K)]
  0x000002d0022ede00 JavaThread "Cleaner-0"                  daemon [_thread_blocked, id=2732, stack(0x000000f319c00000,0x000000f319d00000) (1024K)]
  0x000002d07bc62ac0 JavaThread "HttpClient-1-SelectorManager" daemon [_thread_in_native, id=22652, stack(0x000000f315a00000,0x000000f315b00000) (1024K)]
  0x000002d07bc5fcd0 JavaThread "HttpClient-1-Worker-0"      daemon [_thread_blocked, id=1212, stack(0x000000f317200000,0x000000f317300000) (1024K)]
  0x000002d07bc5f640 JavaThread "HttpClient-1-Worker-1"      daemon [_thread_blocked, id=5184, stack(0x000000f315400000,0x000000f315500000) (1024K)]
Total: 109

Other Threads:
  0x000002d01bb34970 VMThread "VM Thread"                           [id=21296, stack(0x000000f314b00000,0x000000f314c00000) (1024K)]
  0x000002d01ba2ba00 WatcherThread "VM Periodic Task Thread"        [id=9580, stack(0x000000f314a00000,0x000000f314b00000) (1024K)]
  0x000002d01bbbf170 WorkerThread "GC Thread#0"                     [id=19664, stack(0x000000f314900000,0x000000f314a00000) (1024K)]
  0x000002d0762f3a10 WorkerThread "GC Thread#1"                     [id=12412, stack(0x000000f315b00000,0x000000f315c00000) (1024K)]
  0x000002d07b045970 WorkerThread "GC Thread#2"                     [id=20376, stack(0x000000f315c00000,0x000000f315d00000) (1024K)]
  0x000002d07b013240 WorkerThread "GC Thread#3"                     [id=13816, stack(0x000000f315d00000,0x000000f315e00000) (1024K)]
  0x000002d07b0135e0 WorkerThread "GC Thread#4"                     [id=13548, stack(0x000000f315e00000,0x000000f315f00000) (1024K)]
  0x000002d07b077620 WorkerThread "GC Thread#5"                     [id=20044, stack(0x000000f315f00000,0x000000f316000000) (1024K)]
  0x000002d07b0779c0 WorkerThread "GC Thread#6"                     [id=18160, stack(0x000000f316000000,0x000000f316100000) (1024K)]
  0x000002d0767fa650 WorkerThread "GC Thread#7"                     [id=21216, stack(0x000000f316300000,0x000000f316400000) (1024K)]
  0x000002d0767f9090 WorkerThread "GC Thread#8"                     [id=9620, stack(0x000000f316700000,0x000000f316800000) (1024K)]
  0x000002d0767fa9f0 WorkerThread "GC Thread#9"                     [id=20500, stack(0x000000f316800000,0x000000f316900000) (1024K)]
  0x000002d0767fa2b0 WorkerThread "GC Thread#10"                    [id=3944, stack(0x000000f316900000,0x000000f316a00000) (1024K)]
  0x000002d0767f9b70 WorkerThread "GC Thread#11"                    [id=14948, stack(0x000000f316100000,0x000000f316200000) (1024K)]
  0x000002d0767f97d0 WorkerThread "GC Thread#12"                    [id=9212, stack(0x000000f316d00000,0x000000f316e00000) (1024K)]
Total: 15

Threads with active compile tasks:
Total: 0

VM state: not at safepoint (normal execution)

VM Mutex/Monitor currently owned by a thread: None

Heap address: 0x0000000080000000, size: 2048 MB, Compressed Oops mode: 32-bit

CDS archive(s) mapped at: [0x000002d033000000-0x000002d033ba0000-0x000002d033ba0000), size 12189696, SharedBaseAddress: 0x000002d033000000, ArchiveRelocationMode: 1.
Compressed class space mapped at: 0x000002d034000000-0x000002d074000000, reserved size: 1073741824
Narrow klass base: 0x000002d033000000, Narrow klass shift: 0, Narrow klass range: 0x100000000

GC Precious Log:
 CardTable entry size: 512
 CPUs: 16 total, 16 available
 Memory: 16051M
 Large Page Support: Disabled
 NUMA Support: Disabled
 Compressed Oops: Enabled (32-bit)
 Alignments: Space 512K, Generation 512K, Heap 2M
 Heap Min Capacity: 100M
 Heap Initial Capacity: 100M
 Heap Max Capacity: 2G
 Pre-touch: Disabled
 Parallel Workers: 13

Heap:
 PSYoungGen      total 7168K, used 5051K [0x00000000d5580000, 0x00000000d6100000, 0x0000000100000000)
  eden space 6144K, 67% used [0x00000000d5580000,0x00000000d598efe0,0x00000000d5b80000)
  from space 1024K, 87% used [0x00000000d5f00000,0x00000000d5fe0000,0x00000000d6000000)
  to   space 1024K, 0% used [0x00000000d6000000,0x00000000d6000000,0x00000000d6100000)
 ParOldGen       total 531968K, used 139097K [0x0000000080000000, 0x00000000a0780000, 0x00000000d5580000)
  object space 531968K, 26% used [0x0000000080000000,0x00000000887d6488,0x00000000a0780000)
 Metaspace       used 89671K, committed 91584K, reserved 1179648K
  class space    used 10097K, committed 10944K, reserved 1048576K

Card table byte_map: [0x000002d01b540000,0x000002d01b950000] _byte_map_base: 0x000002d01b140000

Marking Bits: (ParMarkBitMap*) 0x00007ffe708a2460
 Begin Bits: [0x000002d02e050000, 0x000002d030050000)
 End Bits:   [0x000002d030050000, 0x000002d032050000)

Polling page: 0x000002d019a10000

Metaspace:

Usage:
  Non-class:     77.71 MB used.
      Class:      9.86 MB used.
       Both:     87.57 MB used.

Virtual space:
  Non-class space:      128.00 MB reserved,      78.75 MB ( 62%) committed,  2 nodes.
      Class space:        1.00 GB reserved,      10.69 MB (  1%) committed,  1 nodes.
             Both:        1.12 GB reserved,      89.44 MB (  8%) committed. 

Chunk freelists:
   Non-Class:  544.00 KB
       Class:  5.18 MB
        Both:  5.72 MB

MaxMetaspaceSize: unlimited
CompressedClassSpaceSize: 1.00 GB
Initial GC threshold: 21.00 MB
Current GC threshold: 136.50 MB
CDS: on
 - commit_granule_bytes: 65536.
 - commit_granule_words: 8192.
 - virtual_space_node_default_size: 8388608.
 - enlarge_chunks_in_place: 1.
 - use_allocation_guard: 0.


Internal statistics:

num_allocs_failed_limit: 11.
num_arena_births: 1678.
num_arena_deaths: 66.
num_vsnodes_births: 3.
num_vsnodes_deaths: 0.
num_space_committed: 1431.
num_space_uncommitted: 0.
num_chunks_returned_to_freelist: 103.
num_chunks_taken_from_freelist: 6049.
num_chunk_merges: 42.
num_chunk_splits: 3619.
num_chunks_enlarged: 1951.
num_inconsistent_stats: 0.

CodeHeap 'non-profiled nmethods': size=119168Kb used=12961Kb max_used=12961Kb free=106207Kb
 bounds [0x000002d026940000, 0x000002d0275f0000, 0x000002d02dda0000]
CodeHeap 'profiled nmethods': size=119104Kb used=37371Kb max_used=37371Kb free=81732Kb
 bounds [0x000002d01eda0000, 0x000002d021230000, 0x000002d0261f0000]
CodeHeap 'non-nmethods': size=7488Kb used=1517Kb max_used=3274Kb free=5970Kb
 bounds [0x000002d0261f0000, 0x000002d026530000, 0x000002d026940000]
CodeCache: size=245760Kb, used=51849Kb, max_used=53606Kb, free=193909Kb
 total_blobs=16904, nmethods=16069, adapters=738, full_count=0
Compilation: enabled, stopped_count=0, restarted_count=0

Compilation events (20 events):
Event: 46.454 Thread 0x000002d0749378a0 nmethod 17509 0x000002d02120d510 code [0x000002d02120e700, 0x000002d02121a610]
Event: 46.454 Thread 0x000002d0749378a0 17511       3       org.eclipse.jdt.internal.core.JavaElement::getSourceMapper (8 bytes)
Event: 46.454 Thread 0x000002d0749378a0 nmethod 17511 0x000002d02121e010 code [0x000002d02121e1c0, 0x000002d02121e430]
Event: 46.454 Thread 0x000002d0749378a0 17507       3       org.eclipse.jdt.internal.core.JavaElement::toStringWithAncestors (6 bytes)
Event: 46.454 Thread 0x000002d0749378a0 nmethod 17507 0x000002d02121e510 code [0x000002d02121e6c0, 0x000002d02121e888]
Event: 46.454 Thread 0x000002d0749378a0 17514       1       org.eclipse.jdt.internal.core.AbstractClassFile::hasBuffer (2 bytes)
Event: 46.454 Thread 0x000002d0749378a0 nmethod 17514 0x000002d0275e6110 code [0x000002d0275e62a0, 0x000002d0275e6368]
Event: 46.458 Thread 0x000002d01bc5e270 nmethod 17510 0x000002d0275e6410 code [0x000002d0275e66c0, 0x000002d0275e7468]
Event: 46.479 Thread 0x000002d01bc5e270 17515       4       com.google.gson.internal.bind.ReflectiveTypeAdapterFactory$FieldReflectionAdapter::readField (7 bytes)
Event: 46.479 Thread 0x000002d0749378a0 17516       3       com.google.gson.internal.bind.ReflectiveTypeAdapterFactory$2::readIntoField (93 bytes)
Event: 46.480 Thread 0x000002d01bc5e270 nmethod 17515 0x000002d0275e7c10 code [0x000002d0275e7da0, 0x000002d0275e7e80]
Event: 46.480 Thread 0x000002d0749378a0 nmethod 17516 0x000002d02121e990 code [0x000002d02121eca0, 0x000002d02121fa00]
Event: 46.482 Thread 0x000002d0749378a0 17517       3       org.eclipse.jdt.core.dom.ASTVisitor::endVisit (1 bytes)
Event: 46.482 Thread 0x000002d0749378a0 nmethod 17517 0x000002d01f335b90 code [0x000002d01f335d20, 0x000002d01f335e28]
Event: 46.483 Thread 0x000002d0749378a0 17518       3       org.eclipse.jdt.core.JavaModelException::<init> (6 bytes)
Event: 46.483 Thread 0x000002d0749378a0 nmethod 17518 0x000002d02121ff10 code [0x000002d0212200e0, 0x000002d0212203e8]
Event: 69.243 Thread 0x000002d0749378a0 17519       3       java.util.TaskQueue::getMin (7 bytes)
Event: 69.244 Thread 0x000002d0749378a0 nmethod 17519 0x000002d021220590 code [0x000002d021220740, 0x000002d021220878]
Event: 73.207 Thread 0x000002d01bc5e270 17520       4       java.util.concurrent.locks.ReentrantLock::lock (8 bytes)
Event: 73.209 Thread 0x000002d01bc5e270 nmethod 17520 0x000002d0275e7f90 code [0x000002d0275e8140, 0x000002d0275e82b0]

GC Heap History (20 events):
Event: 29.800 GC heap before
{Heap before GC invocations=404 (full 4):
 PSYoungGen      total 7168K, used 7144K [0x00000000d5580000, 0x00000000d6480000, 0x0000000100000000)
  eden space 6144K, 100% used [0x00000000d5580000,0x00000000d5b80000,0x00000000d5b80000)
  from space 1024K, 97% used [0x00000000d5f00000,0x00000000d5ffa148,0x00000000d6000000)
  to   space 4608K, 0% used [0x00000000d6000000,0x00000000d6000000,0x00000000d6480000)
 ParOldGen       total 531968K, used 128884K [0x0000000080000000, 0x00000000a0780000, 0x00000000d5580000)
  object space 531968K, 24% used [0x0000000080000000,0x0000000087ddd300,0x00000000a0780000)
 Metaspace       used 86081K, committed 87872K, reserved 1179648K
  class space    used 9655K, committed 10496K, reserved 1048576K
}
Event: 29.803 GC heap after
{Heap after GC invocations=404 (full 4):
 PSYoungGen      total 7168K, used 532K [0x00000000d5580000, 0x00000000d6100000, 0x0000000100000000)
  eden space 6144K, 0% used [0x00000000d5580000,0x00000000d5580000,0x00000000d5b80000)
  from space 1024K, 52% used [0x00000000d6000000,0x00000000d6085200,0x00000000d6100000)
  to   space 2048K, 0% used [0x00000000d5d00000,0x00000000d5d00000,0x00000000d5f00000)
 ParOldGen       total 531968K, used 129004K [0x0000000080000000, 0x00000000a0780000, 0x00000000d5580000)
  object space 531968K, 24% used [0x0000000080000000,0x0000000087dfb300,0x00000000a0780000)
 Metaspace       used 86081K, committed 87872K, reserved 1179648K
  class space    used 9655K, committed 10496K, reserved 1048576K
}
Event: 29.816 GC heap before
{Heap before GC invocations=405 (full 4):
 PSYoungGen      total 7168K, used 6676K [0x00000000d5580000, 0x00000000d6100000, 0x0000000100000000)
  eden space 6144K, 100% used [0x00000000d5580000,0x00000000d5b80000,0x00000000d5b80000)
  from space 1024K, 52% used [0x00000000d6000000,0x00000000d6085200,0x00000000d6100000)
  to   space 2048K, 0% used [0x00000000d5d00000,0x00000000d5d00000,0x00000000d5f00000)
 ParOldGen       total 531968K, used 129004K [0x0000000080000000, 0x00000000a0780000, 0x00000000d5580000)
  object space 531968K, 24% used [0x0000000080000000,0x0000000087dfb300,0x00000000a0780000)
 Metaspace       used 86185K, committed 88000K, reserved 1179648K
  class space    used 9665K, committed 10496K, reserved 1048576K
}
Event: 29.818 GC heap after
{Heap after GC invocations=405 (full 4):
 PSYoungGen      total 8192K, used 768K [0x00000000d5580000, 0x00000000d6080000, 0x0000000100000000)
  eden space 6144K, 0% used [0x00000000d5580000,0x00000000d5580000,0x00000000d5b80000)
  from space 2048K, 37% used [0x00000000d5d00000,0x00000000d5dc0000,0x00000000d5f00000)
  to   space 1024K, 0% used [0x00000000d5f80000,0x00000000d5f80000,0x00000000d6080000)
 ParOldGen       total 531968K, used 129369K [0x0000000080000000, 0x00000000a0780000, 0x00000000d5580000)
  object space 531968K, 24% used [0x0000000080000000,0x0000000087e56658,0x00000000a0780000)
 Metaspace       used 86185K, committed 88000K, reserved 1179648K
  class space    used 9665K, committed 10496K, reserved 1048576K
}
Event: 29.830 GC heap before
{Heap before GC invocations=406 (full 4):
 PSYoungGen      total 8192K, used 6455K [0x00000000d5580000, 0x00000000d6080000, 0x0000000100000000)
  eden space 6144K, 92% used [0x00000000d5580000,0x00000000d5b0dc30,0x00000000d5b80000)
  from space 2048K, 37% used [0x00000000d5d00000,0x00000000d5dc0000,0x00000000d5f00000)
  to   space 1024K, 0% used [0x00000000d5f80000,0x00000000d5f80000,0x00000000d6080000)
 ParOldGen       total 531968K, used 129369K [0x0000000080000000, 0x00000000a0780000, 0x00000000d5580000)
  object space 531968K, 24% used [0x0000000080000000,0x0000000087e56658,0x00000000a0780000)
 Metaspace       used 86380K, committed 88128K, reserved 1179648K
  class space    used 9700K, committed 10496K, reserved 1048576K
}
Event: 29.832 GC heap after
{Heap after GC invocations=406 (full 4):
 PSYoungGen      total 7168K, used 1015K [0x00000000d5580000, 0x00000000d6280000, 0x0000000100000000)
  eden space 6144K, 0% used [0x00000000d5580000,0x00000000d5580000,0x00000000d5b80000)
  from space 1024K, 99% used [0x00000000d5f80000,0x00000000d607de48,0x00000000d6080000)
  to   space 3584K, 0% used [0x00000000d5b80000,0x00000000d5b80000,0x00000000d5f00000)
 ParOldGen       total 531968K, used 131201K [0x0000000080000000, 0x00000000a0780000, 0x00000000d5580000)
  object space 531968K, 24% used [0x0000000080000000,0x0000000088020460,0x00000000a0780000)
 Metaspace       used 86380K, committed 88128K, reserved 1179648K
  class space    used 9700K, committed 10496K, reserved 1048576K
}
Event: 29.849 GC heap before
{Heap before GC invocations=407 (full 4):
 PSYoungGen      total 7168K, used 7159K [0x00000000d5580000, 0x00000000d6280000, 0x0000000100000000)
  eden space 6144K, 100% used [0x00000000d5580000,0x00000000d5b80000,0x00000000d5b80000)
  from space 1024K, 99% used [0x00000000d5f80000,0x00000000d607de48,0x00000000d6080000)
  to   space 3584K, 0% used [0x00000000d5b80000,0x00000000d5b80000,0x00000000d5f00000)
 ParOldGen       total 531968K, used 131201K [0x0000000080000000, 0x00000000a0780000, 0x00000000d5580000)
  object space 531968K, 24% used [0x0000000080000000,0x0000000088020460,0x00000000a0780000)
 Metaspace       used 86531K, committed 88320K, reserved 1179648K
  class space    used 9728K, committed 10560K, reserved 1048576K
}
Event: 29.851 GC heap after
{Heap after GC invocations=407 (full 4):
 PSYoungGen      total 9728K, used 3572K [0x00000000d5580000, 0x00000000d6780000, 0x0000000100000000)
  eden space 6144K, 0% used [0x00000000d5580000,0x00000000d5580000,0x00000000d5b80000)
  from space 3584K, 99% used [0x00000000d5b80000,0x00000000d5efd2b8,0x00000000d5f00000)
  to   space 6144K, 0% used [0x00000000d6180000,0x00000000d6180000,0x00000000d6780000)
 ParOldGen       total 531968K, used 132931K [0x0000000080000000, 0x00000000a0780000, 0x00000000d5580000)
  object space 531968K, 24% used [0x0000000080000000,0x00000000881d0f10,0x00000000a0780000)
 Metaspace       used 86531K, committed 88320K, reserved 1179648K
  class space    used 9728K, committed 10560K, reserved 1048576K
}
Event: 29.880 GC heap before
{Heap before GC invocations=408 (full 4):
 PSYoungGen      total 9728K, used 9716K [0x00000000d5580000, 0x00000000d6780000, 0x0000000100000000)
  eden space 6144K, 100% used [0x00000000d5580000,0x00000000d5b80000,0x00000000d5b80000)
  from space 3584K, 99% used [0x00000000d5b80000,0x00000000d5efd2b8,0x00000000d5f00000)
  to   space 6144K, 0% used [0x00000000d6180000,0x00000000d6180000,0x00000000d6780000)
 ParOldGen       total 531968K, used 132931K [0x0000000080000000, 0x00000000a0780000, 0x00000000d5580000)
  object space 531968K, 24% used [0x0000000080000000,0x00000000881d0f10,0x00000000a0780000)
 Metaspace       used 86783K, committed 88576K, reserved 1179648K
  class space    used 9770K, committed 10560K, reserved 1048576K
}
Event: 29.881 GC heap after
{Heap after GC invocations=408 (full 4):
 PSYoungGen      total 7680K, used 1412K [0x00000000d5580000, 0x00000000d6300000, 0x0000000100000000)
  eden space 6144K, 0% used [0x00000000d5580000,0x00000000d5580000,0x00000000d5b80000)
  from space 1536K, 91% used [0x00000000d6180000,0x00000000d62e11f8,0x00000000d6300000)
  to   space 3072K, 0% used [0x00000000d5d00000,0x00000000d5d00000,0x00000000d6000000)
 ParOldGen       total 531968K, used 136525K [0x0000000080000000, 0x00000000a0780000, 0x00000000d5580000)
  object space 531968K, 25% used [0x0000000080000000,0x0000000088553770,0x00000000a0780000)
 Metaspace       used 86783K, committed 88576K, reserved 1179648K
  class space    used 9770K, committed 10560K, reserved 1048576K
}
Event: 29.959 GC heap before
{Heap before GC invocations=409 (full 4):
 PSYoungGen      total 7680K, used 7539K [0x00000000d5580000, 0x00000000d6300000, 0x0000000100000000)
  eden space 6144K, 99% used [0x00000000d5580000,0x00000000d5b7ba18,0x00000000d5b80000)
  from space 1536K, 91% used [0x00000000d6180000,0x00000000d62e11f8,0x00000000d6300000)
  to   space 3072K, 0% used [0x00000000d5d00000,0x00000000d5d00000,0x00000000d6000000)
 ParOldGen       total 531968K, used 136525K [0x0000000080000000, 0x00000000a0780000, 0x00000000d5580000)
  object space 531968K, 25% used [0x0000000080000000,0x0000000088553770,0x00000000a0780000)
 Metaspace       used 87543K, committed 89408K, reserved 1179648K
  class space    used 9844K, committed 10688K, reserved 1048576K
}
Event: 29.961 GC heap after
{Heap after GC invocations=409 (full 4):
 PSYoungGen      total 9216K, used 505K [0x00000000d5580000, 0x00000000d6200000, 0x0000000100000000)
  eden space 6144K, 0% used [0x00000000d5580000,0x00000000d5580000,0x00000000d5b80000)
  from space 3072K, 16% used [0x00000000d5d00000,0x00000000d5d7e5d8,0x00000000d6000000)
  to   space 1536K, 0% used [0x00000000d6080000,0x00000000d6080000,0x00000000d6200000)
 ParOldGen       total 531968K, used 137626K [0x0000000080000000, 0x00000000a0780000, 0x00000000d5580000)
  object space 531968K, 25% used [0x0000000080000000,0x0000000088666b60,0x00000000a0780000)
 Metaspace       used 87543K, committed 89408K, reserved 1179648K
  class space    used 9844K, committed 10688K, reserved 1048576K
}
Event: 30.027 GC heap before
{Heap before GC invocations=410 (full 4):
 PSYoungGen      total 9216K, used 6649K [0x00000000d5580000, 0x00000000d6200000, 0x0000000100000000)
  eden space 6144K, 100% used [0x00000000d5580000,0x00000000d5b80000,0x00000000d5b80000)
  from space 3072K, 16% used [0x00000000d5d00000,0x00000000d5d7e5d8,0x00000000d6000000)
  to   space 1536K, 0% used [0x00000000d6080000,0x00000000d6080000,0x00000000d6200000)
 ParOldGen       total 531968K, used 137626K [0x0000000080000000, 0x00000000a0780000, 0x00000000d5580000)
  object space 531968K, 25% used [0x0000000080000000,0x0000000088666b60,0x00000000a0780000)
 Metaspace       used 88037K, committed 89920K, reserved 1179648K
  class space    used 9909K, committed 10752K, reserved 1048576K
}
Event: 30.028 GC heap after
{Heap after GC invocations=410 (full 4):
 PSYoungGen      total 7168K, used 820K [0x00000000d5580000, 0x00000000d6180000, 0x0000000100000000)
  eden space 6144K, 0% used [0x00000000d5580000,0x00000000d5580000,0x00000000d5b80000)
  from space 1024K, 80% used [0x00000000d6080000,0x00000000d614d200,0x00000000d6180000)
  to   space 1024K, 0% used [0x00000000d5f80000,0x00000000d5f80000,0x00000000d6080000)
 ParOldGen       total 531968K, used 137918K [0x0000000080000000, 0x00000000a0780000, 0x00000000d5580000)
  object space 531968K, 25% used [0x0000000080000000,0x00000000886afb88,0x00000000a0780000)
 Metaspace       used 88037K, committed 89920K, reserved 1179648K
  class space    used 9909K, committed 10752K, reserved 1048576K
}
Event: 30.321 GC heap before
{Heap before GC invocations=411 (full 4):
 PSYoungGen      total 7168K, used 6964K [0x00000000d5580000, 0x00000000d6180000, 0x0000000100000000)
  eden space 6144K, 100% used [0x00000000d5580000,0x00000000d5b80000,0x00000000d5b80000)
  from space 1024K, 80% used [0x00000000d6080000,0x00000000d614d200,0x00000000d6180000)
  to   space 1024K, 0% used [0x00000000d5f80000,0x00000000d5f80000,0x00000000d6080000)
 ParOldGen       total 531968K, used 137918K [0x0000000080000000, 0x00000000a0780000, 0x00000000d5580000)
  object space 531968K, 25% used [0x0000000080000000,0x00000000886afb88,0x00000000a0780000)
 Metaspace       used 88653K, committed 90624K, reserved 1179648K
  class space    used 9981K, committed 10880K, reserved 1048576K
}
Event: 30.323 GC heap after
{Heap after GC invocations=411 (full 4):
 PSYoungGen      total 7168K, used 672K [0x00000000d5580000, 0x00000000d6100000, 0x0000000100000000)
  eden space 6144K, 0% used [0x00000000d5580000,0x00000000d5580000,0x00000000d5b80000)
  from space 1024K, 65% used [0x00000000d5f80000,0x00000000d6028000,0x00000000d6080000)
  to   space 512K, 0% used [0x00000000d6080000,0x00000000d6080000,0x00000000d6100000)
 ParOldGen       total 531968K, used 138537K [0x0000000080000000, 0x00000000a0780000, 0x00000000d5580000)
  object space 531968K, 26% used [0x0000000080000000,0x000000008874a478,0x00000000a0780000)
 Metaspace       used 88653K, committed 90624K, reserved 1179648K
  class space    used 9981K, committed 10880K, reserved 1048576K
}
Event: 30.357 GC heap before
{Heap before GC invocations=412 (full 4):
 PSYoungGen      total 7168K, used 6816K [0x00000000d5580000, 0x00000000d6100000, 0x0000000100000000)
  eden space 6144K, 100% used [0x00000000d5580000,0x00000000d5b80000,0x00000000d5b80000)
  from space 1024K, 65% used [0x00000000d5f80000,0x00000000d6028000,0x00000000d6080000)
  to   space 512K, 0% used [0x00000000d6080000,0x00000000d6080000,0x00000000d6100000)
 ParOldGen       total 531968K, used 138537K [0x0000000080000000, 0x00000000a0780000, 0x00000000d5580000)
  object space 531968K, 26% used [0x0000000080000000,0x000000008874a478,0x00000000a0780000)
 Metaspace       used 89028K, committed 90880K, reserved 1179648K
  class space    used 10032K, committed 10880K, reserved 1048576K
}
Event: 30.359 GC heap after
{Heap after GC invocations=412 (full 4):
 PSYoungGen      total 6656K, used 416K [0x00000000d5580000, 0x00000000d6100000, 0x0000000100000000)
  eden space 6144K, 0% used [0x00000000d5580000,0x00000000d5580000,0x00000000d5b80000)
  from space 512K, 81% used [0x00000000d6080000,0x00000000d60e8000,0x00000000d6100000)
  to   space 1024K, 0% used [0x00000000d5f00000,0x00000000d5f00000,0x00000000d6000000)
 ParOldGen       total 531968K, used 138953K [0x0000000080000000, 0x00000000a0780000, 0x00000000d5580000)
  object space 531968K, 26% used [0x0000000080000000,0x00000000887b2488,0x00000000a0780000)
 Metaspace       used 89028K, committed 90880K, reserved 1179648K
  class space    used 10032K, committed 10880K, reserved 1048576K
}
Event: 32.575 GC heap before
{Heap before GC invocations=413 (full 4):
 PSYoungGen      total 6656K, used 6560K [0x00000000d5580000, 0x00000000d6100000, 0x0000000100000000)
  eden space 6144K, 100% used [0x00000000d5580000,0x00000000d5b80000,0x00000000d5b80000)
  from space 512K, 81% used [0x00000000d6080000,0x00000000d60e8000,0x00000000d6100000)
  to   space 1024K, 0% used [0x00000000d5f00000,0x00000000d5f00000,0x00000000d6000000)
 ParOldGen       total 531968K, used 138953K [0x0000000080000000, 0x00000000a0780000, 0x00000000d5580000)
  object space 531968K, 26% used [0x0000000080000000,0x00000000887b2488,0x00000000a0780000)
 Metaspace       used 89593K, committed 91456K, reserved 1179648K
  class space    used 10094K, committed 10880K, reserved 1048576K
}
Event: 32.578 GC heap after
{Heap after GC invocations=413 (full 4):
 PSYoungGen      total 7168K, used 896K [0x00000000d5580000, 0x00000000d6100000, 0x0000000100000000)
  eden space 6144K, 0% used [0x00000000d5580000,0x00000000d5580000,0x00000000d5b80000)
  from space 1024K, 87% used [0x00000000d5f00000,0x00000000d5fe0000,0x00000000d6000000)
  to   space 1024K, 0% used [0x00000000d6000000,0x00000000d6000000,0x00000000d6100000)
 ParOldGen       total 531968K, used 139097K [0x0000000080000000, 0x00000000a0780000, 0x00000000d5580000)
  object space 531968K, 26% used [0x0000000080000000,0x00000000887d6488,0x00000000a0780000)
 Metaspace       used 89593K, committed 91456K, reserved 1179648K
  class space    used 10094K, committed 10880K, reserved 1048576K
}

Dll operation events (15 events):
Event: 0.012 Loaded shared library c:\Users\alpit\.antigravity\extensions\redhat.java-1.52.0-win32-x64\jre\21.0.9-win32-x86_64\bin\java.dll
Event: 0.075 Loaded shared library c:\Users\alpit\.antigravity\extensions\redhat.java-1.52.0-win32-x64\jre\21.0.9-win32-x86_64\bin\zip.dll
Event: 0.092 Loaded shared library C:\Users\alpit\.antigravity\extensions\redhat.java-1.52.0-win32-x64\jre\21.0.9-win32-x86_64\bin\instrument.dll
Event: 0.095 Loaded shared library C:\Users\alpit\.antigravity\extensions\redhat.java-1.52.0-win32-x64\jre\21.0.9-win32-x86_64\bin\net.dll
Event: 0.097 Loaded shared library C:\Users\alpit\.antigravity\extensions\redhat.java-1.52.0-win32-x64\jre\21.0.9-win32-x86_64\bin\nio.dll
Event: 0.099 Loaded shared library C:\Users\alpit\.antigravity\extensions\redhat.java-1.52.0-win32-x64\jre\21.0.9-win32-x86_64\bin\zip.dll
Event: 0.110 Loaded shared library C:\Users\alpit\.antigravity\extensions\redhat.java-1.52.0-win32-x64\jre\21.0.9-win32-x86_64\bin\jimage.dll
Event: 0.164 Loaded shared library c:\Users\alpit\.antigravity\extensions\redhat.java-1.52.0-win32-x64\jre\21.0.9-win32-x86_64\bin\verify.dll
Event: 0.941 Loaded shared library C:\Users\alpit\AppData\Roaming\Antigravity\User\globalStorage\redhat.java\1.52.0\config_win\org.eclipse.equinox.launcher\org.eclipse.equinox.launcher.win32.win32.x86_64_1.2.1500.v20260121-1430\eclipse_11919.dll
Event: 1.935 Loaded shared library C:\Users\alpit\AppData\Local\Temp\jna-92909968\jna16185410137310737320.dll
Event: 6.113 Loaded shared library C:\Users\alpit\.gradle\native\1def1411415f61bf3af743bc5b6707747c0891f09f0c88961ee8f79bc544acac\windows-amd64\native-platform.dll
Event: 6.916 Loaded shared library C:\Users\alpit\.antigravity\extensions\redhat.java-1.52.0-win32-x64\jre\21.0.9-win32-x86_64\bin\management.dll
Event: 6.918 Loaded shared library C:\Users\alpit\.antigravity\extensions\redhat.java-1.52.0-win32-x64\jre\21.0.9-win32-x86_64\bin\management_ext.dll
Event: 29.032 Loaded shared library C:\Users\alpit\.antigravity\extensions\redhat.java-1.52.0-win32-x64\jre\21.0.9-win32-x86_64\bin\sunmscapi.dll
Event: 29.188 Loaded shared library C:\Users\alpit\.antigravity\extensions\redhat.java-1.52.0-win32-x64\jre\21.0.9-win32-x86_64\bin\extnet.dll

Deoptimization events (20 events):
Event: 30.890 Thread 0x000002d07b0679c0 DEOPT PACKING pc=0x000002d026f24210 sp=0x000000f3162fe670
Event: 30.890 Thread 0x000002d07b0679c0 DEOPT UNPACKING pc=0x000002d026243aa2 sp=0x000000f3162fe610 mode 2
Event: 45.598 Thread 0x000002d07b728990 DEOPT PACKING pc=0x000002d01fbfddcd sp=0x000000f319bfe460
Event: 45.598 Thread 0x000002d07b728990 DEOPT UNPACKING pc=0x000002d026244242 sp=0x000000f319bfd8c0 mode 0
Event: 45.631 Thread 0x000002d07b728990 Uncommon trap: trap_request=0xffffffbe fr.pc=0x000002d0275e39b4 relative=0x0000000000000294
Event: 45.631 Thread 0x000002d07b728990 Uncommon trap: reason=profile_predicate action=maybe_recompile pc=0x000002d0275e39b4 method=sun.security.provider.HashDrbg.addBytes([BI[[B)V @ 36 c2
Event: 45.632 Thread 0x000002d07b728990 DEOPT PACKING pc=0x000002d0275e39b4 sp=0x000000f319bfe470
Event: 45.632 Thread 0x000002d07b728990 DEOPT UNPACKING pc=0x000002d026243aa2 sp=0x000000f319bfe3c0 mode 2
Event: 46.074 Thread 0x000002d07b728990 Uncommon trap: trap_request=0xffffffbe fr.pc=0x000002d0275e39b4 relative=0x0000000000000294
Event: 46.074 Thread 0x000002d07b728990 Uncommon trap: reason=profile_predicate action=maybe_recompile pc=0x000002d0275e39b4 method=sun.security.provider.HashDrbg.addBytes([BI[[B)V @ 36 c2
Event: 46.074 Thread 0x000002d07b728990 DEOPT PACKING pc=0x000002d0275e39b4 sp=0x000000f319bfe470
Event: 46.074 Thread 0x000002d07b728990 DEOPT UNPACKING pc=0x000002d026243aa2 sp=0x000000f319bfe3c0 mode 2
Event: 46.393 Thread 0x000002d07b728990 Uncommon trap: trap_request=0xffffffbe fr.pc=0x000002d0275e39b4 relative=0x0000000000000294
Event: 46.393 Thread 0x000002d07b728990 Uncommon trap: reason=profile_predicate action=maybe_recompile pc=0x000002d0275e39b4 method=sun.security.provider.HashDrbg.addBytes([BI[[B)V @ 36 c2
Event: 46.393 Thread 0x000002d07b728990 DEOPT PACKING pc=0x000002d0275e39b4 sp=0x000000f319bfe470
Event: 46.393 Thread 0x000002d07b728990 DEOPT UNPACKING pc=0x000002d026243aa2 sp=0x000000f319bfe3c0 mode 2
Event: 46.437 Thread 0x000002d07b728990 Uncommon trap: trap_request=0xffffffbe fr.pc=0x000002d0275e39b4 relative=0x0000000000000294
Event: 46.437 Thread 0x000002d07b728990 Uncommon trap: reason=profile_predicate action=maybe_recompile pc=0x000002d0275e39b4 method=sun.security.provider.HashDrbg.addBytes([BI[[B)V @ 36 c2
Event: 46.437 Thread 0x000002d07b728990 DEOPT PACKING pc=0x000002d0275e39b4 sp=0x000000f319bfe470
Event: 46.437 Thread 0x000002d07b728990 DEOPT UNPACKING pc=0x000002d026243aa2 sp=0x000000f319bfe3c0 mode 2

Classes loaded (20 events):
Event: 30.890 Loading class sun/util/cldr/CLDRTimeZoneNameProviderImpl
Event: 30.890 Loading class sun/util/locale/provider/TimeZoneNameProviderImpl
Event: 30.890 Loading class sun/util/locale/provider/TimeZoneNameProviderImpl done
Event: 30.890 Loading class sun/util/cldr/CLDRTimeZoneNameProviderImpl done
Event: 30.891 Loading class sun/util/resources/cldr/TimeZoneNames
Event: 30.891 Loading class sun/util/resources/TimeZoneNamesBundle
Event: 30.892 Loading class sun/util/resources/OpenListResourceBundle
Event: 30.892 Loading class sun/util/resources/OpenListResourceBundle done
Event: 30.892 Loading class sun/util/resources/TimeZoneNamesBundle done
Event: 30.892 Loading class sun/util/resources/cldr/TimeZoneNames done
Event: 30.892 Loading class sun/util/resources/cldr/TimeZoneNames_en
Event: 30.893 Loading class sun/util/resources/cldr/TimeZoneNames_en done
Event: 30.894 Loading class sun/util/resources/cldr/TimeZoneNames_en_US
Event: 30.894 Loading class sun/util/resources/cldr/TimeZoneNames_en_US done
Event: 30.895 Loading class sun/util/cldr/CLDRBaseLocaleDataMetaInfo$TZCanonicalIDMapHolder
Event: 30.896 Loading class sun/util/cldr/CLDRBaseLocaleDataMetaInfo$TZCanonicalIDMapHolder done
Event: 30.897 Loading class sun/util/resources/TimeZoneNames
Event: 30.898 Loading class sun/util/resources/TimeZoneNames done
Event: 30.898 Loading class sun/util/resources/TimeZoneNames_en
Event: 30.898 Loading class sun/util/resources/TimeZoneNames_en done

Classes unloaded (20 events):
Event: 28.880 Thread 0x000002d01bb34970 Unloading class 0x000002d0348a1000 'java/lang/invoke/LambdaForm$MH+0x000002d0348a1000'
Event: 28.880 Thread 0x000002d01bb34970 Unloading class 0x000002d0348a0800 'java/lang/invoke/LambdaForm$MH+0x000002d0348a0800'
Event: 28.880 Thread 0x000002d01bb34970 Unloading class 0x000002d0348a0400 'java/lang/invoke/LambdaForm$MH+0x000002d0348a0400'
Event: 28.880 Thread 0x000002d01bb34970 Unloading class 0x000002d0348a0000 'java/lang/invoke/LambdaForm$MH+0x000002d0348a0000'
Event: 28.880 Thread 0x000002d01bb34970 Unloading class 0x000002d034890c00 'java/lang/invoke/LambdaForm$DMH+0x000002d034890c00'
Event: 28.880 Thread 0x000002d01bb34970 Unloading class 0x000002d034890800 'java/lang/invoke/LambdaForm$DMH+0x000002d034890800'
Event: 28.880 Thread 0x000002d01bb34970 Unloading class 0x000002d034890400 'java/lang/invoke/LambdaForm$DMH+0x000002d034890400'
Event: 28.880 Thread 0x000002d01bb34970 Unloading class 0x000002d0347ea000 'java/lang/invoke/LambdaForm$MH+0x000002d0347ea000'
Event: 28.880 Thread 0x000002d01bb34970 Unloading class 0x000002d0347e9800 'java/lang/invoke/LambdaForm$MH+0x000002d0347e9800'
Event: 28.880 Thread 0x000002d01bb34970 Unloading class 0x000002d0347e9400 'java/lang/invoke/LambdaForm$MH+0x000002d0347e9400'
Event: 28.880 Thread 0x000002d01bb34970 Unloading class 0x000002d0347e8800 'java/lang/invoke/LambdaForm$MH+0x000002d0347e8800'
Event: 28.880 Thread 0x000002d01bb34970 Unloading class 0x000002d0347e8000 'java/lang/invoke/LambdaForm$MH+0x000002d0347e8000'
Event: 28.880 Thread 0x000002d01bb34970 Unloading class 0x000002d0347d1800 'java/lang/invoke/LambdaForm$DMH+0x000002d0347d1800'
Event: 28.880 Thread 0x000002d01bb34970 Unloading class 0x000002d0347d1400 'java/lang/invoke/LambdaForm$DMH+0x000002d0347d1400'
Event: 28.880 Thread 0x000002d01bb34970 Unloading class 0x000002d0347d1000 'java/lang/invoke/LambdaForm$DMH+0x000002d0347d1000'
Event: 28.880 Thread 0x000002d01bb34970 Unloading class 0x000002d0347d0c00 'java/lang/invoke/LambdaForm$DMH+0x000002d0347d0c00'
Event: 28.880 Thread 0x000002d01bb34970 Unloading class 0x000002d0347d0800 'java/lang/invoke/LambdaForm$DMH+0x000002d0347d0800'
Event: 28.880 Thread 0x000002d01bb34970 Unloading class 0x000002d0347d0400 'java/lang/invoke/LambdaForm$DMH+0x000002d0347d0400'
Event: 28.880 Thread 0x000002d01bb34970 Unloading class 0x000002d0347d0000 'java/lang/invoke/LambdaForm$DMH+0x000002d0347d0000'
Event: 28.880 Thread 0x000002d01bb34970 Unloading class 0x000002d0347c8c00 'java/lang/invoke/LambdaForm$DMH+0x000002d0347c8c00'

Classes redefined (0 events):
No events

Internal exceptions (20 events):
Event: 17.112 Thread 0x000002d07bd79020 Exception <a 'sun/nio/fs/WindowsException'{0x00000000d56d4c40}> (0x00000000d56d4c40) 
thrown [s\src\hotspot\share\prims\jni.cpp, line 520]
Event: 17.789 Thread 0x000002d07b728990 Implicit null exception at 0x000002d02717ecfe to 0x000002d02717f6f0
Event: 18.905 Thread 0x000002d07bd79020 Exception <a 'sun/nio/fs/WindowsException'{0x00000000d5812d90}> (0x00000000d5812d90) 
thrown [s\src\hotspot\share\prims\jni.cpp, line 520]
Event: 19.055 Thread 0x000002d07bd79020 Exception <a 'sun/nio/fs/WindowsException'{0x00000000d55b7b40}> (0x00000000d55b7b40) 
thrown [s\src\hotspot\share\prims\jni.cpp, line 520]
Event: 24.157 Thread 0x000002d07c8d6ac0 Exception <a 'java/lang/IncompatibleClassChangeError'{0x00000000d559b610}: Found class java.lang.Object, but interface was expected> (0x00000000d559b610) 
thrown [s\src\hotspot\share\interpreter\linkResolver.cpp, line 840]
Event: 24.201 Thread 0x000002d0022f0bf0 Exception <a 'java/lang/NoSuchMethodError'{0x00000000d585a560}: 'java.lang.Object java.lang.invoke.DirectMethodHandle$Holder.invokeStatic(java.lang.Object, int, int, java.lang.Object)'> (0x00000000d585a560) 
thrown [s\src\hotspot\share\interpreter\linkResolver.cpp, line 773]
Event: 24.208 Thread 0x000002d07b729d40 Implicit null exception at 0x000002d0272cf53e to 0x000002d0272d09f0
Event: 24.208 Thread 0x000002d07b729d40 Implicit null exception at 0x000002d0272928e6 to 0x000002d027295d04
Event: 24.226 Thread 0x000002d07b729d40 Implicit null exception at 0x000002d026f0ceda to 0x000002d026f0cf33
Event: 24.263 Thread 0x000002d07b728990 Exception <a 'java/lang/NoSuchMethodError'{0x00000000d57eb2a8}: 'java.lang.Object java.lang.invoke.DirectMethodHandle$Holder.newInvokeSpecial(java.lang.Object, java.lang.Object, int, java.lang.Object, java.lang.Object, java.lang.Object, java.lang.Object)'> (0x00000000d57eb2a8) 
thrown [s\src\hotspot\share\interpreter\linkResolver.cpp, line 773]
Event: 24.265 Thread 0x000002d07b728990 Exception <a 'java/lang/NoSuchMethodError'{0x00000000d57f8f58}: 'java.lang.Object java.lang.invoke.Invokers$Holder.linkToTargetMethod(java.lang.Object, int, java.lang.Object, java.lang.Object, java.lang.Object, java.lang.Object, java.lang.Object)'> (0x00000000d57f8f58) 
thrown [s\src\hotspot\share\interpreter\linkResolver.cpp, line 773]
Event: 24.313 Thread 0x000002d07b728990 Exception <a 'java/lang/ArrayIndexOutOfBoundsException'{0x00000000d5a477d0}> (0x00000000d5a477d0) 
thrown [s\src\hotspot\share\runtime\sharedRuntime.cpp, line 625]
Event: 28.673 Thread 0x000002d07c8d6ac0 Exception <a 'java/lang/IncompatibleClassChangeError'{0x00000000d5b3d3d8}: Found class java.lang.Object, but interface was expected> (0x00000000d5b3d3d8) 
thrown [s\src\hotspot\share\interpreter\linkResolver.cpp, line 840]
Event: 28.744 Thread 0x000002d07b728990 Implicit null exception at 0x000002d02745d5a3 to 0x000002d02745d770
Event: 29.016 Thread 0x000002d07b728990 Exception <a 'java/lang/NoSuchMethodError'{0x00000000d5582110}: 'java.lang.Object java.lang.invoke.DirectMethodHandle$Holder.invokeStaticInit(java.lang.Object, java.lang.Object, int)'> (0x00000000d5582110) 
thrown [s\src\hotspot\share\interpreter\linkResolver.cpp, line 773]
Event: 29.050 Thread 0x000002d07b728990 Exception <a 'sun/nio/fs/WindowsException'{0x00000000d57a6200}> (0x00000000d57a6200) 
thrown [s\src\hotspot\share\prims\jni.cpp, line 520]
Event: 29.195 Thread 0x000002d07b728990 Exception <a 'java/lang/NoSuchMethodError'{0x00000000d5668b28}: 'void java.lang.invoke.DirectMethodHandle$Holder.invokeStatic(java.lang.Object, java.lang.Object, java.lang.Object, java.lang.Object, java.lang.Object, java.lang.Object, java.lang.Object)'> (0x00000000d5668b28) 
thrown [s\src\hotspot\share\interpreter\linkResolver.cpp, line 773]
Event: 29.776 Thread 0x000002d07bc62ac0 Exception <a 'java/lang/NoSuchMethodError'{0x00000000d59be430}: 'void java.lang.invoke.DirectMethodHandle$Holder.invokeStatic(java.lang.Object, java.lang.Object, int)'> (0x00000000d59be430) 
thrown [s\src\hotspot\share\interpreter\linkResolver.cpp, line 773]
Event: 29.958 Thread 0x000002d07b729d40 Exception <a 'java/lang/NoSuchMethodError'{0x00000000d5b16f30}: 'java.lang.Object java.lang.invoke.DirectMethodHandle$Holder.invokeStaticInit(java.lang.Object, java.lang.Object, java.lang.Object)'> (0x00000000d5b16f30) 
thrown [s\src\hotspot\share\interpreter\linkResolver.cpp, line 773]
Event: 29.965 Thread 0x000002d07b729d40 Exception <a 'java/lang/NoSuchMethodError'{0x00000000d55dd250}: 'int java.lang.invoke.DirectMethodHandle$Holder.invokeStaticInit(java.lang.Object, int)'> (0x00000000d55dd250) 
thrown [s\src\hotspot\share\interpreter\linkResolver.cpp, line 773]

ZGC Phase Switch (0 events):
No events

VM Operations (20 events):
Event: 31.786 Executing VM operation: Cleanup
Event: 31.786 Executing VM operation: Cleanup done
Event: 32.575 Executing VM operation: ParallelGCFailedAllocation (Allocation Failure)
Event: 32.578 Executing VM operation: ParallelGCFailedAllocation (Allocation Failure) done
Event: 33.578 Executing VM operation: Cleanup
Event: 33.579 Executing VM operation: Cleanup done
Event: 42.595 Executing VM operation: Cleanup
Event: 42.595 Executing VM operation: Cleanup done
Event: 44.598 Executing VM operation: Cleanup
Event: 44.598 Executing VM operation: Cleanup done
Event: 45.598 Executing VM operation: Cleanup
Event: 45.598 Executing VM operation: Cleanup done
Event: 46.600 Executing VM operation: Cleanup
Event: 46.600 Executing VM operation: Cleanup done
Event: 60.078 Executing VM operation: HandshakeAllThreads (HandshakeForDeflation)
Event: 60.078 Executing VM operation: HandshakeAllThreads (HandshakeForDeflation) done
Event: 60.078 Executing VM operation: RendezvousGCThreads
Event: 60.078 Executing VM operation: RendezvousGCThreads done
Event: 61.079 Executing VM operation: Cleanup
Event: 61.079 Executing VM operation: Cleanup done

Memory protections (0 events):
No events

Nmethod flushes (20 events):
Event: 28.908 Thread 0x000002d01bb34970 flushing  nmethod 0x000002d01fb6d410
Event: 28.908 Thread 0x000002d01bb34970 flushing  nmethod 0x000002d01fb70290
Event: 28.908 Thread 0x000002d01bb34970 flushing  nmethod 0x000002d01fb70a90
Event: 28.908 Thread 0x000002d01bb34970 flushing  nmethod 0x000002d01fb73810
Event: 28.908 Thread 0x000002d01bb34970 flushing  nmethod 0x000002d01fb78790
Event: 28.908 Thread 0x000002d01bb34970 flushing  nmethod 0x000002d01fb99b10
Event: 28.908 Thread 0x000002d01bb34970 flushing  nmethod 0x000002d01fb9a390
Event: 28.908 Thread 0x000002d01bb34970 flushing  nmethod 0x000002d01fba5b10
Event: 28.908 Thread 0x000002d01bb34970 flushing  nmethod 0x000002d01fbab790
Event: 28.908 Thread 0x000002d01bb34970 flushing  nmethod 0x000002d01fbac410
Event: 28.908 Thread 0x000002d01bb34970 flushing  nmethod 0x000002d01fbae790
Event: 28.908 Thread 0x000002d01bb34970 flushing  nmethod 0x000002d01fc13f10
Event: 28.908 Thread 0x000002d01bb34970 flushing  nmethod 0x000002d01fc17b90
Event: 28.908 Thread 0x000002d01bb34970 flushing  nmethod 0x000002d01fc23f90
Event: 28.908 Thread 0x000002d01bb34970 flushing  nmethod 0x000002d01fc24310
Event: 28.908 Thread 0x000002d01bb34970 flushing  nmethod 0x000002d01fc29e90
Event: 28.908 Thread 0x000002d01bb34970 flushing  nmethod 0x000002d01fc2c490
Event: 28.908 Thread 0x000002d01bb34970 flushing  nmethod 0x000002d01fc30010
Event: 28.908 Thread 0x000002d01bb34970 flushing  nmethod 0x000002d01fc45810
Event: 28.908 Thread 0x000002d01bb34970 flushing  nmethod 0x000002d01fc48690

Events (20 events):
Event: 29.818 Thread 0x000002d0749378a0 Thread added: 0x000002d0006c2470
Event: 29.841 Thread 0x000002d0006c0260 Thread added: 0x000002d0006c1da0
Event: 29.841 Thread 0x000002d0006c0260 Thread added: 0x000002d07be81b10
Event: 30.264 Thread 0x000002d07be81b10 Thread exited: 0x000002d07be81b10
Event: 30.264 Thread 0x000002d0006c1da0 Thread exited: 0x000002d0006c1da0
Event: 30.268 Thread 0x000002d0006c2470 Thread exited: 0x000002d0006c2470
Event: 30.768 Thread 0x000002d0006bcbe0 Thread exited: 0x000002d0006bcbe0
Event: 30.835 Thread 0x000002d0749378a0 Thread added: 0x000002d0006bcbe0
Event: 30.844 Thread 0x000002d0006c0260 Thread added: 0x000002d0006c1da0
Event: 30.872 Thread 0x000002d0749378a0 Thread added: 0x000002d0006c2470
Event: 30.876 Thread 0x000002d0006c0260 Thread added: 0x000002d07be81b10
Event: 31.871 Thread 0x000002d07be81b10 Thread exited: 0x000002d07be81b10
Event: 31.872 Thread 0x000002d0006c2470 Thread exited: 0x000002d0006c2470
Event: 31.873 Thread 0x000002d0006c1da0 Thread exited: 0x000002d0006c1da0
Event: 32.579 Thread 0x000002d0006c0260 Thread exited: 0x000002d0006c0260
Event: 32.579 Thread 0x000002d0006c16d0 Thread exited: 0x000002d0006c16d0
Event: 37.245 Thread 0x000002d0006bcbe0 Thread exited: 0x000002d0006bcbe0
Event: 44.623 Thread 0x000002d0749378a0 Thread added: 0x000002d07be81b10
Event: 45.559 Thread 0x000002d07be81b10 Thread exited: 0x000002d07be81b10
Event: 70.835 Thread 0x000002d07b72a3d0 Thread exited: 0x000002d07b72a3d0


Dynamic libraries:
0x00007ff66c390000 - 0x00007ff66c39e000 	c:\Users\alpit\.antigravity\extensions\redhat.java-1.52.0-win32-x64\jre\21.0.9-win32-x86_64\bin\java.exe
0x00007fff2fa00000 - 0x00007fff2fc68000 	C:\WINDOWS\SYSTEM32\ntdll.dll
0x00007fff2e610000 - 0x00007fff2e6d9000 	C:\WINDOWS\System32\KERNEL32.DLL
0x00007fff2c650000 - 0x00007fff2ca41000 	C:\WINDOWS\System32\KERNELBASE.dll
0x00007fff2d650000 - 0x00007fff2d79b000 	C:\WINDOWS\System32\ucrtbase.dll
0x00007ffe71e70000 - 0x00007ffe71e88000 	c:\Users\alpit\.antigravity\extensions\redhat.java-1.52.0-win32-x64\jre\21.0.9-win32-x86_64\bin\jli.dll
0x00007ffe71e50000 - 0x00007ffe71e6e000 	c:\Users\alpit\.antigravity\extensions\redhat.java-1.52.0-win32-x64\jre\21.0.9-win32-x86_64\bin\VCRUNTIME140.dll
0x00007fff2eec0000 - 0x00007fff2f086000 	C:\WINDOWS\System32\USER32.dll
0x00007fff03b30000 - 0x00007fff03dc3000 	C:\WINDOWS\WinSxS\amd64_microsoft.windows.common-controls_6595b64144ccf1df_6.0.26100.7824_none_3e0870b2e3345462\COMCTL32.dll
0x00007fff2c620000 - 0x00007fff2c647000 	C:\WINDOWS\System32\win32u.dll
0x00007fff2e3b0000 - 0x00007fff2e459000 	C:\WINDOWS\System32\msvcrt.dll
0x00007fff2e6e0000 - 0x00007fff2e70b000 	C:\WINDOWS\System32\GDI32.dll
0x00007fff2c4f0000 - 0x00007fff2c61b000 	C:\WINDOWS\System32\gdi32full.dll
0x00007fff2d5a0000 - 0x00007fff2d643000 	C:\WINDOWS\System32\msvcp_win.dll
0x00007fff2e2b0000 - 0x00007fff2e2e1000 	C:\WINDOWS\System32\IMM32.DLL
0x00007ffe71e40000 - 0x00007ffe71e4c000 	c:\Users\alpit\.antigravity\extensions\redhat.java-1.52.0-win32-x64\jre\21.0.9-win32-x86_64\bin\vcruntime140_1.dll
0x00007ffe71db0000 - 0x00007ffe71e3d000 	c:\Users\alpit\.antigravity\extensions\redhat.java-1.52.0-win32-x64\jre\21.0.9-win32-x86_64\bin\msvcp140.dll
0x00007ffe6fbe0000 - 0x00007ffe70980000 	c:\Users\alpit\.antigravity\extensions\redhat.java-1.52.0-win32-x64\jre\21.0.9-win32-x86_64\bin\server\jvm.dll
0x00007fff2e2f0000 - 0x00007fff2e3a4000 	C:\WINDOWS\System32\ADVAPI32.dll
0x00007fff2e560000 - 0x00007fff2e606000 	C:\WINDOWS\System32\sechost.dll
0x00007fff2f2b0000 - 0x00007fff2f3c8000 	C:\WINDOWS\System32\RPCRT4.dll
0x00007fff2f0b0000 - 0x00007fff2f124000 	C:\WINDOWS\System32\WS2_32.dll
0x00007fff2b9a0000 - 0x00007fff2b9fe000 	C:\WINDOWS\SYSTEM32\POWRPROF.dll
0x00007fff1b150000 - 0x00007fff1b15b000 	C:\WINDOWS\SYSTEM32\VERSION.dll
0x00007fff204c0000 - 0x00007fff204f5000 	C:\WINDOWS\SYSTEM32\WINMM.dll
0x00007fff2b7e0000 - 0x00007fff2b7f4000 	C:\WINDOWS\SYSTEM32\UMPDC.dll
0x00007fff2b080000 - 0x00007fff2b09b000 	C:\WINDOWS\SYSTEM32\kernel.appcore.dll
0x00007ffe71b30000 - 0x00007ffe71b3a000 	c:\Users\alpit\.antigravity\extensions\redhat.java-1.52.0-win32-x64\jre\21.0.9-win32-x86_64\bin\jimage.dll
0x00007fff2a130000 - 0x00007fff2a372000 	C:\WINDOWS\SYSTEM32\DBGHELP.DLL
0x00007fff2df20000 - 0x00007fff2e2a6000 	C:\WINDOWS\System32\combase.dll
0x00007fff2e710000 - 0x00007fff2e7e7000 	C:\WINDOWS\System32\OLEAUT32.dll
0x00007ffeff270000 - 0x00007ffeff2ab000 	C:\WINDOWS\SYSTEM32\dbgcore.DLL
0x00007fff2d2c0000 - 0x00007fff2d365000 	C:\WINDOWS\System32\bcryptPrimitives.dll
0x00007fff28ee0000 - 0x00007fff28eef000 	c:\Users\alpit\.antigravity\extensions\redhat.java-1.52.0-win32-x64\jre\21.0.9-win32-x86_64\bin\instrument.dll
0x00007ffe71b10000 - 0x00007ffe71b30000 	c:\Users\alpit\.antigravity\extensions\redhat.java-1.52.0-win32-x64\jre\21.0.9-win32-x86_64\bin\java.dll
0x00007fff2d7b0000 - 0x00007fff2df02000 	C:\WINDOWS\System32\SHELL32.dll
0x00007fff2d370000 - 0x00007fff2d4da000 	C:\WINDOWS\System32\wintypes.dll
0x00007fff2ca50000 - 0x00007fff2d2b3000 	C:\WINDOWS\System32\windows.storage.dll
0x00007fff2ea90000 - 0x00007fff2eb86000 	C:\WINDOWS\System32\SHCORE.dll
0x00007fff2e460000 - 0x00007fff2e4c7000 	C:\WINDOWS\System32\shlwapi.dll
0x00007fff2c200000 - 0x00007fff2c229000 	C:\WINDOWS\SYSTEM32\profapi.dll
0x00007ffe71d90000 - 0x00007ffe71da8000 	c:\Users\alpit\.antigravity\extensions\redhat.java-1.52.0-win32-x64\jre\21.0.9-win32-x86_64\bin\zip.dll
0x00007ffe71d80000 - 0x00007ffe71d90000 	C:\Users\alpit\.antigravity\extensions\redhat.java-1.52.0-win32-x64\jre\21.0.9-win32-x86_64\bin\net.dll
0x00007fff242e0000 - 0x00007fff24407000 	C:\WINDOWS\SYSTEM32\WINHTTP.dll
0x00007fff2b660000 - 0x00007fff2b6cb000 	C:\WINDOWS\system32\mswsock.dll
0x00007ffe71d60000 - 0x00007ffe71d76000 	C:\Users\alpit\.antigravity\extensions\redhat.java-1.52.0-win32-x64\jre\21.0.9-win32-x86_64\bin\nio.dll
0x00007fff28c40000 - 0x00007fff28c50000 	c:\Users\alpit\.antigravity\extensions\redhat.java-1.52.0-win32-x64\jre\21.0.9-win32-x86_64\bin\verify.dll
0x00007fff27470000 - 0x00007fff274b5000 	C:\Users\alpit\AppData\Roaming\Antigravity\User\globalStorage\redhat.java\1.52.0\config_win\org.eclipse.equinox.launcher\org.eclipse.equinox.launcher.win32.win32.x86_64_1.2.1500.v20260121-1430\eclipse_11919.dll
0x00007fff2e8f0000 - 0x00007fff2ea87000 	C:\WINDOWS\System32\ole32.dll
0x00007fff2b970000 - 0x00007fff2b98b000 	C:\WINDOWS\SYSTEM32\CRYPTSP.dll
0x00007fff2afe0000 - 0x00007fff2b019000 	C:\WINDOWS\system32\rsaenh.dll
0x00007fff2b710000 - 0x00007fff2b73b000 	C:\WINDOWS\SYSTEM32\USERENV.dll
0x00007fff2c1d0000 - 0x00007fff2c1fa000 	C:\WINDOWS\SYSTEM32\bcrypt.dll
0x00007fff2b990000 - 0x00007fff2b99c000 	C:\WINDOWS\SYSTEM32\CRYPTBASE.dll
0x00007fff2aab0000 - 0x00007fff2aae4000 	C:\WINDOWS\SYSTEM32\IPHLPAPI.DLL
0x00007fff2f420000 - 0x00007fff2f42a000 	C:\WINDOWS\System32\NSI.dll
0x00007fff12d20000 - 0x00007fff12d69000 	C:\Users\alpit\AppData\Local\Temp\jna-92909968\jna16185410137310737320.dll
0x00007fff2f130000 - 0x00007fff2f138000 	C:\WINDOWS\System32\PSAPI.DLL
0x00007fff24820000 - 0x00007fff2483e000 	C:\WINDOWS\SYSTEM32\dhcpcsvc6.DLL
0x00007fff24770000 - 0x00007fff24793000 	C:\WINDOWS\SYSTEM32\dhcpcsvc.DLL
0x00007ffe6bfe0000 - 0x00007ffe6c007000 	C:\Users\alpit\.gradle\native\1def1411415f61bf3af743bc5b6707747c0891f09f0c88961ee8f79bc544acac\windows-amd64\native-platform.dll
0x00007ffe71d40000 - 0x00007ffe71d4a000 	C:\Users\alpit\.antigravity\extensions\redhat.java-1.52.0-win32-x64\jre\21.0.9-win32-x86_64\bin\management.dll
0x00007ffe71d30000 - 0x00007ffe71d3c000 	C:\Users\alpit\.antigravity\extensions\redhat.java-1.52.0-win32-x64\jre\21.0.9-win32-x86_64\bin\management_ext.dll
0x00007ffe71d10000 - 0x00007ffe71d1e000 	C:\Users\alpit\.antigravity\extensions\redhat.java-1.52.0-win32-x64\jre\21.0.9-win32-x86_64\bin\sunmscapi.dll
0x00007fff2c370000 - 0x00007fff2c4e7000 	C:\WINDOWS\System32\CRYPT32.dll
0x00007fff2bc00000 - 0x00007fff2bc30000 	C:\WINDOWS\SYSTEM32\ncrypt.dll
0x00007fff2bbb0000 - 0x00007fff2bbef000 	C:\WINDOWS\SYSTEM32\NTASN1.dll
0x00007ffef4f40000 - 0x00007ffef4f48000 	C:\WINDOWS\system32\wshunix.dll
0x00007ffe71d00000 - 0x00007ffe71d09000 	C:\Users\alpit\.antigravity\extensions\redhat.java-1.52.0-win32-x64\jre\21.0.9-win32-x86_64\bin\extnet.dll
0x00007fff2ab50000 - 0x00007fff2ac7c000 	C:\WINDOWS\SYSTEM32\DNSAPI.dll
0x00007fff23ec0000 - 0x00007fff23ecb000 	C:\Windows\System32\rasadhlp.dll
0x00007fff249a0000 - 0x00007fff24a26000 	C:\WINDOWS\System32\fwpuclnt.dll

JVMTI agents:
c:\Users\alpit\.antigravity\extensions\redhat.java-1.52.0-win32-x64\lombok\lombok-1.18.39-4050.jar path:c:\Users\alpit\.antigravity\extensions\redhat.java-1.52.0-win32-x64\jre\21.0.9-win32-x86_64\bin\instrument.dll, loaded, initialized, instrumentlib options:none

dbghelp: loaded successfully - version: 4.0.5 - missing functions: none
symbol engine: initialized successfully - sym options: 0x614 - pdb path: .;c:\Users\alpit\.antigravity\extensions\redhat.java-1.52.0-win32-x64\jre\21.0.9-win32-x86_64\bin;C:\WINDOWS\SYSTEM32;C:\WINDOWS\WinSxS\amd64_microsoft.windows.common-controls_6595b64144ccf1df_6.0.26100.7824_none_3e0870b2e3345462;c:\Users\alpit\.antigravity\extensions\redhat.java-1.52.0-win32-x64\jre\21.0.9-win32-x86_64\bin\server;C:\Users\alpit\AppData\Roaming\Antigravity\User\globalStorage\redhat.java\1.52.0\config_win\org.eclipse.equinox.launcher\org.eclipse.equinox.launcher.win32.win32.x86_64_1.2.1500.v20260121-1430;C:\Users\alpit\AppData\Local\Temp\jna-92909968;C:\Users\alpit\.gradle\native\1def1411415f61bf3af743bc5b6707747c0891f09f0c88961ee8f79bc544acac\windows-amd64

VM Arguments:
jvm_args: --add-modules=ALL-SYSTEM --add-opens=java.base/java.util=ALL-UNNAMED --add-opens=java.base/java.lang=ALL-UNNAMED --add-opens=java.base/sun.nio.fs=ALL-UNNAMED -Declipse.application=org.eclipse.jdt.ls.core.id1 -Dosgi.bundles.defaultStartLevel=4 -Declipse.product=org.eclipse.jdt.ls.core.product -Djava.import.generatesMetadataFilesAtProjectRoot=false -DDetectVMInstallationsJob.disabled=true -Dfile.encoding=utf8 -XX:+UseParallelGC -XX:GCTimeRatio=4 -XX:AdaptiveSizePolicyWeight=90 -Dsun.zip.disableMemoryMapping=true -Xmx2G -Xms100m -Xlog:disable -javaagent:c:\Users\alpit\.antigravity\extensions\redhat.java-1.52.0-win32-x64\lombok\lombok-1.18.39-4050.jar -XX:+HeapDumpOnOutOfMemoryError -XX:HeapDumpPath=c:\Users\alpit\AppData\Roaming\Antigravity\User\workspaceStorage\cbb0aa8e4f4bd1039542ac91ced87a05\redhat.java -Daether.dependencyCollector.impl=bf 
java_command: c:\Users\alpit\.antigravity\extensions\redhat.java-1.52.0-win32-x64\server\plugins\org.eclipse.equinox.launcher_1.7.100.v20251111-0406.jar -configuration c:\Users\alpit\AppData\Roaming\Antigravity\User\globalStorage\redhat.java\1.52.0\config_win -data c:\Users\alpit\AppData\Roaming\Antigravity\User\workspaceStorage\cbb0aa8e4f4bd1039542ac91ced87a05\redhat.java\jdt_ws --pipe=\\.\pipe\lsp-a62de03d4ba51699502f2f26fe9943e5-sock
java_class_path (initial): c:\Users\alpit\.antigravity\extensions\redhat.java-1.52.0-win32-x64\server\plugins\org.eclipse.equinox.launcher_1.7.100.v20251111-0406.jar
Launcher Type: SUN_STANDARD

[Global flags]
    uintx AdaptiveSizePolicyWeight                 = 90                                        {product} {command line}
     intx CICompilerCount                          = 12                                        {product} {ergonomic}
    uintx GCTimeRatio                              = 4                                         {product} {command line}
     bool HeapDumpOnOutOfMemoryError               = true                                   {manageable} {command line}
    ccstr HeapDumpPath                             = c:\Users\alpit\AppData\Roaming\Antigravity\User\workspaceStorage\cbb0aa8e4f4bd1039542ac91ced87a05\redhat.java         {manageable} {command line}
   size_t InitialHeapSize                          = 104857600                                 {product} {command line}
   size_t MaxHeapSize                              = 2147483648                                {product} {command line}
   size_t MaxNewSize                               = 715653120                                 {product} {ergonomic}
   size_t MinHeapDeltaBytes                        = 524288                                    {product} {ergonomic}
   size_t MinHeapSize                              = 104857600                                 {product} {command line}
   size_t NewSize                                  = 34603008                                  {product} {ergonomic}
    uintx NonNMethodCodeHeapSize                   = 7602480                                {pd product} {ergonomic}
    uintx NonProfiledCodeHeapSize                  = 122027880                              {pd product} {ergonomic}
   size_t OldSize                                  = 70254592                                  {product} {ergonomic}
    uintx ProfiledCodeHeapSize                     = 122027880                              {pd product} {ergonomic}
    uintx ReservedCodeCacheSize                    = 251658240                              {pd product} {ergonomic}
     bool SegmentedCodeCache                       = true                                      {product} {ergonomic}
   size_t SoftMaxHeapSize                          = 2147483648                             {manageable} {ergonomic}
     bool UseCompressedOops                        = true                           {product lp64_product} {ergonomic}
     bool UseLargePagesIndividualAllocation        = false                                  {pd product} {ergonomic}
     bool UseParallelGC                            = true                                      {product} {command line}

Logging:
Log output configuration:
 #0: stdout all=off uptime,level,tags foldmultilines=false
 #1: stderr all=off uptime,level,tags foldmultilines=false

Release file:
JAVA_VERSION="21.0.9" 
MODULES="java.base java.compiler java.datatransfer java.xml java.prefs java.desktop java.instrument java.logging java.management java.security.sasl java.naming java.rmi java.management.rmi java.net.http java.scripting java.security.jgss java.transaction.xa java.sql java.sql.rowset java.xml.crypto java.se java.smartcardio jdk.accessibility jdk.internal.jvmstat jdk.attach jdk.charsets jdk.internal.opt jdk.zipfs jdk.compiler jdk.crypto.ec jdk.crypto.cryptoki jdk.crypto.mscapi jdk.dynalink jdk.internal.ed jdk.editpad jdk.hotspot.agent jdk.httpserver jdk.internal.le jdk.internal.vm.ci jdk.internal.vm.compiler jdk.internal.vm.compiler.management jdk.jartool jdk.javadoc jdk.jcmd jdk.management jdk.management.agent jdk.jconsole jdk.jdeps jdk.jdwp.agent jdk.jdi jdk.jfr jdk.jshell jdk.jsobject jdk.jstatd jdk.localedata jdk.management.jfr jdk.naming.dns jdk.naming.rmi jdk.net jdk.nio.mapmode jdk.random jdk.sctp jdk.security.auth jdk.security.jgss jdk.unsupported jdk.unsupported.desktop jdk.xml.dom" 

Environment Variables:
PATH=C:\Program Files\Common Files\Oracle\Java\javapath;C:\Users\alpit\dev\flutter\bin;C:\windows\system32;C:\windows;C:\windows\System32\Wbem;C:\windows\System32\WindowsPowerShell\v1.0\;C:\windows\System32\OpenSSH\;C:\Program Files (x86)\NVIDIA Corporation\PhysX\Common;C:\Program Files\NVIDIA Corporation\NVIDIA NvDLISR;C:\Program Files\HP\HP One Agent;C:\Program Files\Git\cmd;C:\Program Files\nodejs\;C:\ProgramData\chocolatey\bin;C:\WINDOWS\system32;C:\WINDOWS;C:\WINDOWS\System32\Wbem;C:\WINDOWS\System32\WindowsPowerShell\v1.0\;C:\WINDOWS\System32\OpenSSH\;C:\Program Files\Java\jdk-17\bin;C:\MinGW\bin;C:\Program Files\MySQL\MySQL Server 8.0\bin;C:\Program Files\Java\jdk-16.0.2\bin;C:\Users\alpit\Downloads\jdk-23_windows-x64_bin\jdk-23.0.1\lib;C:\Program Files\apache-maven-3.9.12\bin;C:\Program Files\Java\jdk-17.0.18\bin;A:\TIC Projects\flutter\bin\cache\dart-sdk;A:\TIC Projects\flutter\bin;C:\Program Files\MySQL\MySQL Shell 8.0\bin\;C:\Users\alpit\AppData\Local\Programs\Python\Python311\Scripts\;C:\Users\alpit\AppData\Local\Programs\Python\Python311\;C:\Users\alpit\AppData\Local\Programs\Python\Python310\Scripts\;C:\Users\alpit\AppData\Local\Programs\Python\Python310\;C:\Users\alpit\AppData\Local\Programs\Python\Python38\Scripts\;C:\Users\alpit\AppData\Local\Programs\Python\Python38\;C:\Users\alpit\AppData\Local\Microsoft\WindowsApps;C:\Users\alpit\AppData\Local\Programs\Microsoft VS Code\bin;C:\Users\alpit\AppData\Local\Microsoft\WinGet\Packages\Schniz.fnm_Microsoft.Winget.Source_8wekyb3d8bbwe;C:\Program Files\JetBrains\IntelliJ IDEA 2024.3.1.1\bin;;C:\Users\alpit\OneDrive\Desktop\Flutter Projects\flutter\bin;A:\TIC Projects\flutter\bin;C:\Users\alpit\AppData\Roaming\npm;C:\Users\alpit\AppData\Local\Microsoft\WinGet\Links;C:\Program Files\JetBrains\IntelliJ IDEA Community Edition 2025.1.2\bin;;C:\Program Files\Java\jdk-17\bin;C:\Users\alpit\dev\flutter\bin;C:\MinGW\bin;C:\Program Files\Java\jdk-16.0.2\bin;C:\Users\alpit\Downloads\jdk-23_windows-x64_bin\jdk-23.0.1\lib;C:\Users\alpit\AppData\Local\Programs\Antigravity\bin;C:\Users\alpit\AppData\Local\Programs\Kiro\bin;C:\Program Files\Java\jdk-17.0.18\bin;A:\TIC Projects\flutter\bin\cache\dart-sdk;
USERNAME=alpit
OS=Windows_NT
PROCESSOR_IDENTIFIER=Intel64 Family 6 Model 154 Stepping 3, GenuineIntel
TMP=C:\Users\alpit\AppData\Local\Temp
TEMP=C:\Users\alpit\AppData\Local\Temp




Periodic native trim disabled

---------------  S Y S T E M  ---------------

OS:
 Windows 11 , 64 bit Build 26100 (10.0.26100.7705)
OS uptime: 0 days 0:21 hours
Hyper-V role detected

CPU: total 16 (initial active 16) (8 cores per cpu, 2 threads per core) family 6 model 154 stepping 3 microcode 0x437, cx8, cmov, fxsr, ht, mmx, 3dnowpref, sse, sse2, sse3, ssse3, sse4.1, sse4.2, popcnt, lzcnt, tsc, tscinvbit, avx, avx2, aes, erms, clmul, bmi1, bmi2, adx, sha, fma, vzeroupper, clflush, clflushopt, clwb, hv, serialize, rdtscp, rdpid, fsrm, f16c, cet_ibt, cet_ss
Processor Information for processor 0
  Max Mhz: 2300, Current Mhz: 2300, Mhz Limit: 2300
Processor Information for processor 1
  Max Mhz: 2300, Current Mhz: 2300, Mhz Limit: 2300
Processor Information for processor 2
  Max Mhz: 2300, Current Mhz: 2300, Mhz Limit: 2300
Processor Information for processor 3
  Max Mhz: 2300, Current Mhz: 1506, Mhz Limit: 2300
Processor Information for processor 4
  Max Mhz: 2300, Current Mhz: 2300, Mhz Limit: 2300
Processor Information for processor 5
  Max Mhz: 2300, Current Mhz: 2300, Mhz Limit: 2300
Processor Information for processor 6
  Max Mhz: 2300, Current Mhz: 2300, Mhz Limit: 2300
Processor Information for processor 7
  Max Mhz: 2300, Current Mhz: 1506, Mhz Limit: 2300
Processor Information for processor 8
  Max Mhz: 2300, Current Mhz: 2300, Mhz Limit: 2300
Processor Information for processor 9
  Max Mhz: 2300, Current Mhz: 2300, Mhz Limit: 2300
Processor Information for processor 10
  Max Mhz: 2300, Current Mhz: 2300, Mhz Limit: 2300
Processor Information for processor 11
  Max Mhz: 2300, Current Mhz: 2300, Mhz Limit: 2300
Processor Information for processor 12
  Max Mhz: 2300, Current Mhz: 1488, Mhz Limit: 2300
Processor Information for processor 13
  Max Mhz: 2300, Current Mhz: 1488, Mhz Limit: 2300
Processor Information for processor 14
  Max Mhz: 2300, Current Mhz: 2300, Mhz Limit: 2300
Processor Information for processor 15
  Max Mhz: 2300, Current Mhz: 2300, Mhz Limit: 2300

Memory: 4k page, system-wide physical 16051M (966M free)
TotalPageFile size 24243M (AvailPageFile size 15M)
current process WorkingSet (physical memory assigned to process): 842M, peak: 881M
current process commit charge ("private bytes"): 901M, peak: 945M

vm_info: OpenJDK 64-Bit Server VM (21.0.9+10-LTS) for windows-amd64 JRE (21.0.9+10-LTS), built on 2025-10-21T00:00:00Z by "admin" with unknown MS VC++:1942

END.
