#
# There is insufficient memory for the Java Runtime Environment to continue.
# Native memory allocation (malloc) failed to allocate 1050336 bytes for Chunk::new
# Possible reasons:
#   The system is out of physical RAM or swap space
#   The process is running with CompressedOops enabled, and the Java Heap may be blocking the growth of the native heap
# Possible solutions:
#   Reduce memory load on the system
#   Increase physical memory or swap space
#   Check if swap backing store is full
#   Decrease Java heap size (-Xmx/-Xms)
#   Decrease number of Java threads
#   Decrease Java thread stack sizes (-Xss)
#   Set larger code cache with -XX:ReservedCodeCacheSize=
#   JVM is running with Unscaled Compressed Oops mode in which the Java heap is
#     placed in the first 4GB address space. The Java Heap base address is the
#     maximum limit for the native heap growth. Please use -XX:HeapBaseMinAddress
#     to set the Java Heap base and to place the Java Heap above 4GB virtual address.
# This output file may be truncated or incomplete.
#
#  Out of Memory Error (arena.cpp:189), pid=21640, tid=23868
#
# JRE version: Java(TM) SE Runtime Environment (17.0.18+8) (build 17.0.18+8-LTS-264)
# Java VM: Java HotSpot(TM) 64-Bit Server VM (17.0.18+8-LTS-264, mixed mode, sharing, tiered, compressed oops, compressed class ptrs, g1 gc, windows-amd64)
# No core dump will be written. Minidumps are not enabled by default on client versions of Windows
#

---------------  S U M M A R Y ------------

Command Line: --add-opens=java.base/java.lang=ALL-UNNAMED --add-opens=java.base/java.lang.invoke=ALL-UNNAMED --add-opens=java.base/java.util=ALL-UNNAMED --add-opens=java.prefs/java.util.prefs=ALL-UNNAMED --add-exports=jdk.compiler/com.sun.tools.javac.api=ALL-UNNAMED --add-exports=jdk.compiler/com.sun.tools.javac.util=ALL-UNNAMED --add-opens=java.base/java.util=ALL-UNNAMED --add-opens=java.prefs/java.util.prefs=ALL-UNNAMED --add-opens=java.base/java.nio.charset=ALL-UNNAMED --add-opens=java.base/java.net=ALL-UNNAMED --add-opens=java.base/java.util.concurrent.atomic=ALL-UNNAMED --add-opens=java.xml/javax.xml.namespace=ALL-UNNAMED -XX:MaxMetaspaceSize=512m -XX:+HeapDumpOnOutOfMemoryError -Xmx2G -Dfile.encoding=UTF-8 -Duser.country=US -Duser.language=en -Duser.variant -javaagent:C:\Users\alpit\.gradle\wrapper\dists\gradle-8.12-all\ejduaidbjup3bmmkhw3rie4zb\gradle-8.12\lib\agents\gradle-instrumentation-agent-8.12.jar org.gradle.launcher.daemon.bootstrap.GradleDaemon 8.12

Host: 12th Gen Intel(R) Core(TM) i7-12650H, 16 cores, 15G,  Windows 11 , 64 bit Build 26100 (10.0.26100.7705)
Time: Thu Feb 26 22:32:36 2026 India Standard Time elapsed time: 14.325857 seconds (0d 0h 0m 14s)

---------------  T H R E A D  ---------------

Current thread (0x00000242e54fddf0):  JavaThread "C2 CompilerThread2" daemon [_thread_in_native, id=23868, stack(0x000000bfc7400000,0x000000bfc7500000)]


Current CompileTask:
C2:  14326 9143       4       java.io.ObjectOutputStream::writeClassDesc (60 bytes)

Stack: [0x000000bfc7400000,0x000000bfc7500000]
Native frames: (J=compiled Java code, j=interpreted, Vv=VM code, C=native code)
V  [jvm.dll+0x67ea1a]
V  [jvm.dll+0x7de97b]
V  [jvm.dll+0x7e02be]
V  [jvm.dll+0x7e0943]
V  [jvm.dll+0x247a9f]
V  [jvm.dll+0xaca25]
V  [jvm.dll+0xacfec]
V  [jvm.dll+0x2aed4f]
V  [jvm.dll+0x586758]
V  [jvm.dll+0x221e04]
V  [jvm.dll+0x2221fd]
V  [jvm.dll+0x21af3b]
V  [jvm.dll+0x218048]
V  [jvm.dll+0x1a4440]
V  [jvm.dll+0x22873e]
V  [jvm.dll+0x2268e6]
V  [jvm.dll+0x795657]
V  [jvm.dll+0x78fb5a]
V  [jvm.dll+0x67d8f5]
C  [ucrtbase.dll+0x37b0]
C  [KERNEL32.DLL+0x2e8d7]
C  [ntdll.dll+0x8c40c]


---------------  P R O C E S S  ---------------

Threads class SMR info:
_java_thread_list=0x00000242c0785b60, length=157, elements={
0x00000242a1436b00, 0x00000242c01e6e50, 0x00000242c01e7710, 0x00000242c01fd770,
0x00000242c01fe030, 0x00000242c01fe8f0, 0x00000242c01ff1b0, 0x00000242c0200750,
0x00000242c0202460, 0x00000242c0202d60, 0x00000242c0341e80, 0x00000242c04e7350,
0x00000242e0fc9800, 0x00000242e0cbb230, 0x00000242e0f4a770, 0x00000242e1124b50,
0x00000242e10b8b50, 0x00000242e1157b60, 0x00000242e1287d80, 0x00000242e128d530,
0x00000242e03480d0, 0x00000242e0345580, 0x00000242e0347c00, 0x00000242e03485a0,
0x00000242e0344be0, 0x00000242e0345a50, 0x00000242e03450b0, 0x00000242e03463f0,
0x00000242e03468c0, 0x00000242e0346d90, 0x00000242e0347260, 0x00000242e31b4dd0,
0x00000242e31b2750, 0x00000242e31b2c20, 0x00000242e31b35c0, 0x00000242e31b6110,
0x00000242e31b6ab0, 0x00000242e31b52a0, 0x00000242e31b30f0, 0x00000242e31b6f80,
0x00000242e31b7450, 0x00000242e31b3a90, 0x00000242e31b8c60, 0x00000242e31b7920,
0x00000242e31b9ad0, 0x00000242e31b7df0, 0x00000242e31b9fa0, 0x00000242e0345f20,
0x00000242e11fed70, 0x00000242e11fd090, 0x00000242e11fd560, 0x00000242e11fe8a0,
0x00000242e11fdf00, 0x00000242e11fe3d0, 0x00000242e1200580, 0x00000242e1200a50,
0x00000242e1200f20, 0x00000242e12013f0, 0x00000242e12000b0, 0x00000242e11fda30,
0x00000242e1201d90, 0x00000242e1202260, 0x00000242e12018c0, 0x00000242e11ff240,
0x00000242e1202730, 0x00000242e1202c00, 0x00000242e12030d0, 0x00000242e11ff710,
0x00000242e12035a0, 0x00000242e11ffbe0, 0x00000242e1203a70, 0x00000242e1204410,
0x00000242e1203f40, 0x00000242e12048e0, 0x00000242e4615f80, 0x00000242e4615110,
0x00000242e4616450, 0x00000242e4616df0, 0x00000242e4615ab0, 0x00000242e4616920,
0x00000242e4613430, 0x00000242e46142a0, 0x00000242e4614770, 0x00000242e46155e0,
0x00000242e46172c0, 0x00000242e4613900, 0x00000242e4614c40, 0x00000242e4617790,
0x00000242e4613dd0, 0x00000242e4619940, 0x00000242c02d73e0, 0x00000242e54fddf0,
0x00000242e54fe300, 0x00000242e54fc4a0, 0x00000242e54fb060, 0x00000242e4618130,
0x00000242e4618fa0, 0x00000242e461ac80, 0x00000242e1f0ba20, 0x00000242e1f0a6e0,
0x00000242e1f08060, 0x00000242e1f0bef0, 0x00000242e1f09d40, 0x00000242e1f0a210,
0x00000242e1f08ed0, 0x00000242e1f0abb0, 0x00000242e1f08a00, 0x00000242e1f0b080,
0x00000242e1f08530, 0x00000242e1f0c890, 0x00000242e1f09870, 0x00000242e1f093a0,
0x00000242e1f0d230, 0x00000242e1f0c3c0, 0x00000242e1f0e0a0, 0x00000242e1f0cd60,
0x00000242e1f0d700, 0x00000242e1f0e570, 0x00000242e1f0ea40, 0x00000242e1f0ef10,
0x00000242e1f0b550, 0x00000242e1f0f3e0, 0x00000242e1f0f8b0, 0x00000242e6292340,
0x00000242e628f7f0, 0x00000242e62914d0, 0x00000242e6290190, 0x00000242e6292810,
0x00000242e6291e70, 0x00000242e628ee50, 0x00000242e6290b30, 0x00000242e628f320,
0x00000242e628fcc0, 0x00000242e6290660, 0x00000242e6291000, 0x00000242e62919a0,
0x00000242e48b4360, 0x00000242e48b4d00, 0x00000242e48b7380, 0x00000242e48b4830,
0x00000242e48b3e90, 0x00000242e48b69e0, 0x00000242e48b81f0, 0x00000242e48b86c0,
0x00000242e48b51d0, 0x00000242e48b6040, 0x00000242e48b7d20, 0x00000242e48b8b90,
0x00000242e48b9060, 0x00000242e48b6eb0, 0x00000242e48b6510, 0x00000242e48b9530,
0x00000242e48b56a0, 0x00000242e48b5b70, 0x00000242e48b9a00, 0x00000242e48ba870,
0x00000242e48ba3a0
}

Java Threads: ( => current thread )
  0x00000242a1436b00 JavaThread "main" [_thread_blocked, id=20980, stack(0x000000bfc6300000,0x000000bfc6400000)]
  0x00000242c01e6e50 JavaThread "Reference Handler" daemon [_thread_blocked, id=26532, stack(0x000000bfc6a00000,0x000000bfc6b00000)]
  0x00000242c01e7710 JavaThread "Finalizer" daemon [_thread_blocked, id=28344, stack(0x000000bfc6b00000,0x000000bfc6c00000)]
  0x00000242c01fd770 JavaThread "Signal Dispatcher" daemon [_thread_blocked, id=10908, stack(0x000000bfc6c00000,0x000000bfc6d00000)]
  0x00000242c01fe030 JavaThread "Attach Listener" daemon [_thread_blocked, id=6472, stack(0x000000bfc6d00000,0x000000bfc6e00000)]
  0x00000242c01fe8f0 JavaThread "Service Thread" daemon [_thread_blocked, id=24508, stack(0x000000bfc6e00000,0x000000bfc6f00000)]
  0x00000242c01ff1b0 JavaThread "Monitor Deflation Thread" daemon [_thread_blocked, id=9164, stack(0x000000bfc6f00000,0x000000bfc7000000)]
  0x00000242c0200750 JavaThread "C2 CompilerThread0" daemon [_thread_in_native, id=13292, stack(0x000000bfc7000000,0x000000bfc7100000)]
  0x00000242c0202460 JavaThread "C1 CompilerThread0" daemon [_thread_in_vm, id=8736, stack(0x000000bfc7100000,0x000000bfc7200000)]
  0x00000242c0202d60 JavaThread "Sweeper thread" daemon [_thread_blocked, id=24340, stack(0x000000bfc7200000,0x000000bfc7300000)]
  0x00000242c0341e80 JavaThread "Common-Cleaner" daemon [_thread_blocked, id=7312, stack(0x000000bfc7500000,0x000000bfc7600000)]
  0x00000242c04e7350 JavaThread "Notification Thread" daemon [_thread_blocked, id=27416, stack(0x000000bfc7700000,0x000000bfc7800000)]
  0x00000242e0fc9800 JavaThread "Daemon health stats" [_thread_blocked, id=17096, stack(0x000000bfc8000000,0x000000bfc8100000)]
  0x00000242e0cbb230 JavaThread "Incoming local TCP Connector on port 60467" [_thread_in_native, id=21820, stack(0x000000bfc7600000,0x000000bfc7700000)]
  0x00000242e0f4a770 JavaThread "Daemon periodic checks" [_thread_blocked, id=20344, stack(0x000000bfc8100000,0x000000bfc8200000)]
  0x00000242e1124b50 JavaThread "Daemon" [_thread_blocked, id=17376, stack(0x000000bfc8200000,0x000000bfc8300000)]
  0x00000242e10b8b50 JavaThread "Handler for socket connection from /127.0.0.1:60467 to /127.0.0.1:60469" [_thread_in_native, id=4656, stack(0x000000bfc8300000,0x000000bfc8400000)]
  0x00000242e1157b60 JavaThread "Cancel handler" [_thread_blocked, id=13320, stack(0x000000bfc8400000,0x000000bfc8500000)]
  0x00000242e1287d80 JavaThread "Daemon worker" [_thread_blocked, id=19144, stack(0x000000bfc8500000,0x000000bfc8600000)]
  0x00000242e128d530 JavaThread "Asynchronous log dispatcher for DefaultDaemonConnection: socket connection from /127.0.0.1:60467 to /127.0.0.1:60469" [_thread_blocked, id=24052, stack(0x000000bfc8600000,0x000000bfc8700000)]
  0x00000242e03480d0 JavaThread "Stdin handler" [_thread_blocked, id=27948, stack(0x000000bfc8700000,0x000000bfc8800000)]
  0x00000242e0345580 JavaThread "Daemon client event forwarder" [_thread_blocked, id=28132, stack(0x000000bfc8800000,0x000000bfc8900000)]
  0x00000242e0347c00 JavaThread "Cache worker for journal cache (C:\Users\alpit\.gradle\caches\journal-1)" [_thread_blocked, id=25436, stack(0x000000bfc8900000,0x000000bfc8a00000)]
  0x00000242e03485a0 JavaThread "File lock request listener" [_thread_in_native, id=24408, stack(0x000000bfc8a00000,0x000000bfc8b00000)]
  0x00000242e0344be0 JavaThread "Cache worker for file hash cache (C:\Users\alpit\.gradle\caches\8.12\fileHashes)" [_thread_blocked, id=14644, stack(0x000000bfc7900000,0x000000bfc7a00000)]
  0x00000242e0345a50 JavaThread "Cache worker for file hash cache (C:\TIC Projects\EmailOtpApp\frontend\android\.gradle\8.12\fileHashes)" [_thread_blocked, id=20960, stack(0x000000bfc8c00000,0x000000bfc8d00000)]
  0x00000242e03450b0 JavaThread "Cache worker for Build Output Cleanup Cache (C:\TIC Projects\EmailOtpApp\frontend\android\.gradle\buildOutputCleanup)" [_thread_blocked, id=24080, stack(0x000000bfc8d00000,0x000000bfc8e00000)]
  0x00000242e03463f0 JavaThread "File watcher server" daemon [_thread_in_native, id=27720, stack(0x000000bfc9800000,0x000000bfc9900000)]
  0x00000242e03468c0 JavaThread "File watcher consumer" daemon [_thread_blocked, id=8560, stack(0x000000bfc9900000,0x000000bfc9a00000)]
  0x00000242e0346d90 JavaThread "jar transforms" [_thread_blocked, id=10896, stack(0x000000bfc9a00000,0x000000bfc9b00000)]
  0x00000242e0347260 JavaThread "jar transforms Thread 2" [_thread_blocked, id=10860, stack(0x000000bfc9b00000,0x000000bfc9c00000)]
  0x00000242e31b4dd0 JavaThread "jar transforms Thread 3" [_thread_blocked, id=27944, stack(0x000000bfc9c00000,0x000000bfc9d00000)]
  0x00000242e31b2750 JavaThread "jar transforms Thread 4" [_thread_blocked, id=7136, stack(0x000000bfc9d00000,0x000000bfc9e00000)]
  0x00000242e31b2c20 JavaThread "jar transforms Thread 5" [_thread_blocked, id=8812, stack(0x000000bfc9e00000,0x000000bfc9f00000)]
  0x00000242e31b35c0 JavaThread "Cache worker for checksums cache (C:\TIC Projects\EmailOtpApp\frontend\android\.gradle\8.12\checksums)" [_thread_blocked, id=17636, stack(0x000000bfc9f00000,0x000000bfca000000)]
  0x00000242e31b6110 JavaThread "Cache worker for file content cache (C:\Users\alpit\.gradle\caches\8.12\fileContent)" [_thread_blocked, id=12276, stack(0x000000bfca000000,0x000000bfca100000)]
  0x00000242e31b6ab0 JavaThread "jar transforms Thread 6" [_thread_blocked, id=11824, stack(0x000000bfca100000,0x000000bfca200000)]
  0x00000242e31b52a0 JavaThread "jar transforms Thread 7" [_thread_blocked, id=5620, stack(0x000000bfca200000,0x000000bfca300000)]
  0x00000242e31b30f0 JavaThread "jar transforms Thread 8" [_thread_blocked, id=27048, stack(0x000000bfca300000,0x000000bfca400000)]
  0x00000242e31b6f80 JavaThread "jar transforms Thread 9" [_thread_blocked, id=21204, stack(0x000000bfca400000,0x000000bfca500000)]
  0x00000242e31b7450 JavaThread "Cache worker for cache directory md-rule (C:\Users\alpit\.gradle\caches\8.12\md-rule)" [_thread_blocked, id=23192, stack(0x000000bfca500000,0x000000bfca600000)]
  0x00000242e31b3a90 JavaThread "Cache worker for cache directory md-supplier (C:\Users\alpit\.gradle\caches\8.12\md-supplier)" [_thread_blocked, id=13076, stack(0x000000bfca600000,0x000000bfca700000)]
  0x00000242e31b8c60 JavaThread "Cache worker for Build Output Cleanup Cache (C:\Users\alpit\dev\flutter\packages\flutter_tools\gradle\.gradle\buildOutputCleanup)" [_thread_blocked, id=25992, stack(0x000000bfca700000,0x000000bfca800000)]
  0x00000242e31b7920 JavaThread "Unconstrained build operations" [_thread_blocked, id=4356, stack(0x000000bfca800000,0x000000bfca900000)]
  0x00000242e31b9ad0 JavaThread "Unconstrained build operations Thread 2" [_thread_blocked, id=5528, stack(0x000000bfca900000,0x000000bfcaa00000)]
  0x00000242e31b7df0 JavaThread "Unconstrained build operations Thread 3" [_thread_blocked, id=24860, stack(0x000000bfcaa00000,0x000000bfcab00000)]
  0x00000242e31b9fa0 JavaThread "Unconstrained build operations Thread 4" [_thread_blocked, id=6708, stack(0x000000bfcab00000,0x000000bfcac00000)]
  0x00000242e0345f20 JavaThread "Unconstrained build operations Thread 5" [_thread_blocked, id=2060, stack(0x000000bfcac00000,0x000000bfcad00000)]
  0x00000242e11fed70 JavaThread "Unconstrained build operations Thread 6" [_thread_blocked, id=15300, stack(0x000000bfcad00000,0x000000bfcae00000)]
  0x00000242e11fd090 JavaThread "Unconstrained build operations Thread 7" [_thread_blocked, id=20848, stack(0x000000bfcae00000,0x000000bfcaf00000)]
  0x00000242e11fd560 JavaThread "Unconstrained build operations Thread 8" [_thread_blocked, id=19232, stack(0x000000bfcaf00000,0x000000bfcb000000)]
  0x00000242e11fe8a0 JavaThread "Unconstrained build operations Thread 9" [_thread_blocked, id=14180, stack(0x000000bfcb000000,0x000000bfcb100000)]
  0x00000242e11fdf00 JavaThread "Unconstrained build operations Thread 10" [_thread_blocked, id=4268, stack(0x000000bfcb100000,0x000000bfcb200000)]
  0x00000242e11fe3d0 JavaThread "Unconstrained build operations Thread 11" [_thread_blocked, id=2788, stack(0x000000bfcb200000,0x000000bfcb300000)]
  0x00000242e1200580 JavaThread "Unconstrained build operations Thread 12" [_thread_blocked, id=25204, stack(0x000000bfcb300000,0x000000bfcb400000)]
  0x00000242e1200a50 JavaThread "Unconstrained build operations Thread 13" [_thread_blocked, id=19716, stack(0x000000bfcb400000,0x000000bfcb500000)]
  0x00000242e1200f20 JavaThread "Unconstrained build operations Thread 14" [_thread_blocked, id=1796, stack(0x000000bfcb500000,0x000000bfcb600000)]
  0x00000242e12013f0 JavaThread "Unconstrained build operations Thread 15" [_thread_blocked, id=22320, stack(0x000000bfcb600000,0x000000bfcb700000)]
  0x00000242e12000b0 JavaThread "Unconstrained build operations Thread 16" [_thread_blocked, id=7976, stack(0x000000bfcb700000,0x000000bfcb800000)]
  0x00000242e11fda30 JavaThread "Unconstrained build operations Thread 17" [_thread_blocked, id=18296, stack(0x000000bfcb800000,0x000000bfcb900000)]
  0x00000242e1201d90 JavaThread "Unconstrained build operations Thread 18" [_thread_blocked, id=13928, stack(0x000000bfcb900000,0x000000bfcba00000)]
  0x00000242e1202260 JavaThread "Unconstrained build operations Thread 19" [_thread_blocked, id=21116, stack(0x000000bfcba00000,0x000000bfcbb00000)]
  0x00000242e12018c0 JavaThread "Unconstrained build operations Thread 20" [_thread_blocked, id=3624, stack(0x000000bfcbb00000,0x000000bfcbc00000)]
  0x00000242e11ff240 JavaThread "Unconstrained build operations Thread 21" [_thread_blocked, id=14452, stack(0x000000bfcbc00000,0x000000bfcbd00000)]
  0x00000242e1202730 JavaThread "Unconstrained build operations Thread 22" [_thread_blocked, id=5460, stack(0x000000bfcbd00000,0x000000bfcbe00000)]
  0x00000242e1202c00 JavaThread "Unconstrained build operations Thread 23" [_thread_blocked, id=14388, stack(0x000000bfcbe00000,0x000000bfcbf00000)]
  0x00000242e12030d0 JavaThread "Unconstrained build operations Thread 24" [_thread_blocked, id=20692, stack(0x000000bfcbf00000,0x000000bfcc000000)]
  0x00000242e11ff710 JavaThread "Unconstrained build operations Thread 25" [_thread_blocked, id=13992, stack(0x000000bfcc000000,0x000000bfcc100000)]
  0x00000242e12035a0 JavaThread "Unconstrained build operations Thread 26" [_thread_blocked, id=25672, stack(0x000000bfcc100000,0x000000bfcc200000)]
  0x00000242e11ffbe0 JavaThread "Unconstrained build operations Thread 27" [_thread_blocked, id=25688, stack(0x000000bfcc200000,0x000000bfcc300000)]
  0x00000242e1203a70 JavaThread "Unconstrained build operations Thread 28" [_thread_blocked, id=7460, stack(0x000000bfcc300000,0x000000bfcc400000)]
  0x00000242e1204410 JavaThread "Unconstrained build operations Thread 29" [_thread_blocked, id=12228, stack(0x000000bfcc400000,0x000000bfcc500000)]
  0x00000242e1203f40 JavaThread "Unconstrained build operations Thread 30" [_thread_blocked, id=27132, stack(0x000000bfcc500000,0x000000bfcc600000)]
  0x00000242e12048e0 JavaThread "Unconstrained build operations Thread 31" [_thread_blocked, id=23828, stack(0x000000bfcc600000,0x000000bfcc700000)]
  0x00000242e4615f80 JavaThread "Unconstrained build operations Thread 32" [_thread_blocked, id=6964, stack(0x000000bfcc700000,0x000000bfcc800000)]
  0x00000242e4615110 JavaThread "Unconstrained build operations Thread 33" [_thread_blocked, id=4000, stack(0x000000bfcc800000,0x000000bfcc900000)]
  0x00000242e4616450 JavaThread "Unconstrained build operations Thread 34" [_thread_blocked, id=19704, stack(0x000000bfcc900000,0x000000bfcca00000)]
  0x00000242e4616df0 JavaThread "Unconstrained build operations Thread 35" [_thread_blocked, id=9860, stack(0x000000bfcca00000,0x000000bfccb00000)]
  0x00000242e4615ab0 JavaThread "Unconstrained build operations Thread 36" [_thread_blocked, id=27620, stack(0x000000bfccb00000,0x000000bfccc00000)]
  0x00000242e4616920 JavaThread "Unconstrained build operations Thread 37" [_thread_blocked, id=20928, stack(0x000000bfccc00000,0x000000bfccd00000)]
  0x00000242e4613430 JavaThread "Unconstrained build operations Thread 38" [_thread_blocked, id=6184, stack(0x000000bfccd00000,0x000000bfcce00000)]
  0x00000242e46142a0 JavaThread "Unconstrained build operations Thread 39" [_thread_blocked, id=12748, stack(0x000000bfcce00000,0x000000bfccf00000)]
  0x00000242e4614770 JavaThread "Unconstrained build operations Thread 40" [_thread_blocked, id=17048, stack(0x000000bfccf00000,0x000000bfcd000000)]
  0x00000242e46155e0 JavaThread "Unconstrained build operations Thread 41" [_thread_blocked, id=2216, stack(0x000000bfcd000000,0x000000bfcd100000)]
  0x00000242e46172c0 JavaThread "Unconstrained build operations Thread 42" [_thread_blocked, id=13972, stack(0x000000bfcd100000,0x000000bfcd200000)]
  0x00000242e4613900 JavaThread "Unconstrained build operations Thread 43" [_thread_blocked, id=21032, stack(0x000000bfcd200000,0x000000bfcd300000)]
  0x00000242e4614c40 JavaThread "Unconstrained build operations Thread 44" [_thread_blocked, id=9412, stack(0x000000bfcd300000,0x000000bfcd400000)]
  0x00000242e4617790 JavaThread "Unconstrained build operations Thread 45" [_thread_blocked, id=10048, stack(0x000000bfcd400000,0x000000bfcd500000)]
  0x00000242e4613dd0 JavaThread "Memory manager" [_thread_blocked, id=23120, stack(0x000000bfcd500000,0x000000bfcd600000)]
  0x00000242e4619940 JavaThread "build event listener" [_thread_blocked, id=20076, stack(0x000000bfcd600000,0x000000bfcd700000)]
  0x00000242c02d73e0 JavaThread "C2 CompilerThread1" daemon [_thread_in_native, id=4476, stack(0x000000bfc7300000,0x000000bfc7400000)]
=>0x00000242e54fddf0 JavaThread "C2 CompilerThread2" daemon [_thread_in_native, id=23868, stack(0x000000bfc7400000,0x000000bfc7500000)]
  0x00000242e54fe300 JavaThread "C1 CompilerThread1" daemon [_thread_blocked, id=14332, stack(0x000000bfc7f00000,0x000000bfc8000000)]
  0x00000242e54fc4a0 JavaThread "C1 CompilerThread2" daemon [_thread_in_native, id=2340, stack(0x000000bfc8b00000,0x000000bfc8c00000)]
  0x00000242e54fb060 JavaThread "C1 CompilerThread3" daemon [_thread_blocked, id=14328, stack(0x000000bfc9700000,0x000000bfc9800000)]
  0x00000242e4618130 JavaThread "included builds" [_thread_blocked, id=28076, stack(0x000000bfcd700000,0x000000bfcd800000)]
  0x00000242e4618fa0 JavaThread "Execution worker" [_thread_blocked, id=20672, stack(0x000000bfcd800000,0x000000bfcd900000)]
  0x00000242e461ac80 JavaThread "Execution worker Thread 2" [_thread_blocked, id=23744, stack(0x000000bfcd900000,0x000000bfcda00000)]
  0x00000242e1f0ba20 JavaThread "Execution worker Thread 3" [_thread_blocked, id=15292, stack(0x000000bfcda00000,0x000000bfcdb00000)]
  0x00000242e1f0a6e0 JavaThread "Execution worker Thread 4" [_thread_in_Java, id=1500, stack(0x000000bfcdb00000,0x000000bfcdc00000)]
  0x00000242e1f08060 JavaThread "Execution worker Thread 5" [_thread_blocked, id=25984, stack(0x000000bfcdc00000,0x000000bfcdd00000)]
  0x00000242e1f0bef0 JavaThread "Execution worker Thread 6" [_thread_blocked, id=13988, stack(0x000000bfcdd00000,0x000000bfcde00000)]
  0x00000242e1f09d40 JavaThread "Execution worker Thread 7" [_thread_blocked, id=15212, stack(0x000000bfcde00000,0x000000bfcdf00000)]
  0x00000242e1f0a210 JavaThread "Execution worker Thread 8" [_thread_blocked, id=25384, stack(0x000000bfcdf00000,0x000000bfce000000)]
  0x00000242e1f08ed0 JavaThread "Execution worker Thread 9" [_thread_blocked, id=26636, stack(0x000000bfce000000,0x000000bfce100000)]
  0x00000242e1f0abb0 JavaThread "Execution worker Thread 10" [_thread_blocked, id=14568, stack(0x000000bfce100000,0x000000bfce200000)]
  0x00000242e1f08a00 JavaThread "Execution worker Thread 11" [_thread_blocked, id=19640, stack(0x000000bfce200000,0x000000bfce300000)]
  0x00000242e1f0b080 JavaThread "Execution worker Thread 12" [_thread_blocked, id=20804, stack(0x000000bfce300000,0x000000bfce400000)]
  0x00000242e1f08530 JavaThread "Execution worker Thread 13" [_thread_blocked, id=11432, stack(0x000000bfce400000,0x000000bfce500000)]
  0x00000242e1f0c890 JavaThread "Execution worker Thread 14" [_thread_blocked, id=9768, stack(0x000000bfce500000,0x000000bfce600000)]
  0x00000242e1f09870 JavaThread "Execution worker Thread 15" [_thread_blocked, id=4392, stack(0x000000bfce600000,0x000000bfce700000)]
  0x00000242e1f093a0 JavaThread "Cache worker for execution history cache (C:\Users\alpit\dev\flutter\packages\flutter_tools\gradle\.gradle\8.12\executionHistory)" [_thread_blocked, id=19436, stack(0x000000bfce700000,0x000000bfce800000)]
  0x00000242e1f0d230 JavaThread "Unconstrained build operations Thread 46" [_thread_blocked, id=28156, stack(0x000000bfce800000,0x000000bfce900000)]
  0x00000242e1f0c3c0 JavaThread "Unconstrained build operations Thread 47" [_thread_blocked, id=20752, stack(0x000000bfce900000,0x000000bfcea00000)]
  0x00000242e1f0e0a0 JavaThread "Unconstrained build operations Thread 48" [_thread_blocked, id=1668, stack(0x000000bfcea00000,0x000000bfceb00000)]
  0x00000242e1f0cd60 JavaThread "Unconstrained build operations Thread 49" [_thread_blocked, id=13532, stack(0x000000bfceb00000,0x000000bfcec00000)]
  0x00000242e1f0d700 JavaThread "Unconstrained build operations Thread 50" [_thread_blocked, id=21260, stack(0x000000bfcec00000,0x000000bfced00000)]
  0x00000242e1f0e570 JavaThread "Unconstrained build operations Thread 51" [_thread_blocked, id=26388, stack(0x000000bfced00000,0x000000bfcee00000)]
  0x00000242e1f0ea40 JavaThread "Unconstrained build operations Thread 52" [_thread_blocked, id=20196, stack(0x000000bfcee00000,0x000000bfcef00000)]
  0x00000242e1f0ef10 JavaThread "Unconstrained build operations Thread 53" [_thread_blocked, id=12112, stack(0x000000bfcef00000,0x000000bfcf000000)]
  0x00000242e1f0b550 JavaThread "Unconstrained build operations Thread 54" [_thread_blocked, id=23404, stack(0x000000bfcf000000,0x000000bfcf100000)]
  0x00000242e1f0f3e0 JavaThread "Unconstrained build operations Thread 55" [_thread_blocked, id=19936, stack(0x000000bfcf100000,0x000000bfcf200000)]
  0x00000242e1f0f8b0 JavaThread "Unconstrained build operations Thread 56" [_thread_blocked, id=19544, stack(0x000000bfcf200000,0x000000bfcf300000)]
  0x00000242e6292340 JavaThread "Unconstrained build operations Thread 57" [_thread_blocked, id=25592, stack(0x000000bfcf300000,0x000000bfcf400000)]
  0x00000242e628f7f0 JavaThread "Unconstrained build operations Thread 58" [_thread_blocked, id=26100, stack(0x000000bfcf400000,0x000000bfcf500000)]
  0x00000242e62914d0 JavaThread "Unconstrained build operations Thread 59" [_thread_blocked, id=25324, stack(0x000000bfcf500000,0x000000bfcf600000)]
  0x00000242e6290190 JavaThread "Unconstrained build operations Thread 60" [_thread_blocked, id=25664, stack(0x000000bfcf600000,0x000000bfcf700000)]
  0x00000242e6292810 JavaThread "Unconstrained build operations Thread 61" [_thread_blocked, id=25752, stack(0x000000bfcf700000,0x000000bfcf800000)]
  0x00000242e6291e70 JavaThread "Unconstrained build operations Thread 62" [_thread_blocked, id=1248, stack(0x000000bfcf800000,0x000000bfcf900000)]
  0x00000242e628ee50 JavaThread "Unconstrained build operations Thread 63" [_thread_blocked, id=14148, stack(0x000000bfcf900000,0x000000bfcfa00000)]
  0x00000242e6290b30 JavaThread "Unconstrained build operations Thread 64" [_thread_blocked, id=28020, stack(0x000000bfcfa00000,0x000000bfcfb00000)]
  0x00000242e628f320 JavaThread "Unconstrained build operations Thread 65" [_thread_blocked, id=460, stack(0x000000bfcfb00000,0x000000bfcfc00000)]
  0x00000242e628fcc0 JavaThread "Unconstrained build operations Thread 66" [_thread_blocked, id=4684, stack(0x000000bfcfc00000,0x000000bfcfd00000)]
  0x00000242e6290660 JavaThread "Unconstrained build operations Thread 67" [_thread_blocked, id=7080, stack(0x000000bfcfd00000,0x000000bfcfe00000)]
  0x00000242e6291000 JavaThread "Unconstrained build operations Thread 68" [_thread_blocked, id=6564, stack(0x000000bfcfe00000,0x000000bfcff00000)]
  0x00000242e62919a0 JavaThread "Unconstrained build operations Thread 69" [_thread_blocked, id=17328, stack(0x000000bfcff00000,0x000000bfd0000000)]
  0x00000242e48b4360 JavaThread "Unconstrained build operations Thread 70" [_thread_blocked, id=18808, stack(0x000000bfd0000000,0x000000bfd0100000)]
  0x00000242e48b4d00 JavaThread "Unconstrained build operations Thread 71" [_thread_blocked, id=21964, stack(0x000000bfd0100000,0x000000bfd0200000)]
  0x00000242e48b7380 JavaThread "Unconstrained build operations Thread 72" [_thread_blocked, id=13164, stack(0x000000bfd0200000,0x000000bfd0300000)]
  0x00000242e48b4830 JavaThread "Unconstrained build operations Thread 73" [_thread_blocked, id=19372, stack(0x000000bfd0300000,0x000000bfd0400000)]
  0x00000242e48b3e90 JavaThread "Unconstrained build operations Thread 74" [_thread_blocked, id=23768, stack(0x000000bfd0400000,0x000000bfd0500000)]
  0x00000242e48b69e0 JavaThread "Unconstrained build operations Thread 75" [_thread_blocked, id=24648, stack(0x000000bfd0500000,0x000000bfd0600000)]
  0x00000242e48b81f0 JavaThread "Unconstrained build operations Thread 76" [_thread_blocked, id=21932, stack(0x000000bfd0600000,0x000000bfd0700000)]
  0x00000242e48b86c0 JavaThread "Unconstrained build operations Thread 77" [_thread_blocked, id=26756, stack(0x000000bfd0700000,0x000000bfd0800000)]
  0x00000242e48b51d0 JavaThread "Unconstrained build operations Thread 78" [_thread_blocked, id=1968, stack(0x000000bfd0800000,0x000000bfd0900000)]
  0x00000242e48b6040 JavaThread "Unconstrained build operations Thread 79" [_thread_blocked, id=26368, stack(0x000000bfd0900000,0x000000bfd0a00000)]
  0x00000242e48b7d20 JavaThread "Unconstrained build operations Thread 80" [_thread_blocked, id=19872, stack(0x000000bfd0a00000,0x000000bfd0b00000)]
  0x00000242e48b8b90 JavaThread "Unconstrained build operations Thread 81" [_thread_blocked, id=12252, stack(0x000000bfd0b00000,0x000000bfd0c00000)]
  0x00000242e48b9060 JavaThread "Unconstrained build operations Thread 82" [_thread_blocked, id=27916, stack(0x000000bfd0c00000,0x000000bfd0d00000)]
  0x00000242e48b6eb0 JavaThread "Unconstrained build operations Thread 83" [_thread_blocked, id=12512, stack(0x000000bfd0d00000,0x000000bfd0e00000)]
  0x00000242e48b6510 JavaThread "Unconstrained build operations Thread 84" [_thread_blocked, id=6332, stack(0x000000bfd0e00000,0x000000bfd0f00000)]
  0x00000242e48b9530 JavaThread "Unconstrained build operations Thread 85" [_thread_blocked, id=8032, stack(0x000000bfd0f00000,0x000000bfd1000000)]
  0x00000242e48b56a0 JavaThread "Unconstrained build operations Thread 86" [_thread_blocked, id=11344, stack(0x000000bfd1000000,0x000000bfd1100000)]
  0x00000242e48b5b70 JavaThread "Unconstrained build operations Thread 87" [_thread_blocked, id=3964, stack(0x000000bfd1100000,0x000000bfd1200000)]
  0x00000242e48b9a00 JavaThread "Unconstrained build operations Thread 88" [_thread_blocked, id=12988, stack(0x000000bfd1200000,0x000000bfd1300000)]
  0x00000242e48ba870 JavaThread "Unconstrained build operations Thread 89" [_thread_blocked, id=13872, stack(0x000000bfd1300000,0x000000bfd1400000)]
  0x00000242e48ba3a0 JavaThread "Unconstrained build operations Thread 90" [_thread_blocked, id=11036, stack(0x000000bfd1400000,0x000000bfd1500000)]

Other Threads:
  0x00000242bf72e860 VMThread "VM Thread" [stack: 0x000000bfc6900000,0x000000bfc6a00000] [id=4880]
  0x00000242a14bf4b0 WatcherThread [stack: 0x000000bfc7800000,0x000000bfc7900000] [id=28620]
  0x00000242a1495b80 GCTaskThread "GC Thread#0" [stack: 0x000000bfc6400000,0x000000bfc6500000] [id=27980]
  0x00000242c0b67ce0 GCTaskThread "GC Thread#1" [stack: 0x000000bfc7a00000,0x000000bfc7b00000] [id=15128]
  0x00000242c08631c0 GCTaskThread "GC Thread#2" [stack: 0x000000bfc7b00000,0x000000bfc7c00000] [id=10916]
  0x00000242c0e14850 GCTaskThread "GC Thread#3" [stack: 0x000000bfc7c00000,0x000000bfc7d00000] [id=28516]
  0x00000242e0148920 GCTaskThread "GC Thread#4" [stack: 0x000000bfc7d00000,0x000000bfc7e00000] [id=27164]
  0x00000242c0a3a730 GCTaskThread "GC Thread#5" [stack: 0x000000bfc7e00000,0x000000bfc7f00000] [id=19696]
  0x00000242e1853b90 GCTaskThread "GC Thread#6" [stack: 0x000000bfc8e00000,0x000000bfc8f00000] [id=7000]
  0x00000242e32f5e40 GCTaskThread "GC Thread#7" [stack: 0x000000bfc8f00000,0x000000bfc9000000] [id=28472]
  0x00000242e3da9ca0 GCTaskThread "GC Thread#8" [stack: 0x000000bfc9000000,0x000000bfc9100000] [id=26036]
  0x00000242e3192420 GCTaskThread "GC Thread#9" [stack: 0x000000bfc9100000,0x000000bfc9200000] [id=4416]
  0x00000242e14c8300 GCTaskThread "GC Thread#10" [stack: 0x000000bfc9200000,0x000000bfc9300000] [id=27696]
  0x00000242e35a0830 GCTaskThread "GC Thread#11" [stack: 0x000000bfc9300000,0x000000bfc9400000] [id=20776]
  0x00000242e2d09ad0 GCTaskThread "GC Thread#12" [stack: 0x000000bfc9400000,0x000000bfc9500000] [id=7380]
  0x00000242a14a79f0 ConcurrentGCThread "G1 Main Marker" [stack: 0x000000bfc6500000,0x000000bfc6600000] [id=1984]
  0x00000242a14a8310 ConcurrentGCThread "G1 Conc#0" [stack: 0x000000bfc6600000,0x000000bfc6700000] [id=27024]
  0x00000242e2d08a50 ConcurrentGCThread "G1 Conc#1" [stack: 0x000000bfc9500000,0x000000bfc9600000] [id=3028]
  0x00000242e2d08790 ConcurrentGCThread "G1 Conc#2" [stack: 0x000000bfc9600000,0x000000bfc9700000] [id=24964]
  0x00000242a14fe3b0 ConcurrentGCThread "G1 Refine#0" [stack: 0x000000bfc6700000,0x000000bfc6800000] [id=11560]
  0x00000242a14feb90 ConcurrentGCThread "G1 Service" [stack: 0x000000bfc6800000,0x000000bfc6900000] [id=23932]

Threads with active compile tasks:
C2 CompilerThread0    14372 9498       4       java.io.ObjectOutputStream$HandleTable::assign (52 bytes)
C1 CompilerThread0    14373 9535       3       org.gradle.api.internal.artifacts.ivyservice.resolutionstrategy.DefaultCachePolicy$$Lambda$894/0x00000242c26c4cb0::execute (16 bytes)
C2 CompilerThread1    14373 9231   !   4       java.io.ObjectOutputStream::writeObject0 (620 bytes)
C2 CompilerThread2    14373 9143       4       java.io.ObjectOutputStream::writeClassDesc (60 bytes)
C1 CompilerThread1    14373 9542       3       java.lang.StringLatin1::getBytes (12 bytes)
C1 CompilerThread2    14373 9537       1       org.gradle.internal.component.external.model.ExternalModuleDependencyMetadata::getArtifacts (5 bytes)
C1 CompilerThread3    14373 9540       3       org.gradle.api.internal.artifacts.ivyservice.resolveengine.graph.builder.EdgeState::getExclusions (16 bytes)

VM state: not at safepoint (normal execution)

VM Mutex/Monitor currently owned by a thread:  ([mutex/lock_event])
[0x00000242a1430f90] CodeCache_lock - owner thread: 0x0000000000000000
[0x00000242a1433c90] Compile_lock - owner thread: 0x0000000000000000
[0x00000242a1433f60] MethodCompileQueue_lock - owner thread: 0x00000242c0202460

Heap address: 0x0000000080000000, size: 2048 MB, Compressed Oops mode: 32-bit

CDS archive(s) mapped at: [0x00000242c1000000-0x00000242c1bd0000-0x00000242c1bd0000), size 12386304, SharedBaseAddress: 0x00000242c1000000, ArchiveRelocationMode: 1.
Compressed class space mapped at: 0x00000242c2000000-0x00000242dc000000, reserved size: 436207616
Narrow klass base: 0x00000242c1000000, Narrow klass shift: 0, Narrow klass range: 0x100000000

GC Precious Log:
 CPUs: 16 total, 16 available
 Memory: 16051M
 Large Page Support: Disabled
 NUMA Support: Disabled
 Compressed Oops: Enabled (32-bit)
 Heap Region Size: 1M
 Heap Min Capacity: 8M
 Heap Initial Capacity: 252M
 Heap Max Capacity: 2G
 Pre-touch: Disabled
 Parallel Workers: 13
 Concurrent Workers: 3
 Concurrent Refinement Workers: 13
 Periodic GC: Disabled

Heap:
 garbage-first heap   total 164864K, used 86420K [0x0000000080000000, 0x0000000100000000)
  region size 1024K, 21 young (21504K), 5 survivors (5120K)
 Metaspace       used 70675K, committed 71424K, reserved 491520K
  class space    used 10061K, committed 10432K, reserved 425984K

Heap Regions: E=young(eden), S=young(survivor), O=old, HS=humongous(starts), HC=humongous(continues), CS=collection set, F=free, OA=open archive, CA=closed archive, TAMS=top-at-mark-start (previous, next)
|   0|0x0000000080000000, 0x0000000080100000, 0x0000000080100000|100%| O|  |TAMS 0x0000000080100000, 0x0000000080000000| Untracked 
|   1|0x0000000080100000, 0x0000000080200000, 0x0000000080200000|100%|HS|  |TAMS 0x0000000080200000, 0x0000000080100000| Complete 
|   2|0x0000000080200000, 0x0000000080300000, 0x0000000080300000|100%|HC|  |TAMS 0x0000000080300000, 0x0000000080200000| Complete 
|   3|0x0000000080300000, 0x0000000080400000, 0x0000000080400000|100%|HC|  |TAMS 0x0000000080400000, 0x0000000080300000| Complete 
|   4|0x0000000080400000, 0x0000000080500000, 0x0000000080500000|100%| O|  |TAMS 0x0000000080500000, 0x0000000080400000| Untracked 
|   5|0x0000000080500000, 0x0000000080600000, 0x0000000080600000|100%| O|  |TAMS 0x0000000080600000, 0x0000000080500000| Untracked 
|   6|0x0000000080600000, 0x0000000080700000, 0x0000000080700000|100%| O|  |TAMS 0x0000000080700000, 0x0000000080600000| Untracked 
|   7|0x0000000080700000, 0x0000000080800000, 0x0000000080800000|100%|HS|  |TAMS 0x0000000080800000, 0x0000000080700000| Complete 
|   8|0x0000000080800000, 0x0000000080900000, 0x0000000080900000|100%| O|  |TAMS 0x0000000080900000, 0x0000000080800000| Untracked 
|   9|0x0000000080900000, 0x0000000080a00000, 0x0000000080a00000|100%| O|  |TAMS 0x0000000080a00000, 0x0000000080900000| Untracked 
|  10|0x0000000080a00000, 0x0000000080b00000, 0x0000000080b00000|100%| O|  |TAMS 0x0000000080b00000, 0x0000000080a00000| Untracked 
|  11|0x0000000080b00000, 0x0000000080c00000, 0x0000000080c00000|100%| O|  |TAMS 0x0000000080c00000, 0x0000000080b00000| Untracked 
|  12|0x0000000080c00000, 0x0000000080ce6800, 0x0000000080d00000| 90%| O|  |TAMS 0x0000000080ce6800, 0x0000000080c00000| Untracked 
|  13|0x0000000080d00000, 0x0000000080e00000, 0x0000000080e00000|100%| O|  |TAMS 0x0000000080e00000, 0x0000000080d00000| Untracked 
|  14|0x0000000080e00000, 0x0000000080f00000, 0x0000000080f00000|100%| O|  |TAMS 0x0000000080f00000, 0x0000000080e00000| Untracked 
|  15|0x0000000080f00000, 0x0000000081000000, 0x0000000081000000|100%| O|  |TAMS 0x0000000081000000, 0x0000000080f00000| Untracked 
|  16|0x0000000081000000, 0x0000000081100000, 0x0000000081100000|100%| O|  |TAMS 0x0000000081100000, 0x0000000081000000| Untracked 
|  17|0x0000000081100000, 0x0000000081200000, 0x0000000081200000|100%| O|  |TAMS 0x0000000081200000, 0x0000000081100000| Untracked 
|  18|0x0000000081200000, 0x0000000081300000, 0x0000000081300000|100%| O|  |TAMS 0x0000000081300000, 0x0000000081200000| Untracked 
|  19|0x0000000081300000, 0x0000000081400000, 0x0000000081400000|100%| O|  |TAMS 0x0000000081400000, 0x0000000081300000| Untracked 
|  20|0x0000000081400000, 0x0000000081500000, 0x0000000081500000|100%| O|  |TAMS 0x0000000081500000, 0x0000000081400000| Untracked 
|  21|0x0000000081500000, 0x0000000081600000, 0x0000000081600000|100%| O|  |TAMS 0x0000000081600000, 0x0000000081500000| Untracked 
|  22|0x0000000081600000, 0x0000000081700000, 0x0000000081700000|100%| O|  |TAMS 0x0000000081700000, 0x0000000081600000| Untracked 
|  23|0x0000000081700000, 0x0000000081800000, 0x0000000081800000|100%| O|  |TAMS 0x0000000081800000, 0x0000000081700000| Untracked 
|  24|0x0000000081800000, 0x0000000081900000, 0x0000000081900000|100%| O|  |TAMS 0x0000000081900000, 0x0000000081800000| Untracked 
|  25|0x0000000081900000, 0x0000000081a00000, 0x0000000081a00000|100%| O|  |TAMS 0x0000000081a00000, 0x0000000081900000| Untracked 
|  26|0x0000000081a00000, 0x0000000081b00000, 0x0000000081b00000|100%| O|  |TAMS 0x0000000081b00000, 0x0000000081a00000| Untracked 
|  27|0x0000000081b00000, 0x0000000081c00000, 0x0000000081c00000|100%| O|  |TAMS 0x0000000081c00000, 0x0000000081b00000| Untracked 
|  28|0x0000000081c00000, 0x0000000081d00000, 0x0000000081d00000|100%| O|  |TAMS 0x0000000081d00000, 0x0000000081c00000| Untracked 
|  29|0x0000000081d00000, 0x0000000081e00000, 0x0000000081e00000|100%| O|  |TAMS 0x0000000081e00000, 0x0000000081d00000| Untracked 
|  30|0x0000000081e00000, 0x0000000081f00000, 0x0000000081f00000|100%| O|  |TAMS 0x0000000081f00000, 0x0000000081e00000| Untracked 
|  31|0x0000000081f00000, 0x0000000082000000, 0x0000000082000000|100%| O|  |TAMS 0x0000000082000000, 0x0000000081f00000| Untracked 
|  32|0x0000000082000000, 0x0000000082100000, 0x0000000082100000|100%| O|  |TAMS 0x0000000082000000, 0x0000000082000000| Untracked 
|  33|0x0000000082100000, 0x0000000082200000, 0x0000000082200000|100%| O|  |TAMS 0x0000000082200000, 0x0000000082100000| Untracked 
|  34|0x0000000082200000, 0x0000000082300000, 0x0000000082300000|100%| O|  |TAMS 0x0000000082300000, 0x0000000082200000| Untracked 
|  35|0x0000000082300000, 0x0000000082400000, 0x0000000082400000|100%| O|  |TAMS 0x0000000082400000, 0x0000000082300000| Untracked 
|  36|0x0000000082400000, 0x0000000082500000, 0x0000000082500000|100%| O|  |TAMS 0x0000000082500000, 0x0000000082400000| Untracked 
|  37|0x0000000082500000, 0x0000000082600000, 0x0000000082600000|100%| O|  |TAMS 0x0000000082600000, 0x0000000082500000| Untracked 
|  38|0x0000000082600000, 0x0000000082700000, 0x0000000082700000|100%| O|  |TAMS 0x0000000082700000, 0x0000000082600000| Untracked 
|  39|0x0000000082700000, 0x0000000082800000, 0x0000000082800000|100%| O|  |TAMS 0x0000000082800000, 0x0000000082700000| Untracked 
|  40|0x0000000082800000, 0x0000000082900000, 0x0000000082900000|100%| O|  |TAMS 0x0000000082900000, 0x0000000082800000| Untracked 
|  41|0x0000000082900000, 0x0000000082a00000, 0x0000000082a00000|100%| O|  |TAMS 0x0000000082a00000, 0x0000000082900000| Untracked 
|  42|0x0000000082a00000, 0x0000000082b00000, 0x0000000082b00000|100%| O|  |TAMS 0x0000000082b00000, 0x0000000082a00000| Untracked 
|  43|0x0000000082b00000, 0x0000000082c00000, 0x0000000082c00000|100%| O|  |TAMS 0x0000000082c00000, 0x0000000082b00000| Untracked 
|  44|0x0000000082c00000, 0x0000000082c00000, 0x0000000082d00000|  0%| F|  |TAMS 0x0000000082c00000, 0x0000000082c00000| Untracked 
|  45|0x0000000082d00000, 0x0000000082e00000, 0x0000000082e00000|100%|HS|  |TAMS 0x0000000082e00000, 0x0000000082d00000| Complete 
|  46|0x0000000082e00000, 0x0000000082f00000, 0x0000000082f00000|100%|HC|  |TAMS 0x0000000082f00000, 0x0000000082e00000| Complete 
|  47|0x0000000082f00000, 0x0000000083000000, 0x0000000083000000|100%|HS|  |TAMS 0x0000000083000000, 0x0000000082f00000| Complete 
|  48|0x0000000083000000, 0x0000000083100000, 0x0000000083100000|100%|HC|  |TAMS 0x0000000083100000, 0x0000000083000000| Complete 
|  49|0x0000000083100000, 0x0000000083200000, 0x0000000083200000|100%|HS|  |TAMS 0x0000000083200000, 0x0000000083100000| Complete 
|  50|0x0000000083200000, 0x0000000083300000, 0x0000000083300000|100%|HC|  |TAMS 0x0000000083300000, 0x0000000083200000| Complete 
|  51|0x0000000083300000, 0x0000000083400000, 0x0000000083400000|100%|HC|  |TAMS 0x0000000083400000, 0x0000000083300000| Complete 
|  52|0x0000000083400000, 0x0000000083500000, 0x0000000083500000|100%| O|  |TAMS 0x0000000083500000, 0x0000000083400000| Untracked 
|  53|0x0000000083500000, 0x0000000083600000, 0x0000000083600000|100%| O|  |TAMS 0x0000000083600000, 0x0000000083500000| Untracked 
|  54|0x0000000083600000, 0x0000000083700000, 0x0000000083700000|100%| O|  |TAMS 0x0000000083700000, 0x0000000083600000| Untracked 
|  55|0x0000000083700000, 0x0000000083800000, 0x0000000083800000|100%| O|  |TAMS 0x0000000083800000, 0x0000000083700000| Untracked 
|  56|0x0000000083800000, 0x0000000083900000, 0x0000000083900000|100%| O|  |TAMS 0x0000000083900000, 0x0000000083800000| Untracked 
|  57|0x0000000083900000, 0x0000000083a00000, 0x0000000083a00000|100%| O|  |TAMS 0x0000000083a00000, 0x0000000083900000| Untracked 
|  58|0x0000000083a00000, 0x0000000083b00000, 0x0000000083b00000|100%| O|  |TAMS 0x0000000083b00000, 0x0000000083a00000| Untracked 
|  59|0x0000000083b00000, 0x0000000083c00000, 0x0000000083c00000|100%|HS|  |TAMS 0x0000000083c00000, 0x0000000083b00000| Complete 
|  60|0x0000000083c00000, 0x0000000083d00000, 0x0000000083d00000|100%|HC|  |TAMS 0x0000000083d00000, 0x0000000083c00000| Complete 
|  61|0x0000000083d00000, 0x0000000083e00000, 0x0000000083e00000|100%|HC|  |TAMS 0x0000000083e00000, 0x0000000083d00000| Complete 
|  62|0x0000000083e00000, 0x0000000083f00000, 0x0000000083f00000|100%| O|  |TAMS 0x0000000083f00000, 0x0000000083e00000| Untracked 
|  63|0x0000000083f00000, 0x0000000084000000, 0x0000000084000000|100%| O|  |TAMS 0x0000000083f8fe00, 0x0000000083f00000| Untracked 
|  64|0x0000000084000000, 0x0000000084100000, 0x0000000084100000|100%| O|  |TAMS 0x0000000084000000, 0x0000000084000000| Untracked 
|  65|0x0000000084100000, 0x0000000084200000, 0x0000000084200000|100%| O|  |TAMS 0x0000000084100000, 0x0000000084100000| Untracked 
|  66|0x0000000084200000, 0x0000000084300000, 0x0000000084300000|100%| O|  |TAMS 0x0000000084200000, 0x0000000084200000| Untracked 
|  67|0x0000000084300000, 0x000000008431bc00, 0x0000000084400000| 10%| O|  |TAMS 0x0000000084300000, 0x0000000084300000| Untracked 
|  68|0x0000000084400000, 0x0000000084400000, 0x0000000084500000|  0%| F|  |TAMS 0x0000000084400000, 0x0000000084400000| Untracked 
|  69|0x0000000084500000, 0x0000000084500000, 0x0000000084600000|  0%| F|  |TAMS 0x0000000084500000, 0x0000000084500000| Untracked 
|  70|0x0000000084600000, 0x0000000084600000, 0x0000000084700000|  0%| F|  |TAMS 0x0000000084600000, 0x0000000084600000| Untracked 
|  71|0x0000000084700000, 0x0000000084700000, 0x0000000084800000|  0%| F|  |TAMS 0x0000000084700000, 0x0000000084700000| Untracked 
|  72|0x0000000084800000, 0x0000000084800000, 0x0000000084900000|  0%| F|  |TAMS 0x0000000084800000, 0x0000000084800000| Untracked 
|  73|0x0000000084900000, 0x0000000084900000, 0x0000000084a00000|  0%| F|  |TAMS 0x0000000084900000, 0x0000000084900000| Untracked 
|  74|0x0000000084a00000, 0x0000000084a00000, 0x0000000084b00000|  0%| F|  |TAMS 0x0000000084a00000, 0x0000000084a00000| Untracked 
|  75|0x0000000084b00000, 0x0000000084b00000, 0x0000000084c00000|  0%| F|  |TAMS 0x0000000084b00000, 0x0000000084b00000| Untracked 
|  76|0x0000000084c00000, 0x0000000084c00000, 0x0000000084d00000|  0%| F|  |TAMS 0x0000000084c00000, 0x0000000084c00000| Untracked 
|  77|0x0000000084d00000, 0x0000000084d00000, 0x0000000084e00000|  0%| F|  |TAMS 0x0000000084d00000, 0x0000000084d00000| Untracked 
|  78|0x0000000084e00000, 0x0000000084e00000, 0x0000000084f00000|  0%| F|  |TAMS 0x0000000084e00000, 0x0000000084e00000| Untracked 
|  79|0x0000000084f00000, 0x0000000084f00000, 0x0000000085000000|  0%| F|  |TAMS 0x0000000084f00000, 0x0000000084f00000| Untracked 
|  80|0x0000000085000000, 0x0000000085000000, 0x0000000085100000|  0%| F|  |TAMS 0x0000000085000000, 0x0000000085000000| Untracked 
|  81|0x0000000085100000, 0x0000000085100000, 0x0000000085200000|  0%| F|  |TAMS 0x0000000085100000, 0x0000000085100000| Untracked 
|  82|0x0000000085200000, 0x0000000085200000, 0x0000000085300000|  0%| F|  |TAMS 0x0000000085200000, 0x0000000085200000| Untracked 
|  83|0x0000000085300000, 0x0000000085300000, 0x0000000085400000|  0%| F|  |TAMS 0x0000000085300000, 0x0000000085300000| Untracked 
|  84|0x0000000085400000, 0x0000000085400000, 0x0000000085500000|  0%| F|  |TAMS 0x0000000085400000, 0x0000000085400000| Untracked 
|  85|0x0000000085500000, 0x0000000085500000, 0x0000000085600000|  0%| F|  |TAMS 0x0000000085500000, 0x0000000085500000| Untracked 
|  86|0x0000000085600000, 0x0000000085600000, 0x0000000085700000|  0%| F|  |TAMS 0x0000000085600000, 0x0000000085600000| Untracked 
|  87|0x0000000085700000, 0x0000000085700000, 0x0000000085800000|  0%| F|  |TAMS 0x0000000085700000, 0x0000000085700000| Untracked 
|  88|0x0000000085800000, 0x0000000085800000, 0x0000000085900000|  0%| F|  |TAMS 0x0000000085800000, 0x0000000085800000| Untracked 
|  89|0x0000000085900000, 0x0000000085900000, 0x0000000085a00000|  0%| F|  |TAMS 0x0000000085900000, 0x0000000085900000| Untracked 
|  90|0x0000000085a00000, 0x0000000085a00000, 0x0000000085b00000|  0%| F|  |TAMS 0x0000000085a00000, 0x0000000085a00000| Untracked 
|  91|0x0000000085b00000, 0x0000000085b00000, 0x0000000085c00000|  0%| F|  |TAMS 0x0000000085b00000, 0x0000000085b00000| Untracked 
|  92|0x0000000085c00000, 0x0000000085c00000, 0x0000000085d00000|  0%| F|  |TAMS 0x0000000085c00000, 0x0000000085c00000| Untracked 
|  93|0x0000000085d00000, 0x0000000085d00000, 0x0000000085e00000|  0%| F|  |TAMS 0x0000000085d00000, 0x0000000085d00000| Untracked 
|  94|0x0000000085e00000, 0x0000000085e00000, 0x0000000085f00000|  0%| F|  |TAMS 0x0000000085e00000, 0x0000000085e00000| Untracked 
|  95|0x0000000085f00000, 0x0000000085f00000, 0x0000000086000000|  0%| F|  |TAMS 0x0000000085f00000, 0x0000000085f00000| Untracked 
|  96|0x0000000086000000, 0x0000000086000000, 0x0000000086100000|  0%| F|  |TAMS 0x0000000086000000, 0x0000000086000000| Untracked 
|  97|0x0000000086100000, 0x0000000086100000, 0x0000000086200000|  0%| F|  |TAMS 0x0000000086100000, 0x0000000086100000| Untracked 
|  98|0x0000000086200000, 0x0000000086200000, 0x0000000086300000|  0%| F|  |TAMS 0x0000000086200000, 0x0000000086200000| Untracked 
|  99|0x0000000086300000, 0x0000000086362ec0, 0x0000000086400000| 38%| S|CS|TAMS 0x0000000086300000, 0x0000000086300000| Complete 
| 100|0x0000000086400000, 0x0000000086500000, 0x0000000086500000|100%| S|CS|TAMS 0x0000000086400000, 0x0000000086400000| Complete 
| 101|0x0000000086500000, 0x0000000086600000, 0x0000000086600000|100%| S|CS|TAMS 0x0000000086500000, 0x0000000086500000| Complete 
| 102|0x0000000086600000, 0x0000000086700000, 0x0000000086700000|100%| S|CS|TAMS 0x0000000086600000, 0x0000000086600000| Complete 
| 103|0x0000000086700000, 0x0000000086800000, 0x0000000086800000|100%| S|CS|TAMS 0x0000000086700000, 0x0000000086700000| Complete 
| 104|0x0000000086800000, 0x0000000086800000, 0x0000000086900000|  0%| F|  |TAMS 0x0000000086800000, 0x0000000086800000| Untracked 
| 105|0x0000000086900000, 0x0000000086900000, 0x0000000086a00000|  0%| F|  |TAMS 0x0000000086900000, 0x0000000086900000| Untracked 
| 106|0x0000000086a00000, 0x0000000086a00000, 0x0000000086b00000|  0%| F|  |TAMS 0x0000000086a00000, 0x0000000086a00000| Untracked 
| 107|0x0000000086b00000, 0x0000000086b00000, 0x0000000086c00000|  0%| F|  |TAMS 0x0000000086b00000, 0x0000000086b00000| Untracked 
| 108|0x0000000086c00000, 0x0000000086c00000, 0x0000000086d00000|  0%| F|  |TAMS 0x0000000086c00000, 0x0000000086c00000| Untracked 
| 109|0x0000000086d00000, 0x0000000086d00000, 0x0000000086e00000|  0%| F|  |TAMS 0x0000000086d00000, 0x0000000086d00000| Untracked 
| 110|0x0000000086e00000, 0x0000000086e00000, 0x0000000086f00000|  0%| F|  |TAMS 0x0000000086e00000, 0x0000000086e00000| Untracked 
| 111|0x0000000086f00000, 0x0000000086f00000, 0x0000000087000000|  0%| F|  |TAMS 0x0000000086f00000, 0x0000000086f00000| Untracked 
| 112|0x0000000087000000, 0x0000000087000000, 0x0000000087100000|  0%| F|  |TAMS 0x0000000087000000, 0x0000000087000000| Untracked 
| 113|0x0000000087100000, 0x0000000087100000, 0x0000000087200000|  0%| F|  |TAMS 0x0000000087100000, 0x0000000087100000| Untracked 
| 114|0x0000000087200000, 0x0000000087200000, 0x0000000087300000|  0%| F|  |TAMS 0x0000000087200000, 0x0000000087200000| Untracked 
| 115|0x0000000087300000, 0x0000000087300000, 0x0000000087400000|  0%| F|  |TAMS 0x0000000087300000, 0x0000000087300000| Untracked 
| 116|0x0000000087400000, 0x0000000087400000, 0x0000000087500000|  0%| F|  |TAMS 0x0000000087400000, 0x0000000087400000| Untracked 
| 117|0x0000000087500000, 0x0000000087500000, 0x0000000087600000|  0%| F|  |TAMS 0x0000000087500000, 0x0000000087500000| Untracked 
| 118|0x0000000087600000, 0x0000000087600000, 0x0000000087700000|  0%| F|  |TAMS 0x0000000087600000, 0x0000000087600000| Untracked 
| 119|0x0000000087700000, 0x0000000087700000, 0x0000000087800000|  0%| F|  |TAMS 0x0000000087700000, 0x0000000087700000| Untracked 
| 120|0x0000000087800000, 0x0000000087800000, 0x0000000087900000|  0%| F|  |TAMS 0x0000000087800000, 0x0000000087800000| Untracked 
| 121|0x0000000087900000, 0x0000000087900000, 0x0000000087a00000|  0%| F|  |TAMS 0x0000000087900000, 0x0000000087900000| Untracked 
| 122|0x0000000087a00000, 0x0000000087a00000, 0x0000000087b00000|  0%| F|  |TAMS 0x0000000087a00000, 0x0000000087a00000| Untracked 
| 123|0x0000000087b00000, 0x0000000087b00000, 0x0000000087c00000|  0%| F|  |TAMS 0x0000000087b00000, 0x0000000087b00000| Untracked 
| 124|0x0000000087c00000, 0x0000000087c00000, 0x0000000087d00000|  0%| F|  |TAMS 0x0000000087c00000, 0x0000000087c00000| Untracked 
| 125|0x0000000087d00000, 0x0000000087d00000, 0x0000000087e00000|  0%| F|  |TAMS 0x0000000087d00000, 0x0000000087d00000| Untracked 
| 126|0x0000000087e00000, 0x0000000087e00000, 0x0000000087f00000|  0%| F|  |TAMS 0x0000000087e00000, 0x0000000087e00000| Untracked 
| 127|0x0000000087f00000, 0x0000000087f00000, 0x0000000088000000|  0%| F|  |TAMS 0x0000000087f00000, 0x0000000087f00000| Untracked 
| 128|0x0000000088000000, 0x0000000088000000, 0x0000000088100000|  0%| F|  |TAMS 0x0000000088000000, 0x0000000088000000| Untracked 
| 129|0x0000000088100000, 0x0000000088100000, 0x0000000088200000|  0%| F|  |TAMS 0x0000000088100000, 0x0000000088100000| Untracked 
| 130|0x0000000088200000, 0x0000000088200000, 0x0000000088300000|  0%| F|  |TAMS 0x0000000088200000, 0x0000000088200000| Untracked 
| 131|0x0000000088300000, 0x0000000088300000, 0x0000000088400000|  0%| F|  |TAMS 0x0000000088300000, 0x0000000088300000| Untracked 
| 132|0x0000000088400000, 0x0000000088400000, 0x0000000088500000|  0%| F|  |TAMS 0x0000000088400000, 0x0000000088400000| Untracked 
| 133|0x0000000088500000, 0x0000000088500000, 0x0000000088600000|  0%| F|  |TAMS 0x0000000088500000, 0x0000000088500000| Untracked 
| 134|0x0000000088600000, 0x0000000088600000, 0x0000000088700000|  0%| F|  |TAMS 0x0000000088600000, 0x0000000088600000| Untracked 
| 135|0x0000000088700000, 0x0000000088700000, 0x0000000088800000|  0%| F|  |TAMS 0x0000000088700000, 0x0000000088700000| Untracked 
| 136|0x0000000088800000, 0x0000000088800000, 0x0000000088900000|  0%| F|  |TAMS 0x0000000088800000, 0x0000000088800000| Untracked 
| 137|0x0000000088900000, 0x0000000088900000, 0x0000000088a00000|  0%| F|  |TAMS 0x0000000088900000, 0x0000000088900000| Untracked 
| 138|0x0000000088a00000, 0x0000000088a00000, 0x0000000088b00000|  0%| F|  |TAMS 0x0000000088a00000, 0x0000000088a00000| Untracked 
| 139|0x0000000088b00000, 0x0000000088b00000, 0x0000000088c00000|  0%| F|  |TAMS 0x0000000088b00000, 0x0000000088b00000| Untracked 
| 140|0x0000000088c00000, 0x0000000088c00000, 0x0000000088d00000|  0%| F|  |TAMS 0x0000000088c00000, 0x0000000088c00000| Untracked 
| 141|0x0000000088d00000, 0x0000000088d00000, 0x0000000088e00000|  0%| F|  |TAMS 0x0000000088d00000, 0x0000000088d00000| Untracked 
| 142|0x0000000088e00000, 0x0000000088e00000, 0x0000000088f00000|  0%| F|  |TAMS 0x0000000088e00000, 0x0000000088e00000| Untracked 
| 143|0x0000000088f00000, 0x0000000088f00000, 0x0000000089000000|  0%| F|  |TAMS 0x0000000088f00000, 0x0000000088f00000| Untracked 
| 144|0x0000000089000000, 0x0000000089000000, 0x0000000089100000|  0%| F|  |TAMS 0x0000000089000000, 0x0000000089000000| Untracked 
| 145|0x0000000089100000, 0x00000000891ce298, 0x0000000089200000| 80%| E|  |TAMS 0x0000000089100000, 0x0000000089100000| Complete 
| 146|0x0000000089200000, 0x0000000089300000, 0x0000000089300000|100%| E|CS|TAMS 0x0000000089200000, 0x0000000089200000| Complete 
| 147|0x0000000089300000, 0x0000000089400000, 0x0000000089400000|100%| E|CS|TAMS 0x0000000089300000, 0x0000000089300000| Complete 
| 148|0x0000000089400000, 0x0000000089500000, 0x0000000089500000|100%| E|CS|TAMS 0x0000000089400000, 0x0000000089400000| Complete 
| 149|0x0000000089500000, 0x0000000089600000, 0x0000000089600000|100%| E|  |TAMS 0x0000000089500000, 0x0000000089500000| Complete 
| 150|0x0000000089600000, 0x0000000089700000, 0x0000000089700000|100%| E|CS|TAMS 0x0000000089600000, 0x0000000089600000| Complete 
| 151|0x0000000089700000, 0x0000000089800000, 0x0000000089800000|100%| E|CS|TAMS 0x0000000089700000, 0x0000000089700000| Complete 
| 152|0x0000000089800000, 0x0000000089900000, 0x0000000089900000|100%| E|CS|TAMS 0x0000000089800000, 0x0000000089800000| Complete 
| 153|0x0000000089900000, 0x0000000089a00000, 0x0000000089a00000|100%| E|CS|TAMS 0x0000000089900000, 0x0000000089900000| Complete 
| 154|0x0000000089a00000, 0x0000000089b00000, 0x0000000089b00000|100%| E|CS|TAMS 0x0000000089a00000, 0x0000000089a00000| Complete 
| 155|0x0000000089b00000, 0x0000000089c00000, 0x0000000089c00000|100%| E|CS|TAMS 0x0000000089b00000, 0x0000000089b00000| Complete 
| 156|0x0000000089c00000, 0x0000000089d00000, 0x0000000089d00000|100%| E|CS|TAMS 0x0000000089c00000, 0x0000000089c00000| Complete 
| 157|0x0000000089d00000, 0x0000000089e00000, 0x0000000089e00000|100%| E|CS|TAMS 0x0000000089d00000, 0x0000000089d00000| Complete 
| 158|0x0000000089e00000, 0x0000000089f00000, 0x0000000089f00000|100%| E|CS|TAMS 0x0000000089e00000, 0x0000000089e00000| Complete 
| 159|0x0000000089f00000, 0x000000008a000000, 0x000000008a000000|100%| E|CS|TAMS 0x0000000089f00000, 0x0000000089f00000| Complete 
| 251|0x000000008fb00000, 0x000000008fc00000, 0x000000008fc00000|100%| E|CS|TAMS 0x000000008fb00000, 0x000000008fb00000| Complete 

Card table byte_map: [0x00000242b89f0000,0x00000242b8df0000] _byte_map_base: 0x00000242b85f0000

Marking Bits (Prev, Next): (CMBitMap*) 0x00000242a1497100, (CMBitMap*) 0x00000242a14970c0
 Prev Bits: [0x00000242bb1f0000, 0x00000242bd1f0000)
 Next Bits: [0x00000242b91f0000, 0x00000242bb1f0000)

Polling page: 0x000002429f320000

Metaspace:

Usage:
  Non-class:     59.20 MB used.
      Class:      9.83 MB used.
       Both:     69.03 MB used.

Virtual space:
  Non-class space:       64.00 MB reserved,      59.56 MB ( 93%) committed,  1 nodes.
      Class space:      416.00 MB reserved,      10.19 MB (  2%) committed,  1 nodes.
             Both:      480.00 MB reserved,      69.75 MB ( 15%) committed. 

Chunk freelists:
   Non-Class:  4.20 MB
       Class:  5.86 MB
        Both:  10.06 MB

MaxMetaspaceSize: 512.00 MB
CompressedClassSpaceSize: 416.00 MB
Initial GC threshold: 21.00 MB
Current GC threshold: 107.31 MB
CDS: on
MetaspaceReclaimPolicy: balanced
 - commit_granule_bytes: 65536.
 - commit_granule_words: 8192.
 - virtual_space_node_default_size: 8388608.
 - enlarge_chunks_in_place: 1.
 - new_chunks_are_fully_committed: 0.
 - uncommit_free_chunks: 1.
 - use_allocation_guard: 0.
 - handle_deallocations: 1.


Internal statistics:

num_allocs_failed_limit: 6.
num_arena_births: 970.
num_arena_deaths: 0.
num_vsnodes_births: 2.
num_vsnodes_deaths: 0.
num_space_committed: 1116.
num_space_uncommitted: 0.
num_chunks_returned_to_freelist: 6.
num_chunks_taken_from_freelist: 3990.
num_chunk_merges: 6.
num_chunk_splits: 2552.
num_chunks_enlarged: 1623.
num_inconsistent_stats: 0.

CodeHeap 'non-profiled nmethods': size=119168Kb used=5528Kb max_used=5528Kb free=113639Kb
 bounds [0x00000242b08f0000, 0x00000242b0e60000, 0x00000242b7d50000]
CodeHeap 'profiled nmethods': size=119104Kb used=17399Kb max_used=17399Kb free=101704Kb
 bounds [0x00000242a8d50000, 0x00000242a9e50000, 0x00000242b01a0000]
CodeHeap 'non-nmethods': size=7488Kb used=4072Kb max_used=4136Kb free=3416Kb
 bounds [0x00000242b01a0000, 0x00000242b05b0000, 0x00000242b08f0000]
 total_blobs=9691 nmethods=8782 adapters=818
 compilation: enabled
              stopped_count=0, restarted_count=0
 full_count=0

Compilation events (20 events):
Event: 14.208 Thread 0x00000242e54fc4a0 9332       3       org.gradle.internal.operations.DefaultBuildOperationProgressEventEmitter::doEmit (21 bytes)
Event: 14.208 Thread 0x00000242e54fc4a0 nmethod 9332 0x00000242a9dd4610 code [0x00000242a9dd47c0, 0x00000242a9dd4b28]
Event: 14.208 Thread 0x00000242c0202460 nmethod 9318 0x00000242a9dd4c90 code [0x00000242a9dd4e80, 0x00000242a9dd5308]
Event: 14.208 Thread 0x00000242e54fc4a0 9333       3       org.gradle.tooling.internal.provider.runner.BuildPhaseOperationListener::progress (1 bytes)
Event: 14.208 Thread 0x00000242c0202460 9334       3       org.gradle.internal.operations.notify.BuildOperationNotificationBridge$Adapter::findOwner (29 bytes)
Event: 14.208 Thread 0x00000242e54fc4a0 nmethod 9333 0x00000242a9dd5510 code [0x00000242a9dd56a0, 0x00000242a9dd57b8]
Event: 14.208 Thread 0x00000242e54fc4a0 9329       3       org.gradle.internal.operations.OperationProgressEvent::<init> (15 bytes)
Event: 14.209 Thread 0x00000242e54fe300 nmethod 9322 0x00000242a9dd5890 code [0x00000242a9dd5d00, 0x00000242a9dd8158]
Event: 14.209 Thread 0x00000242c0202460 nmethod 9334 0x00000242a9dd8c10 code [0x00000242a9dd8de0, 0x00000242a9dd91f8]
Event: 14.209 Thread 0x00000242e54fb060 nmethod 9336 0x00000242a9dd9310 code [0x00000242a9dd9540, 0x00000242a9dd9f28]
Event: 14.209 Thread 0x00000242e54fc4a0 nmethod 9329 0x00000242a9dda210 code [0x00000242a9dda3a0, 0x00000242a9dda558]
Event: 14.209 Thread 0x00000242e54fb060 9330       3       org.gradle.internal.operations.notify.BuildOperationNotificationBridge$RecordingListener::progress (12 bytes)
Event: 14.209 Thread 0x00000242e54fc4a0 9328       3       org.gradle.api.internal.file.FileCollectionFactory::empty (4 bytes)
Event: 14.209 Thread 0x00000242e54fe300 9339       3       org.gradle.internal.snapshot.impl.DirectorySnapshotterStatistics$CollectingFileVisitor::postVisitDirectory (10 bytes)
Event: 14.209 Thread 0x00000242c0202460 9340       3       org.gradle.internal.snapshot.impl.DirectorySnapshotterStatistics$CollectingFileVisitor::postVisitDirectory (7 bytes)
Event: 14.209 Thread 0x00000242e54fc4a0 nmethod 9328 0x00000242a9dda610 code [0x00000242a9dda7a0, 0x00000242a9dda898]
Event: 14.209 Thread 0x00000242e54fc4a0 9341       3       org.gradle.internal.snapshot.impl.DirectorySnapshotter$PathVisitor::doPostVisitDirectory (84 bytes)
Event: 14.209 Thread 0x00000242e54fb060 nmethod 9330 0x00000242a9dda910 code [0x00000242a9ddaac0, 0x00000242a9ddac88]
Event: 14.209 Thread 0x00000242e54fb060 9342       3       org.gradle.internal.snapshot.impl.DirectorySnapshotter$PathVisitor::isNotFileSystemLoopException (17 bytes)
Event: 14.323 Thread 0x00000242c0202460 nmethod 9340 0x00000242a9ddad90 code [0x00000242a9ddaf20, 0x00000242a9ddb068]

GC Heap History (20 events):
Event: 7.950 GC heap before
{Heap before GC invocations=22 (full 0):
 garbage-first heap   total 103424K, used 82651K [0x0000000080000000, 0x0000000100000000)
  region size 1024K, 26 young (26624K), 1 survivors (1024K)
 Metaspace       used 56665K, committed 57344K, reserved 491520K
  class space    used 8052K, committed 8384K, reserved 425984K
}
Event: 7.951 GC heap after
{Heap after GC invocations=23 (full 0):
 garbage-first heap   total 103424K, used 58411K [0x0000000080000000, 0x0000000100000000)
  region size 1024K, 1 young (1024K), 1 survivors (1024K)
 Metaspace       used 56665K, committed 57344K, reserved 491520K
  class space    used 8052K, committed 8384K, reserved 425984K
}
Event: 8.357 GC heap before
{Heap before GC invocations=24 (full 0):
 garbage-first heap   total 104448K, used 85035K [0x0000000080000000, 0x0000000100000000)
  region size 1024K, 27 young (27648K), 1 survivors (1024K)
 Metaspace       used 59576K, committed 60288K, reserved 491520K
  class space    used 8442K, committed 8768K, reserved 425984K
}
Event: 8.359 GC heap after
{Heap after GC invocations=25 (full 0):
 garbage-first heap   total 104448K, used 59385K [0x0000000080000000, 0x0000000100000000)
  region size 1024K, 2 young (2048K), 2 survivors (2048K)
 Metaspace       used 59576K, committed 60288K, reserved 491520K
  class space    used 8442K, committed 8768K, reserved 425984K
}
Event: 8.400 GC heap before
{Heap before GC invocations=25 (full 0):
 garbage-first heap   total 104448K, used 62457K [0x0000000080000000, 0x0000000100000000)
  region size 1024K, 5 young (5120K), 2 survivors (2048K)
 Metaspace       used 59773K, committed 60480K, reserved 491520K
  class space    used 8474K, committed 8832K, reserved 425984K
}
Event: 8.402 GC heap after
{Heap after GC invocations=26 (full 0):
 garbage-first heap   total 104448K, used 59216K [0x0000000080000000, 0x0000000100000000)
  region size 1024K, 1 young (1024K), 1 survivors (1024K)
 Metaspace       used 59773K, committed 60480K, reserved 491520K
  class space    used 8474K, committed 8832K, reserved 425984K
}
Event: 8.735 GC heap before
{Heap before GC invocations=26 (full 0):
 garbage-first heap   total 104448K, used 86864K [0x0000000080000000, 0x0000000100000000)
  region size 1024K, 28 young (28672K), 1 survivors (1024K)
 Metaspace       used 61732K, committed 62464K, reserved 491520K
  class space    used 8716K, committed 9088K, reserved 425984K
}
Event: 8.737 GC heap after
{Heap after GC invocations=27 (full 0):
 garbage-first heap   total 104448K, used 60302K [0x0000000080000000, 0x0000000100000000)
  region size 1024K, 2 young (2048K), 2 survivors (2048K)
 Metaspace       used 61732K, committed 62464K, reserved 491520K
  class space    used 8716K, committed 9088K, reserved 425984K
}
Event: 12.514 GC heap before
{Heap before GC invocations=28 (full 0):
 garbage-first heap   total 106496K, used 88974K [0x0000000080000000, 0x0000000100000000)
  region size 1024K, 28 young (28672K), 2 survivors (2048K)
 Metaspace       used 63360K, committed 64064K, reserved 491520K
  class space    used 8955K, committed 9280K, reserved 425984K
}
Event: 12.517 GC heap after
{Heap after GC invocations=29 (full 0):
 garbage-first heap   total 106496K, used 64470K [0x0000000080000000, 0x0000000100000000)
  region size 1024K, 3 young (3072K), 3 survivors (3072K)
 Metaspace       used 63360K, committed 64064K, reserved 491520K
  class space    used 8955K, committed 9280K, reserved 425984K
}
Event: 12.546 GC heap before
{Heap before GC invocations=29 (full 0):
 garbage-first heap   total 106496K, used 65494K [0x0000000080000000, 0x0000000100000000)
  region size 1024K, 5 young (5120K), 3 survivors (3072K)
 Metaspace       used 63483K, committed 64256K, reserved 491520K
  class space    used 8978K, committed 9344K, reserved 425984K
}
Event: 12.548 GC heap after
{Heap after GC invocations=30 (full 0):
 garbage-first heap   total 106496K, used 64253K [0x0000000080000000, 0x0000000100000000)
  region size 1024K, 1 young (1024K), 1 survivors (1024K)
 Metaspace       used 63483K, committed 64256K, reserved 491520K
  class space    used 8978K, committed 9344K, reserved 425984K
}
Event: 12.852 GC heap before
{Heap before GC invocations=30 (full 0):
 garbage-first heap   total 106496K, used 87805K [0x0000000080000000, 0x0000000100000000)
  region size 1024K, 25 young (25600K), 1 survivors (1024K)
 Metaspace       used 65112K, committed 65856K, reserved 491520K
  class space    used 9221K, committed 9600K, reserved 425984K
}
Event: 12.854 GC heap after
{Heap after GC invocations=31 (full 0):
 garbage-first heap   total 106496K, used 65111K [0x0000000080000000, 0x0000000100000000)
  region size 1024K, 2 young (2048K), 2 survivors (2048K)
 Metaspace       used 65112K, committed 65856K, reserved 491520K
  class space    used 9221K, committed 9600K, reserved 425984K
}
Event: 13.178 GC heap before
{Heap before GC invocations=32 (full 0):
 garbage-first heap   total 114688K, used 87639K [0x0000000080000000, 0x0000000100000000)
  region size 1024K, 25 young (25600K), 2 survivors (2048K)
 Metaspace       used 66096K, committed 66816K, reserved 491520K
  class space    used 9348K, committed 9728K, reserved 425984K
}
Event: 13.181 GC heap after
{Heap after GC invocations=33 (full 0):
 garbage-first heap   total 164864K, used 68098K [0x0000000080000000, 0x0000000100000000)
  region size 1024K, 4 young (4096K), 4 survivors (4096K)
 Metaspace       used 66096K, committed 66816K, reserved 491520K
  class space    used 9348K, committed 9728K, reserved 425984K
}
Event: 13.238 GC heap before
{Heap before GC invocations=33 (full 0):
 garbage-first heap   total 164864K, used 71170K [0x0000000080000000, 0x0000000100000000)
  region size 1024K, 8 young (8192K), 4 survivors (4096K)
 Metaspace       used 66422K, committed 67136K, reserved 491520K
  class space    used 9394K, committed 9728K, reserved 425984K
}
Event: 13.240 GC heap after
{Heap after GC invocations=34 (full 0):
 garbage-first heap   total 164864K, used 67989K [0x0000000080000000, 0x0000000100000000)
  region size 1024K, 1 young (1024K), 1 survivors (1024K)
 Metaspace       used 66422K, committed 67136K, reserved 491520K
  class space    used 9394K, committed 9728K, reserved 425984K
}
Event: 14.113 GC heap before
{Heap before GC invocations=34 (full 0):
 garbage-first heap   total 164864K, used 125333K [0x0000000080000000, 0x0000000100000000)
  region size 1024K, 57 young (58368K), 1 survivors (1024K)
 Metaspace       used 70405K, committed 71168K, reserved 491520K
  class space    used 10048K, committed 10368K, reserved 425984K
}
Event: 14.117 GC heap after
{Heap after GC invocations=35 (full 0):
 garbage-first heap   total 164864K, used 72084K [0x0000000080000000, 0x0000000100000000)
  region size 1024K, 5 young (5120K), 5 survivors (5120K)
 Metaspace       used 70405K, committed 71168K, reserved 491520K
  class space    used 10048K, committed 10368K, reserved 425984K
}

Deoptimization events (20 events):
Event: 13.979 Thread 0x00000242e1f0a6e0 DEOPT PACKING pc=0x00000242b0d69de0 sp=0x000000bfcdbfa820
Event: 13.979 Thread 0x00000242e1f0a6e0 DEOPT UNPACKING pc=0x00000242b01f23a3 sp=0x000000bfcdbfa7a8 mode 2
Event: 14.006 Thread 0x00000242e1f0a6e0 Uncommon trap: trap_request=0xffffff45 fr.pc=0x00000242b0baa3fc relative=0x000000000000053c
Event: 14.006 Thread 0x00000242e1f0a6e0 Uncommon trap: reason=unstable_if action=reinterpret pc=0x00000242b0baa3fc method=java.lang.StringLatin1.compareToCI([B[B)I @ 68 c2
Event: 14.006 Thread 0x00000242e1f0a6e0 DEOPT PACKING pc=0x00000242b0baa3fc sp=0x000000bfcdbfbbb0
Event: 14.006 Thread 0x00000242e1f0a6e0 DEOPT UNPACKING pc=0x00000242b01f23a3 sp=0x000000bfcdbfbaa0 mode 2
Event: 14.119 Thread 0x00000242e1f0a6e0 DEOPT PACKING pc=0x00000242a8dd8863 sp=0x000000bfcdbf95b0
Event: 14.119 Thread 0x00000242e1f0a6e0 DEOPT UNPACKING pc=0x00000242b01f2b43 sp=0x000000bfcdbf8a58 mode 0
Event: 14.174 Thread 0x00000242e1f0a6e0 Uncommon trap: trap_request=0xffffff45 fr.pc=0x00000242b0afed50 relative=0x0000000000000d30
Event: 14.174 Thread 0x00000242e1f0a6e0 Uncommon trap: reason=unstable_if action=reinterpret pc=0x00000242b0afed50 method=com.esotericsoftware.kryo.io.Input.readString()Ljava/lang/String; @ 28 c2
Event: 14.174 Thread 0x00000242e1f0a6e0 DEOPT PACKING pc=0x00000242b0afed50 sp=0x000000bfcdbf9ca0
Event: 14.174 Thread 0x00000242e1f0a6e0 DEOPT UNPACKING pc=0x00000242b01f23a3 sp=0x000000bfcdbf9c78 mode 2
Event: 14.200 Thread 0x00000242e48b81f0 Uncommon trap: trap_request=0xfffffff4 fr.pc=0x00000242b0e44214 relative=0x00000000000010b4
Event: 14.200 Thread 0x00000242e48b81f0 Uncommon trap: reason=null_check action=make_not_entrant pc=0x00000242b0e44214 method=org.gradle.tooling.internal.provider.runner.ClientBuildEventGenerator$Enabled.accept(Lorg/gradle/internal/operations/BuildOperationDescriptor;)Lorg/gradle/tooling/intern
Event: 14.200 Thread 0x00000242e48b81f0 DEOPT PACKING pc=0x00000242b0e44214 sp=0x000000bfd06fe500
Event: 14.200 Thread 0x00000242e48b81f0 DEOPT UNPACKING pc=0x00000242b01f23a3 sp=0x000000bfd06fe4c8 mode 2
Event: 14.208 Thread 0x00000242e1f0a6e0 Uncommon trap: trap_request=0xffffff45 fr.pc=0x00000242b0c505ec relative=0x00000000000008ac
Event: 14.208 Thread 0x00000242e1f0a6e0 Uncommon trap: reason=unstable_if action=reinterpret pc=0x00000242b0c505ec method=java.util.concurrent.ConcurrentHashMap.replaceNode(Ljava/lang/Object;Ljava/lang/Object;Ljava/lang/Object;)Ljava/lang/Object; @ 62 c2
Event: 14.208 Thread 0x00000242e1f0a6e0 DEOPT PACKING pc=0x00000242b0c505ec sp=0x000000bfcdbfab60
Event: 14.208 Thread 0x00000242e1f0a6e0 DEOPT UNPACKING pc=0x00000242b01f23a3 sp=0x000000bfcdbfaaf8 mode 2

Classes unloaded (0 events):
No events

Classes redefined (0 events):
No events

Internal exceptions (20 events):
Event: 13.475 Thread 0x00000242e0345580 Exception <a 'java/lang/NoSuchMethodError'{0x0000000088e0ac40}: static Lorg/gradle/internal/build/event/types/DefaultBinaryPluginIdentifier;.<clinit>()V> (0x0000000088e0ac40) 
thrown [s\open\src\hotspot\share\prims\jni.cpp, line 1112]
Event: 13.477 Thread 0x00000242e0345580 Exception <a 'java/lang/NoSuchMethodError'{0x0000000088e2d738}: static Lorg/gradle/internal/build/event/types/DefaultScriptPluginIdentifier;.<clinit>()V> (0x0000000088e2d738) 
thrown [s\open\src\hotspot\share\prims\jni.cpp, line 1112]
Event: 13.697 Thread 0x00000242e1287d80 Implicit null exception at 0x00000242b0b7c44b to 0x00000242b0b7c470
Event: 13.707 Thread 0x00000242e1287d80 Exception <a 'java/lang/NoSuchMethodError'{0x0000000087f2a9c8}: 'java.lang.Object java.lang.invoke.DirectMethodHandle$Holder.newInvokeSpecial(java.lang.Object, java.lang.Object, java.lang.Object, java.lang.Object, java.lang.Object, java.lang.Object, int)'> (0x0000000087f2a9c8) 
thrown [s\open\src\hotspot\share\interpreter\linkResolver.cpp, line 759]
Event: 13.707 Thread 0x00000242e1287d80 Exception <a 'java/lang/NoSuchMethodError'{0x0000000087f30bc8}: 'java.lang.Object java.lang.invoke.DirectMethodHandle$Holder.invokeSpecial(java.lang.Object, java.lang.Object, java.lang.Object, java.lang.Object, java.lang.Object, java.lang.Object, java.lang.Object, int)'> (0x0000000087f30bc8) 
thrown [s\open\src\hotspot\share\interpreter\linkResolver.cpp, line 759]
Event: 13.707 Thread 0x00000242e1287d80 Exception <a 'java/lang/NoSuchMethodError'{0x0000000087f36798}: 'java.lang.Object java.lang.invoke.Invokers$Holder.linkToTargetMethod(java.lang.Object, java.lang.Object, java.lang.Object, java.lang.Object, java.lang.Object, int, java.lang.Object)'> (0x0000000087f36798) 
thrown [s\open\src\hotspot\share\interpreter\linkResolver.cpp, line 759]
Event: 13.811 Thread 0x00000242e4618130 Exception <a 'java/lang/NoSuchMethodError'{0x000000008793ae68}: 'java.lang.Object java.lang.invoke.DirectMethodHandle$Holder.newInvokeSpecial(java.lang.Object, java.lang.Object, int, java.lang.Object, java.lang.Object)'> (0x000000008793ae68) 
thrown [s\open\src\hotspot\share\interpreter\linkResolver.cpp, line 759]
Event: 13.866 Thread 0x00000242e0345580 Exception <a 'java/lang/NoSuchMethodError'{0x00000000874ef070}: static Lorg/gradle/internal/build/event/types/DefaultTaskStartedProgressEvent;.<clinit>()V> (0x00000000874ef070) 
thrown [s\open\src\hotspot\share\prims\jni.cpp, line 1112]
Event: 13.866 Thread 0x00000242e0345580 Exception <a 'java/lang/NoSuchMethodError'{0x00000000874f9b60}: static Lorg/gradle/internal/build/event/types/DefaultTaskDescriptor;.<clinit>()V> (0x00000000874f9b60) 
thrown [s\open\src\hotspot\share\prims\jni.cpp, line 1112]
Event: 13.874 Thread 0x00000242e0345580 Exception <a 'java/lang/NoSuchMethodError'{0x0000000087360908}: static Lorg/gradle/internal/build/event/types/DefaultTaskFinishedProgressEvent;.<clinit>()V> (0x0000000087360908) 
thrown [s\open\src\hotspot\share\prims\jni.cpp, line 1112]
Event: 13.875 Thread 0x00000242e0345580 Exception <a 'java/lang/NoSuchMethodError'{0x0000000087381e80}: static Lorg/gradle/internal/build/event/types/DefaultTaskSkippedResult;.<clinit>()V> (0x0000000087381e80) 
thrown [s\open\src\hotspot\share\prims\jni.cpp, line 1112]
Event: 13.875 Thread 0x00000242e0345580 Exception <a 'java/lang/NoSuchMethodError'{0x0000000087382f30}: static Lorg/gradle/internal/build/event/types/AbstractTaskResult;.<clinit>()V> (0x0000000087382f30) 
thrown [s\open\src\hotspot\share\prims\jni.cpp, line 1112]
Event: 13.876 Thread 0x00000242e1f0a6e0 Exception <a 'java/lang/NoSuchMethodError'{0x0000000087557a78}: 'void java.lang.invoke.DirectMethodHandle$Holder.invokeSpecial(java.lang.Object, java.lang.Object, java.lang.Object, java.lang.Object, int, java.lang.Object, java.lang.Object)'> (0x0000000087557a78) 
thrown [s\open\src\hotspot\share\interpreter\linkResolver.cpp, line 759]
Event: 13.889 Thread 0x00000242e1f0a6e0 Exception <a 'java/lang/NoSuchMethodError'{0x0000000087243d68}: 'void java.lang.invoke.DirectMethodHandle$Holder.invokeInterface(java.lang.Object, java.lang.Object, java.lang.Object, java.lang.Object)'> (0x0000000087243d68) 
thrown [s\open\src\hotspot\share\interpreter\linkResolver.cpp, line 759]
Event: 13.896 Thread 0x00000242e4619940 Exception <a 'java/lang/NoSuchMethodError'{0x0000000087117c50}: static Ljava/lang/Object;.<clinit>()V> (0x0000000087117c50) 
thrown [s\open\src\hotspot\share\prims\jni.cpp, line 1112]
Event: 13.897 Thread 0x00000242e4619940 Exception <a 'java/lang/NoSuchMethodError'{0x0000000087122eb8}: static Lorg/jetbrains/kotlin/gradle/plugin/statistics/MetricContainer;.<clinit>()V> (0x0000000087122eb8) 
thrown [s\open\src\hotspot\share\prims\jni.cpp, line 1112]
Event: 13.963 Thread 0x00000242e1f0a6e0 Exception <a 'java/lang/NoSuchMethodError'{0x0000000086f3bcd8}: 'int java.lang.invoke.DirectMethodHandle$Holder.invokeSpecial(java.lang.Object, java.lang.Object, java.lang.Object, java.lang.Object, java.lang.Object)'> (0x0000000086f3bcd8) 
thrown [s\open\src\hotspot\share\interpreter\linkResolver.cpp, line 759]
Event: 14.021 Thread 0x00000242e1f0a6e0 Exception <a 'java/lang/IncompatibleClassChangeError'{0x0000000086c91a98}: Found class java.lang.Object, but interface was expected> (0x0000000086c91a98) 
thrown [s\open\src\hotspot\share\interpreter\linkResolver.cpp, line 826]
Event: 14.189 Thread 0x00000242e1f0a6e0 Exception <a 'java/lang/NoSuchMethodError'{0x0000000089aface0}: static Ljava/lang/Object;.<clinit>()V> (0x0000000089aface0) 
thrown [s\open\src\hotspot\share\prims\jni.cpp, line 1112]
Event: 14.200 Thread 0x00000242e48b81f0 Implicit null exception at 0x00000242b0e431a6 to 0x00000242b0e44200

VM Operations (20 events):
Event: 13.522 Executing VM operation: ICBufferFull
Event: 13.523 Executing VM operation: ICBufferFull done
Event: 13.864 Executing VM operation: HandshakeAllThreads
Event: 13.864 Executing VM operation: HandshakeAllThreads done
Event: 13.864 Executing VM operation: ICBufferFull
Event: 13.864 Executing VM operation: ICBufferFull done
Event: 13.871 Executing VM operation: HandshakeAllThreads
Event: 13.871 Executing VM operation: HandshakeAllThreads done
Event: 13.884 Executing VM operation: HandshakeAllThreads
Event: 13.885 Executing VM operation: HandshakeAllThreads done
Event: 13.939 Executing VM operation: HandshakeAllThreads
Event: 13.939 Executing VM operation: HandshakeAllThreads done
Event: 13.942 Executing VM operation: HandshakeAllThreads
Event: 13.942 Executing VM operation: HandshakeAllThreads done
Event: 13.965 Executing VM operation: HandshakeAllThreads
Event: 13.965 Executing VM operation: HandshakeAllThreads done
Event: 14.097 Executing VM operation: ICBufferFull
Event: 14.097 Executing VM operation: ICBufferFull done
Event: 14.113 Executing VM operation: G1CollectForAllocation
Event: 14.117 Executing VM operation: G1CollectForAllocation done

Events (20 events):
Event: 14.179 Thread 0x00000242e62919a0 Thread added: 0x00000242e62919a0
Event: 14.179 Thread 0x00000242e48b4360 Thread added: 0x00000242e48b4360
Event: 14.179 Thread 0x00000242e48b4d00 Thread added: 0x00000242e48b4d00
Event: 14.179 Thread 0x00000242e48b7380 Thread added: 0x00000242e48b7380
Event: 14.180 Thread 0x00000242e48b4830 Thread added: 0x00000242e48b4830
Event: 14.180 Thread 0x00000242e48b3e90 Thread added: 0x00000242e48b3e90
Event: 14.180 Thread 0x00000242e48b69e0 Thread added: 0x00000242e48b69e0
Event: 14.200 Thread 0x00000242e48b81f0 Thread added: 0x00000242e48b81f0
Event: 14.200 Thread 0x00000242e48b86c0 Thread added: 0x00000242e48b86c0
Event: 14.201 Thread 0x00000242e48b51d0 Thread added: 0x00000242e48b51d0
Event: 14.201 Thread 0x00000242e48b6040 Thread added: 0x00000242e48b6040
Event: 14.202 Thread 0x00000242e48b7d20 Thread added: 0x00000242e48b7d20
Event: 14.202 Thread 0x00000242e48b8b90 Thread added: 0x00000242e48b8b90
Event: 14.202 Thread 0x00000242e48b9060 Thread added: 0x00000242e48b9060
Event: 14.203 Thread 0x00000242e48b6eb0 Thread added: 0x00000242e48b6eb0
Event: 14.204 Thread 0x00000242e48b6510 Thread added: 0x00000242e48b6510
Event: 14.205 Thread 0x00000242e48b9530 Thread added: 0x00000242e48b9530
Event: 14.206 Thread 0x00000242e48b56a0 Thread added: 0x00000242e48b56a0
Event: 14.207 Thread 0x00000242e48b5b70 Thread added: 0x00000242e48b5b70
Event: 14.209 Thread 0x00000242e48b9a00 Thread added: 0x00000242e48b9a00


Dynamic libraries:
0x00007ff7e32a0000 - 0x00007ff7e32b0000 	C:\Program Files\Java\jdk-17.0.18\bin\java.exe
0x00007ffa9dbe0000 - 0x00007ffa9de48000 	C:\WINDOWS\SYSTEM32\ntdll.dll
0x00007ffa9c880000 - 0x00007ffa9c949000 	C:\WINDOWS\System32\KERNEL32.DLL
0x00007ffa9a4c0000 - 0x00007ffa9a8b1000 	C:\WINDOWS\System32\KERNELBASE.dll
0x00007ffa9aa70000 - 0x00007ffa9abbb000 	C:\WINDOWS\System32\ucrtbase.dll
0x00007ffa8f4e0000 - 0x00007ffa8f4f9000 	C:\Program Files\Java\jdk-17.0.18\bin\jli.dll
0x00007ffa8db90000 - 0x00007ffa8dbae000 	C:\Program Files\Java\jdk-17.0.18\bin\VCRUNTIME140.dll
0x00007ffa9d700000 - 0x00007ffa9d7b4000 	C:\WINDOWS\System32\ADVAPI32.dll
0x00007ffa9da80000 - 0x00007ffa9db29000 	C:\WINDOWS\System32\msvcrt.dll
0x00007ffa9b980000 - 0x00007ffa9ba26000 	C:\WINDOWS\System32\sechost.dll
0x00007ffa9bd70000 - 0x00007ffa9be88000 	C:\WINDOWS\System32\RPCRT4.dll
0x00007ffa9d530000 - 0x00007ffa9d6f6000 	C:\WINDOWS\System32\USER32.dll
0x00007ffa9a8c0000 - 0x00007ffa9a8e7000 	C:\WINDOWS\System32\win32u.dll
0x00007ffa9c120000 - 0x00007ffa9c14b000 	C:\WINDOWS\System32\GDI32.dll
0x00007ffa74a80000 - 0x00007ffa74d13000 	C:\WINDOWS\WinSxS\amd64_microsoft.windows.common-controls_6595b64144ccf1df_6.0.26100.7824_none_3e0870b2e3345462\COMCTL32.dll
0x00007ffa9ac50000 - 0x00007ffa9ad7b000 	C:\WINDOWS\System32\gdi32full.dll
0x00007ffa9ad80000 - 0x00007ffa9ae23000 	C:\WINDOWS\System32\msvcp_win.dll
0x00007ffa8efe0000 - 0x00007ffa8efeb000 	C:\WINDOWS\SYSTEM32\VERSION.dll
0x00007ffa9c020000 - 0x00007ffa9c051000 	C:\WINDOWS\System32\IMM32.DLL
0x00007ffa577f0000 - 0x00007ffa577fc000 	C:\Program Files\Java\jdk-17.0.18\bin\vcruntime140_1.dll
0x00007ffa1fd40000 - 0x00007ffa1fdcd000 	C:\Program Files\Java\jdk-17.0.18\bin\msvcp140.dll
0x00007ffa02310000 - 0x00007ffa02ef4000 	C:\Program Files\Java\jdk-17.0.18\bin\server\jvm.dll
0x00007ffa9da70000 - 0x00007ffa9da78000 	C:\WINDOWS\System32\PSAPI.DLL
0x00007ffa577e0000 - 0x00007ffa577ea000 	C:\WINDOWS\SYSTEM32\WSOCK32.dll
0x00007ffa9d0b0000 - 0x00007ffa9d124000 	C:\WINDOWS\System32\WS2_32.dll
0x00007ffa8d660000 - 0x00007ffa8d695000 	C:\WINDOWS\SYSTEM32\WINMM.dll
0x00007ffa99260000 - 0x00007ffa9927b000 	C:\WINDOWS\SYSTEM32\kernel.appcore.dll
0x00007ffa577d0000 - 0x00007ffa577da000 	C:\Program Files\Java\jdk-17.0.18\bin\jimage.dll
0x00007ffa98310000 - 0x00007ffa98552000 	C:\WINDOWS\SYSTEM32\DBGHELP.DLL
0x00007ffa9d190000 - 0x00007ffa9d516000 	C:\WINDOWS\System32\combase.dll
0x00007ffa9c5e0000 - 0x00007ffa9c6b7000 	C:\WINDOWS\System32\OLEAUT32.dll
0x00007ffa710e0000 - 0x00007ffa7111b000 	C:\WINDOWS\SYSTEM32\dbgcore.DLL
0x00007ffa9b760000 - 0x00007ffa9b805000 	C:\WINDOWS\System32\bcryptPrimitives.dll
0x00007ffa503b0000 - 0x00007ffa503bf000 	C:\Program Files\Java\jdk-17.0.18\bin\instrument.dll
0x00007ffa50280000 - 0x00007ffa502a6000 	C:\Program Files\Java\jdk-17.0.18\bin\java.dll
0x00007ffa1ef00000 - 0x00007ffa1efd7000 	C:\Program Files\Java\jdk-17.0.18\bin\jsvml.dll
0x00007ffa9c950000 - 0x00007ffa9d0a2000 	C:\WINDOWS\System32\SHELL32.dll
0x00007ffa9b810000 - 0x00007ffa9b97a000 	C:\WINDOWS\System32\wintypes.dll
0x00007ffa9aef0000 - 0x00007ffa9b753000 	C:\WINDOWS\System32\windows.storage.dll
0x00007ffa9c6d0000 - 0x00007ffa9c7c6000 	C:\WINDOWS\System32\SHCORE.dll
0x00007ffa9db30000 - 0x00007ffa9db97000 	C:\WINDOWS\System32\shlwapi.dll
0x00007ffa9a3e0000 - 0x00007ffa9a409000 	C:\WINDOWS\SYSTEM32\profapi.dll
0x00007ffa50390000 - 0x00007ffa503a8000 	C:\Program Files\Java\jdk-17.0.18\bin\zip.dll
0x00007ffa4d040000 - 0x00007ffa4d05b000 	C:\Program Files\Java\jdk-17.0.18\bin\net.dll
0x00007ffa917a0000 - 0x00007ffa918c7000 	C:\WINDOWS\SYSTEM32\WINHTTP.dll
0x00007ffa99880000 - 0x00007ffa998eb000 	C:\WINDOWS\system32\mswsock.dll
0x00007ffa4c580000 - 0x00007ffa4c596000 	C:\Program Files\Java\jdk-17.0.18\bin\nio.dll
0x00007ffa50270000 - 0x00007ffa50280000 	C:\Program Files\Java\jdk-17.0.18\bin\verify.dll
0x00007ffa580a0000 - 0x00007ffa580c7000 	C:\Users\alpit\.gradle\native\1def1411415f61bf3af743bc5b6707747c0891f09f0c88961ee8f79bc544acac\windows-amd64\native-platform.dll
0x0000000064d10000 - 0x0000000064d83000 	C:\Users\alpit\.gradle\native\0.2.5\x86_64-windows-gnu\gradle-fileevents.dll
0x00007ffa4d630000 - 0x00007ffa4d63a000 	C:\Program Files\Java\jdk-17.0.18\bin\management.dll
0x00007ffa4d130000 - 0x00007ffa4d13c000 	C:\Program Files\Java\jdk-17.0.18\bin\management_ext.dll
0x00007ffa99bd0000 - 0x00007ffa99beb000 	C:\WINDOWS\SYSTEM32\CRYPTSP.dll
0x00007ffa991c0000 - 0x00007ffa991f9000 	C:\WINDOWS\system32\rsaenh.dll
0x00007ffa999a0000 - 0x00007ffa999cb000 	C:\WINDOWS\SYSTEM32\USERENV.dll
0x00007ffa9a3b0000 - 0x00007ffa9a3da000 	C:\WINDOWS\SYSTEM32\bcrypt.dll
0x00007ffa99bc0000 - 0x00007ffa99bcc000 	C:\WINDOWS\SYSTEM32\CRYPTBASE.dll
0x00007ffa98cf0000 - 0x00007ffa98d24000 	C:\WINDOWS\SYSTEM32\IPHLPAPI.DLL
0x00007ffa9d520000 - 0x00007ffa9d52a000 	C:\WINDOWS\System32\NSI.dll
0x00007ffa91ab0000 - 0x00007ffa91ace000 	C:\WINDOWS\SYSTEM32\dhcpcsvc6.DLL
0x00007ffa91a80000 - 0x00007ffa91aa3000 	C:\WINDOWS\SYSTEM32\dhcpcsvc.DLL
0x00007ffa98d50000 - 0x00007ffa98e7c000 	C:\WINDOWS\SYSTEM32\DNSAPI.dll
0x00007ffa4c300000 - 0x00007ffa4c30e000 	C:\Program Files\Java\jdk-17.0.18\bin\sunmscapi.dll
0x00007ffa9a8f0000 - 0x00007ffa9aa67000 	C:\WINDOWS\System32\CRYPT32.dll
0x00007ffa99de0000 - 0x00007ffa99e10000 	C:\WINDOWS\SYSTEM32\ncrypt.dll
0x00007ffa99d90000 - 0x00007ffa99dcf000 	C:\WINDOWS\SYSTEM32\NTASN1.dll
0x00007ffa660e0000 - 0x00007ffa660e8000 	C:\WINDOWS\system32\wshunix.dll
0x0000000064c10000 - 0x0000000064c83000 	C:\Users\alpit\AppData\Local\Temp\native-platform896519277724281125dir\gradle-fileevents.dll
0x00007ffa72a50000 - 0x00007ffa72a68000 	C:\WINDOWS\system32\napinsp.dll
0x00007ffa66510000 - 0x00007ffa66522000 	C:\WINDOWS\System32\winrnr.dll
0x00007ffa661c0000 - 0x00007ffa661e2000 	C:\WINDOWS\system32\nlansp_c.dll
0x00007ffa90460000 - 0x00007ffa90476000 	C:\WINDOWS\system32\wshbth.dll
0x00007ffa911f0000 - 0x00007ffa911fb000 	C:\Windows\System32\rasadhlp.dll
0x00007ffa91c80000 - 0x00007ffa91d06000 	C:\WINDOWS\System32\fwpuclnt.dll

dbghelp: loaded successfully - version: 4.0.5 - missing functions: none
symbol engine: initialized successfully - sym options: 0x614 - pdb path: .;C:\Program Files\Java\jdk-17.0.18\bin;C:\WINDOWS\SYSTEM32;C:\WINDOWS\WinSxS\amd64_microsoft.windows.common-controls_6595b64144ccf1df_6.0.26100.7824_none_3e0870b2e3345462;C:\Program Files\Java\jdk-17.0.18\bin\server;C:\Users\alpit\.gradle\native\1def1411415f61bf3af743bc5b6707747c0891f09f0c88961ee8f79bc544acac\windows-amd64;C:\Users\alpit\.gradle\native\0.2.5\x86_64-windows-gnu;C:\Users\alpit\AppData\Local\Temp\native-platform896519277724281125dir

VM Arguments:
jvm_args: --add-opens=java.base/java.lang=ALL-UNNAMED --add-opens=java.base/java.lang.invoke=ALL-UNNAMED --add-opens=java.base/java.util=ALL-UNNAMED --add-opens=java.prefs/java.util.prefs=ALL-UNNAMED --add-exports=jdk.compiler/com.sun.tools.javac.api=ALL-UNNAMED --add-exports=jdk.compiler/com.sun.tools.javac.util=ALL-UNNAMED --add-opens=java.base/java.util=ALL-UNNAMED --add-opens=java.prefs/java.util.prefs=ALL-UNNAMED --add-opens=java.base/java.nio.charset=ALL-UNNAMED --add-opens=java.base/java.net=ALL-UNNAMED --add-opens=java.base/java.util.concurrent.atomic=ALL-UNNAMED --add-opens=java.xml/javax.xml.namespace=ALL-UNNAMED -XX:MaxMetaspaceSize=512m -XX:+HeapDumpOnOutOfMemoryError -Xmx2G -Dfile.encoding=UTF-8 -Duser.country=US -Duser.language=en -Duser.variant -javaagent:C:\Users\alpit\.gradle\wrapper\dists\gradle-8.12-all\ejduaidbjup3bmmkhw3rie4zb\gradle-8.12\lib\agents\gradle-instrumentation-agent-8.12.jar 
java_command: org.gradle.launcher.daemon.bootstrap.GradleDaemon 8.12
java_class_path (initial): C:\Users\alpit\.gradle\wrapper\dists\gradle-8.12-all\ejduaidbjup3bmmkhw3rie4zb\gradle-8.12\lib\gradle-daemon-main-8.12.jar
Launcher Type: SUN_STANDARD

[Global flags]
     intx CICompilerCount                          = 12                                        {product} {ergonomic}
   size_t CompressedClassSpaceSize                 = 436207616                                 {product} {ergonomic}
     uint ConcGCThreads                            = 3                                         {product} {ergonomic}
     uint G1ConcRefinementThreads                  = 13                                        {product} {ergonomic}
   size_t G1HeapRegionSize                         = 1048576                                   {product} {ergonomic}
    uintx GCDrainStackTargetSize                   = 64                                        {product} {ergonomic}
     bool HeapDumpOnOutOfMemoryError               = true                                   {manageable} {command line}
   size_t InitialHeapSize                          = 264241152                                 {product} {ergonomic}
   size_t MarkStackSize                            = 4194304                                   {product} {ergonomic}
   size_t MaxHeapSize                              = 2147483648                                {product} {command line}
   size_t MaxMetaspaceSize                         = 536870912                                 {product} {command line}
   size_t MaxNewSize                               = 1287651328                                {product} {ergonomic}
   size_t MinHeapDeltaBytes                        = 1048576                                   {product} {ergonomic}
   size_t MinHeapSize                              = 8388608                                   {product} {ergonomic}
    uintx NonNMethodCodeHeapSize                   = 7602480                                {pd product} {ergonomic}
    uintx NonProfiledCodeHeapSize                  = 122027880                              {pd product} {ergonomic}
    uintx ProfiledCodeHeapSize                     = 122027880                              {pd product} {ergonomic}
    uintx ReservedCodeCacheSize                    = 251658240                              {pd product} {ergonomic}
     bool SegmentedCodeCache                       = true                                      {product} {ergonomic}
   size_t SoftMaxHeapSize                          = 2147483648                             {manageable} {ergonomic}
     bool UseCompressedClassPointers               = true                           {product lp64_product} {ergonomic}
     bool UseCompressedOops                        = true                           {product lp64_product} {ergonomic}
     bool UseG1GC                                  = true                                      {product} {ergonomic}
     bool UseLargePagesIndividualAllocation        = false                                  {pd product} {ergonomic}

Logging:
Log output configuration:
 #0: stdout all=warning uptime,level,tags
 #1: stderr all=off uptime,level,tags

Environment Variables:
PATH=C:\Program Files\Common Files\Oracle\Java\javapath;C:\Users\alpit\dev\flutter\bin;C:\windows\system32;C:\windows;C:\windows\System32\Wbem;C:\windows\System32\WindowsPowerShell\v1.0\;C:\windows\System32\OpenSSH\;C:\Program Files (x86)\NVIDIA Corporation\PhysX\Common;C:\Program Files\NVIDIA Corporation\NVIDIA NvDLISR;C:\Program Files\HP\HP One Agent;C:\Program Files\Git\cmd;C:\Program Files\nodejs\;C:\ProgramData\chocolatey\bin;C:\WINDOWS\system32;C:\WINDOWS;C:\WINDOWS\System32\Wbem;C:\WINDOWS\System32\WindowsPowerShell\v1.0\;C:\WINDOWS\System32\OpenSSH\;C:\Program Files\Java\jdk-17\bin;C:\MinGW\bin;C:\Program Files\MySQL\MySQL Server 8.0\bin;C:\Program Files\Java\jdk-16.0.2\bin;C:\Users\alpit\Downloads\jdk-23_windows-x64_bin\jdk-23.0.1\lib;C:\Program Files\apache-maven-3.9.12\bin;C:\Program Files\Java\jdk-17.0.18\bin;A:\TIC Projects\flutter\bin\cache\dart-sdk;A:\TIC Projects\flutter\bin;C:\Program Files\MySQL\MySQL Shell 8.0\bin\;C:\Users\alpit\AppData\Local\Programs\Python\Python311\Scripts\;C:\Users\alpit\AppData\Local\Programs\Python\Python311\;C:\Users\alpit\AppData\Local\Programs\Python\Python310\Scripts\;C:\Users\alpit\AppData\Local\Programs\Python\Python310\;C:\Users\alpit\AppData\Local\Programs\Python\Python38\Scripts\;C:\Users\alpit\AppData\Local\Programs\Python\Python38\;C:\Users\alpit\AppData\Local\Microsoft\WindowsApps;C:\Users\alpit\AppData\Local\Programs\Microsoft VS Code\bin;C:\Users\alpit\AppData\Local\Microsoft\WinGet\Packages\Schniz.fnm_Microsoft.Winget.Source_8wekyb3d8bbwe;C:\Program Files\JetBrains\IntelliJ IDEA 2024.3.1.1\bin;;C:\Users\alpit\OneDrive\Desktop\Flutter Projects\flutter\bin;A:\TIC Projects\flutter\bin;C:\Users\alpit\AppData\Roaming\npm;C:\Users\alpit\AppData\Local\Microsoft\WinGet\Links;C:\Program Files\JetBrains\IntelliJ IDEA Community Edition 2025.1.2\bin;;C:\Program Files\Java\jdk-17\bin;C:\Users\alpit\dev\flutter\bin;C:\MinGW\bin;C:\Program Files\Java\jdk-16.0.2\bin;C:\Users\alpit\Downloads\jdk-23_windows-x64_bin\jdk-23.0.1\lib
USERNAME=alpit
OS=Windows_NT
PROCESSOR_IDENTIFIER=Intel64 Family 6 Model 154 Stepping 3, GenuineIntel



---------------  S Y S T E M  ---------------

OS:
 Windows 11 , 64 bit Build 26100 (10.0.26100.7705)
OS uptime: 0 days 1:55 hours
Hyper-V role detected

CPU: total 16 (initial active 16) (8 cores per cpu, 2 threads per core) family 6 model 154 stepping 3 microcode 0x437, cx8, cmov, fxsr, ht, mmx, 3dnowpref, sse, sse2, sse3, ssse3, sse4.1, sse4.2, popcnt, lzcnt, tsc, tscinvbit, avx, avx2, aes, erms, clmul, bmi1, bmi2, adx, sha, fma, vzeroupper, clflush, clflushopt, clwb, hv

Memory: 4k page, system-wide physical 16051M (646M free)
TotalPageFile size 24243M (AvailPageFile size 3M)
current process WorkingSet (physical memory assigned to process): 395M, peak: 395M
current process commit charge ("private bytes"): 452M, peak: 456M

vm_info: Java HotSpot(TM) 64-Bit Server VM (17.0.18+8-LTS-264) for windows-amd64 JRE (17.0.18+8-LTS-264), built on Dec 18 2025 09:51:58 by "mach5run" with MS VC++ 17.13 (VS2022)

END.
