#
# There is insufficient memory for the Java Runtime Environment to continue.
# Native memory allocation (malloc) failed to allocate 1048576 bytes. Error detail: AllocateHeap
# Possible reasons:
#   The system is out of physical RAM or swap space
#   This process is running with CompressedOops enabled, and the Java Heap may be blocking the growth of the native heap
# Possible solutions:
#   Reduce memory load on the system
#   Increase physical memory or swap space
#   Check if swap backing store is full
#   Decrease Java heap size (-Xmx/-Xms)
#   Decrease number of Java threads
#   Decrease Java thread stack sizes (-Xss)
#   Set larger code cache with -XX:ReservedCodeCacheSize=
#   JVM is running with Unscaled Compressed Oops mode in which the Java heap is
#     placed in the first 4GB address space. The Java Heap base address is the
#     maximum limit for the native heap growth. Please use -XX:HeapBaseMinAddress
#     to set the Java Heap base and to place the Java Heap above 4GB virtual address.
# This output file may be truncated or incomplete.
#
#  Out of Memory Error (allocation.cpp:44), pid=20448, tid=20348
#
# JRE version: OpenJDK Runtime Environment Temurin-21.0.9+10 (21.0.9+10) (build 21.0.9+10-LTS)
# Java VM: OpenJDK 64-Bit Server VM Temurin-21.0.9+10 (21.0.9+10-LTS, mixed mode, sharing, tiered, compressed oops, compressed class ptrs, parallel gc, windows-amd64)
# No core dump will be written. Minidumps are not enabled by default on client versions of Windows
#

---------------  S U M M A R Y ------------

Command Line: --add-modules=ALL-SYSTEM --add-opens=java.base/java.util=ALL-UNNAMED --add-opens=java.base/java.lang=ALL-UNNAMED --add-opens=java.base/sun.nio.fs=ALL-UNNAMED -Declipse.application=org.eclipse.jdt.ls.core.id1 -Dosgi.bundles.defaultStartLevel=4 -Declipse.product=org.eclipse.jdt.ls.core.product -Djava.import.generatesMetadataFilesAtProjectRoot=false -DDetectVMInstallationsJob.disabled=true -Dfile.encoding=utf8 -XX:+UseParallelGC -XX:GCTimeRatio=4 -XX:AdaptiveSizePolicyWeight=90 -Dsun.zip.disableMemoryMapping=true -Xmx2G -Xms100m -Xlog:disable -javaagent:c:\Users\alpit\.antigravity\extensions\redhat.java-1.52.0-win32-x64\lombok\lombok-1.18.39-4050.jar -XX:+HeapDumpOnOutOfMemoryError -XX:HeapDumpPath=c:\Users\alpit\AppData\Roaming\Antigravity\User\workspaceStorage\cbb0aa8e4f4bd1039542ac91ced87a05\redhat.java -Daether.dependencyCollector.impl=bf c:\Users\alpit\.antigravity\extensions\redhat.java-1.52.0-win32-x64\server\plugins\org.eclipse.equinox.launcher_1.7.100.v20251111-0406.jar -configuration c:\Users\alpit\AppData\Roaming\Antigravity\User\globalStorage\redhat.java\1.52.0\config_win -data c:\Users\alpit\AppData\Roaming\Antigravity\User\workspaceStorage\cbb0aa8e4f4bd1039542ac91ced87a05\redhat.java\jdt_ws --pipe=\\.\pipe\lsp-52ceb055c05d06d42fdfe36503095e13-sock

Host: 12th Gen Intel(R) Core(TM) i7-12650H, 16 cores, 15G,  Windows 11 , 64 bit Build 26100 (10.0.26100.7705)
Time: Thu Feb 26 23:33:55 2026 India Standard Time elapsed time: 1116.909493 seconds (0d 0h 18m 36s)

---------------  T H R E A D  ---------------

Current thread (0x000002a2e2875110):  JavaThread "Attach Listener" daemon [_thread_in_vm, id=20348, stack(0x000000b485700000,0x000000b485800000) (1024K)]

Stack: [0x000000b485700000,0x000000b485800000]
Native frames: (J=compiled Java code, j=interpreted, Vv=VM code, C=native code)
V  [jvm.dll+0x6d6e29]
V  [jvm.dll+0x8b4b76]
V  [jvm.dll+0x8b712e]
V  [jvm.dll+0x8b7813]
V  [jvm.dll+0x283d86]
V  [jvm.dll+0xc1277]
V  [jvm.dll+0x6d76d9]
V  [jvm.dll+0x133466]
V  [jvm.dll+0x3f7ea6]
V  [jvm.dll+0x85e9ad]
V  [jvm.dll+0x6d565d]
C  [ucrtbase.dll+0x37b0]
C  [KERNEL32.DLL+0x2e8d7]
C  [ntdll.dll+0x8c40c]


---------------  P R O C E S S  ---------------

Threads class SMR info:
_java_thread_list=0x000002a2ea768200, length=108, elements={
0x000002a2caad0b40, 0x000002a2caa7e420, 0x000002a2cab733d0, 0x000002a2cab85390,
0x000002a2e2875110, 0x000002a2cab7abb0, 0x000002a2cab88fd0, 0x000002a2cab8d550,
0x000002a2e2879080, 0x000002a2e2a853b0, 0x000002a2e413d3f0, 0x000002a2e4647800,
0x000002a2e92e2fe0, 0x000002a2e9344c30, 0x000002a2e934ac10, 0x000002a2e9f01910,
0x000002a2e979abf0, 0x000002a2e47975b0, 0x000002a2e9e5c020, 0x000002a2e931f120,
0x000002a2e93204d0, 0x000002a2e9320b60, 0x000002a2e9321880, 0x000002a2eb33ef70,
0x000002a2eb3409b0, 0x000002a2eb33fc90, 0x000002a2eb340320, 0x000002a2eb33dbc0,
0x000002a2eb33d530, 0x000002a2eb341040, 0x000002a2eb33f600, 0x000002a2eb3416d0,
0x000002a2eb33e250, 0x000002a2eb33e8e0, 0x000002a2eb3437a0, 0x000002a2eb3423f0,
0x000002a2eb341d60, 0x000002a2eb344b50, 0x000002a2eb342a80, 0x000002a2eb3444c0,
0x000002a2eb343e30, 0x000002a2eb9306b0, 0x000002a2e9cf8a30, 0x000002a2e9cf9750,
0x000002a2e9cfa470, 0x000002a2e9cfb820, 0x000002a2e9cfbeb0, 0x000002a2e9cfc540,
0x000002a2e9cf90c0, 0x000002a2e9cfcbd0, 0x000002a2e9cf9de0, 0x000002a2eb92e5e0,
0x000002a2eb92df50, 0x000002a2eb92f300, 0x000002a2eb930d40, 0x000002a2eb92ec70,
0x000002a2eb931a60, 0x000002a2eb932e10, 0x000002a2eb9320f0, 0x000002a2eb92f990,
0x000002a2eb9334a0, 0x000002a2eb930020, 0x000002a2eb933b30, 0x000002a2eb9341c0,
0x000002a2eb934ee0, 0x000002a2e93211f0, 0x000002a2e931fe40, 0x000002a2ef735e40,
0x000002a2ef7385a0, 0x000002a2ef738c30, 0x000002a2ef736b60, 0x000002a2ef739950,
0x000002a2ef7392c0, 0x000002a2ef7364d0, 0x000002a2ef7371f0, 0x000002a2ef73a670,
0x000002a2ef739fe0, 0x000002a2ef73ad00, 0x000002a2ef737880, 0x000002a2ef73b390,
0x000002a2ef737f10, 0x000002a2ef73c0b0, 0x000002a2ef73cdd0, 0x000002a2ec7fb710,
0x000002a2ec7fcac0, 0x000002a2ec7fd7e0, 0x000002a2ec7fde70, 0x000002a2ec7fa9f0,
0x000002a2ec7fc430, 0x000002a2ec7fe500, 0x000002a2ec7fb080, 0x000002a2ec7fbda0,
0x000002a2ec802010, 0x000002a2ec800c60, 0x000002a2ec8012f0, 0x000002a2ec7feb90,
0x000002a2ec801980, 0x000002a2ec7ff220, 0x000002a2ef49baf0, 0x000002a2ef49b460,
0x000002a2ef49c810, 0x000002a2ef49cea0, 0x000002a2ef49add0, 0x000002a2ef49c180,
0x000002a2ef49d530, 0x000002a2ef49dbc0, 0x000002a2ef49e8e0, 0x000002a2eb9313d0
}

Java Threads: ( => current thread )
  0x000002a2caad0b40 JavaThread "main"                              [_thread_blocked, id=20488, stack(0x000000b485000000,0x000000b485100000) (1024K)]
  0x000002a2caa7e420 JavaThread "Reference Handler"          daemon [_thread_blocked, id=19916, stack(0x000000b485400000,0x000000b485500000) (1024K)]
  0x000002a2cab733d0 JavaThread "Finalizer"                  daemon [_thread_blocked, id=20256, stack(0x000000b485500000,0x000000b485600000) (1024K)]
  0x000002a2cab85390 JavaThread "Signal Dispatcher"          daemon [_thread_blocked, id=7160, stack(0x000000b485600000,0x000000b485700000) (1024K)]
=>0x000002a2e2875110 JavaThread "Attach Listener"            daemon [_thread_in_vm, id=20348, stack(0x000000b485700000,0x000000b485800000) (1024K)]
  0x000002a2cab7abb0 JavaThread "Service Thread"             daemon [_thread_blocked, id=20400, stack(0x000000b485800000,0x000000b485900000) (1024K)]
  0x000002a2cab88fd0 JavaThread "Monitor Deflation Thread"   daemon [_thread_blocked, id=20220, stack(0x000000b485900000,0x000000b485a00000) (1024K)]
  0x000002a2cab8d550 JavaThread "C2 CompilerThread0"         daemon [_thread_blocked, id=19740, stack(0x000000b485a00000,0x000000b485b00000) (1024K)]
  0x000002a2e2879080 JavaThread "C1 CompilerThread0"         daemon [_thread_blocked, id=4972, stack(0x000000b485b00000,0x000000b485c00000) (1024K)]
  0x000002a2e2a853b0 JavaThread "Common-Cleaner"             daemon [_thread_blocked, id=20140, stack(0x000000b486000000,0x000000b486100000) (1024K)]
  0x000002a2e413d3f0 JavaThread "Notification Thread"        daemon [_thread_blocked, id=21228, stack(0x000000b486200000,0x000000b486300000) (1024K)]
  0x000002a2e4647800 JavaThread "Active Thread: Equinox Container: d70abd64-192d-4314-8aa8-64c1269936a1"        [_thread_blocked, id=20908, stack(0x000000b486a00000,0x000000b486b00000) (1024K)]
  0x000002a2e92e2fe0 JavaThread "Refresh Thread: Equinox Container: d70abd64-192d-4314-8aa8-64c1269936a1" daemon [_thread_blocked, id=21460, stack(0x000000b486c00000,0x000000b486d00000) (1024K)]
  0x000002a2e9344c30 JavaThread "Framework Event Dispatcher: Equinox Container: d70abd64-192d-4314-8aa8-64c1269936a1" daemon [_thread_blocked, id=20500, stack(0x000000b486d00000,0x000000b486e00000) (1024K)]
  0x000002a2e934ac10 JavaThread "Start Level: Equinox Container: d70abd64-192d-4314-8aa8-64c1269936a1" daemon [_thread_blocked, id=21036, stack(0x000000b486e00000,0x000000b486f00000) (1024K)]
  0x000002a2e9f01910 JavaThread "Bundle File Closer"         daemon [_thread_blocked, id=20628, stack(0x000000b487200000,0x000000b487300000) (1024K)]
  0x000002a2e979abf0 JavaThread "SCR Component Actor"        daemon [_thread_blocked, id=20192, stack(0x000000b485f00000,0x000000b486000000) (1024K)]
  0x000002a2e47975b0 JavaThread "Worker-JM"                         [_thread_blocked, id=9488, stack(0x000000b487400000,0x000000b487500000) (1024K)]
  0x000002a2e9e5c020 JavaThread "JNA Cleaner"                daemon [_thread_blocked, id=9572, stack(0x000000b487600000,0x000000b487700000) (1024K)]
  0x000002a2e931f120 JavaThread "Worker-0"                          [_thread_blocked, id=9784, stack(0x000000b487700000,0x000000b487800000) (1024K)]
  0x000002a2e93204d0 JavaThread "Java indexing"              daemon [_thread_blocked, id=21236, stack(0x000000b487900000,0x000000b487a00000) (1024K)]
  0x000002a2e9320b60 JavaThread "Worker-3"                          [_thread_blocked, id=21280, stack(0x000000b487d00000,0x000000b487e00000) (1024K)]
  0x000002a2e9321880 JavaThread "Thread-1"                   daemon [_thread_in_native, id=21216, stack(0x000000b487e00000,0x000000b487f00000) (1024K)]
  0x000002a2eb33ef70 JavaThread "Thread-2"                   daemon [_thread_in_native, id=21120, stack(0x000000b487f00000,0x000000b488000000) (1024K)]
  0x000002a2eb3409b0 JavaThread "Thread-3"                   daemon [_thread_in_native, id=21288, stack(0x000000b488000000,0x000000b488100000) (1024K)]
  0x000002a2eb33fc90 JavaThread "Thread-4"                   daemon [_thread_in_native, id=20496, stack(0x000000b488100000,0x000000b488200000) (1024K)]
  0x000002a2eb340320 JavaThread "Thread-5"                   daemon [_thread_in_native, id=19404, stack(0x000000b488200000,0x000000b488300000) (1024K)]
  0x000002a2eb33dbc0 JavaThread "Thread-6"                   daemon [_thread_in_native, id=21136, stack(0x000000b488300000,0x000000b488400000) (1024K)]
  0x000002a2eb33d530 JavaThread "Thread-7"                   daemon [_thread_in_native, id=21212, stack(0x000000b488400000,0x000000b488500000) (1024K)]
  0x000002a2eb341040 JavaThread "Thread-8"                   daemon [_thread_in_native, id=20100, stack(0x000000b488500000,0x000000b488600000) (1024K)]
  0x000002a2eb33f600 JavaThread "Thread-9"                   daemon [_thread_in_native, id=20184, stack(0x000000b488600000,0x000000b488700000) (1024K)]
  0x000002a2eb3416d0 JavaThread "Thread-10"                  daemon [_thread_in_native, id=21168, stack(0x000000b488700000,0x000000b488800000) (1024K)]
  0x000002a2eb33e250 JavaThread "Thread-11"                  daemon [_thread_in_native, id=11564, stack(0x000000b488800000,0x000000b488900000) (1024K)]
  0x000002a2eb33e8e0 JavaThread "Thread-12"                  daemon [_thread_in_native, id=20068, stack(0x000000b488900000,0x000000b488a00000) (1024K)]
  0x000002a2eb3437a0 JavaThread "Thread-13"                  daemon [_thread_in_native, id=20076, stack(0x000000b488a00000,0x000000b488b00000) (1024K)]
  0x000002a2eb3423f0 JavaThread "Thread-14"                  daemon [_thread_in_native, id=20072, stack(0x000000b488b00000,0x000000b488c00000) (1024K)]
  0x000002a2eb341d60 JavaThread "Thread-15"                  daemon [_thread_in_native, id=20984, stack(0x000000b488c00000,0x000000b488d00000) (1024K)]
  0x000002a2eb344b50 JavaThread "Thread-16"                  daemon [_thread_in_native, id=7204, stack(0x000000b488d00000,0x000000b488e00000) (1024K)]
  0x000002a2eb342a80 JavaThread "Thread-17"                  daemon [_thread_blocked, id=20040, stack(0x000000b488e00000,0x000000b488f00000) (1024K)]
  0x000002a2eb3444c0 JavaThread "pool-2-thread-1"                   [_thread_blocked, id=20964, stack(0x000000b488f00000,0x000000b489000000) (1024K)]
  0x000002a2eb343e30 JavaThread "WorkspaceEventsHandler"            [_thread_blocked, id=20124, stack(0x000000b489400000,0x000000b489500000) (1024K)]
  0x000002a2eb9306b0 JavaThread "pool-1-thread-1"                   [_thread_blocked, id=20724, stack(0x000000b489500000,0x000000b489600000) (1024K)]
  0x000002a2e9cf8a30 JavaThread "Timer-0"                           [_thread_blocked, id=21548, stack(0x000000b48a500000,0x000000b48a600000) (1024K)]
  0x000002a2e9cf9750 JavaThread "ForkJoinPool.commonPool-worker-16" daemon [_thread_blocked, id=20796, stack(0x000000b484d00000,0x000000b484e00000) (1024K)]
  0x000002a2e9cfa470 JavaThread "ForkJoinPool.commonPool-worker-17" daemon [_thread_blocked, id=23644, stack(0x000000b484e00000,0x000000b484f00000) (1024K)]
  0x000002a2e9cfb820 JavaThread "ForkJoinPool.commonPool-worker-18" daemon [_thread_blocked, id=16040, stack(0x000000b484f00000,0x000000b485000000) (1024K)]
  0x000002a2e9cfbeb0 JavaThread "ForkJoinPool.commonPool-worker-19" daemon [_thread_blocked, id=11764, stack(0x000000b485c00000,0x000000b485d00000) (1024K)]
  0x000002a2e9cfc540 JavaThread "ForkJoinPool.commonPool-worker-20" daemon [_thread_blocked, id=14232, stack(0x000000b485d00000,0x000000b485e00000) (1024K)]
  0x000002a2e9cf90c0 JavaThread "ForkJoinPool.commonPool-worker-21" daemon [_thread_blocked, id=11436, stack(0x000000b485e00000,0x000000b485f00000) (1024K)]
  0x000002a2e9cfcbd0 JavaThread "ForkJoinPool.commonPool-worker-22" daemon [_thread_blocked, id=8624, stack(0x000000b486100000,0x000000b486200000) (1024K)]
  0x000002a2e9cf9de0 JavaThread "ForkJoinPool.commonPool-worker-23" daemon [_thread_blocked, id=21428, stack(0x000000b487800000,0x000000b487900000) (1024K)]
  0x000002a2eb92e5e0 JavaThread "Worker-4"                          [_thread_blocked, id=10356, stack(0x000000b489000000,0x000000b489100000) (1024K)]
  0x000002a2eb92df50 JavaThread "Cleaner-0"                  daemon [_thread_blocked, id=12408, stack(0x000000b489300000,0x000000b489400000) (1024K)]
  0x000002a2eb92f300 JavaThread "LocalFile Deleter"          daemon [_thread_blocked, id=23952, stack(0x000000b487a00000,0x000000b487b00000) (1024K)]
  0x000002a2eb930d40 JavaThread "LocalFile Deleter"          daemon [_thread_blocked, id=15740, stack(0x000000b487b00000,0x000000b487c00000) (1024K)]
  0x000002a2eb92ec70 JavaThread "LocalFile Deleter"          daemon [_thread_blocked, id=1120, stack(0x000000b489100000,0x000000b489200000) (1024K)]
  0x000002a2eb931a60 JavaThread "LocalFile Deleter"          daemon [_thread_blocked, id=5176, stack(0x000000b489200000,0x000000b489300000) (1024K)]
  0x000002a2eb932e10 JavaThread "LocalFile Deleter"          daemon [_thread_blocked, id=9928, stack(0x000000b489600000,0x000000b489700000) (1024K)]
  0x000002a2eb9320f0 JavaThread "LocalFile Deleter"          daemon [_thread_blocked, id=24440, stack(0x000000b489700000,0x000000b489800000) (1024K)]
  0x000002a2eb92f990 JavaThread "LocalFile Deleter"          daemon [_thread_blocked, id=14716, stack(0x000000b489800000,0x000000b489900000) (1024K)]
  0x000002a2eb9334a0 JavaThread "LocalFile Deleter"          daemon [_thread_blocked, id=6592, stack(0x000000b489900000,0x000000b489a00000) (1024K)]
  0x000002a2eb930020 JavaThread "LocalFile Deleter"          daemon [_thread_blocked, id=19132, stack(0x000000b489a00000,0x000000b489b00000) (1024K)]
  0x000002a2eb933b30 JavaThread "LocalFile Deleter"          daemon [_thread_blocked, id=23776, stack(0x000000b489b00000,0x000000b489c00000) (1024K)]
  0x000002a2eb9341c0 JavaThread "LocalFile Deleter"          daemon [_thread_blocked, id=1872, stack(0x000000b489c00000,0x000000b489d00000) (1024K)]
  0x000002a2eb934ee0 JavaThread "LocalFile Deleter"          daemon [_thread_blocked, id=21632, stack(0x000000b489d00000,0x000000b489e00000) (1024K)]
  0x000002a2e93211f0 JavaThread "LocalFile Deleter"          daemon [_thread_blocked, id=10776, stack(0x000000b489e00000,0x000000b489f00000) (1024K)]
  0x000002a2e931fe40 JavaThread "LocalFile Deleter"          daemon [_thread_blocked, id=12348, stack(0x000000b489f00000,0x000000b48a000000) (1024K)]
  0x000002a2ef735e40 JavaThread "LocalFile Deleter"          daemon [_thread_blocked, id=16072, stack(0x000000b48a000000,0x000000b48a100000) (1024K)]
  0x000002a2ef7385a0 JavaThread "LocalFile Deleter"          daemon [_thread_blocked, id=24484, stack(0x000000b48a100000,0x000000b48a200000) (1024K)]
  0x000002a2ef738c30 JavaThread "Compiler Source File Reader" daemon [_thread_blocked, id=23640, stack(0x000000b48a200000,0x000000b48a300000) (1024K)]
  0x000002a2ef736b60 JavaThread "Compiler Source File Reader" daemon [_thread_blocked, id=7344, stack(0x000000b48a300000,0x000000b48a400000) (1024K)]
  0x000002a2ef739950 JavaThread "Compiler Source File Reader" daemon [_thread_blocked, id=17516, stack(0x000000b48a400000,0x000000b48a500000) (1024K)]
  0x000002a2ef7392c0 JavaThread "Compiler Source File Reader" daemon [_thread_blocked, id=17736, stack(0x000000b48a600000,0x000000b48a700000) (1024K)]
  0x000002a2ef7364d0 JavaThread "Compiler Source File Reader" daemon [_thread_blocked, id=7732, stack(0x000000b48a700000,0x000000b48a800000) (1024K)]
  0x000002a2ef7371f0 JavaThread "Compiler Source File Reader" daemon [_thread_blocked, id=11356, stack(0x000000b48a800000,0x000000b48a900000) (1024K)]
  0x000002a2ef73a670 JavaThread "Compiler Source File Reader" daemon [_thread_blocked, id=3660, stack(0x000000b48a900000,0x000000b48aa00000) (1024K)]
  0x000002a2ef739fe0 JavaThread "Compiler Source File Reader" daemon [_thread_blocked, id=17456, stack(0x000000b48aa00000,0x000000b48ab00000) (1024K)]
  0x000002a2ef73ad00 JavaThread "Compiler Source File Reader" daemon [_thread_blocked, id=14328, stack(0x000000b48ab00000,0x000000b48ac00000) (1024K)]
  0x000002a2ef737880 JavaThread "Compiler Source File Reader" daemon [_thread_blocked, id=13844, stack(0x000000b48ac00000,0x000000b48ad00000) (1024K)]
  0x000002a2ef73b390 JavaThread "Compiler Source File Reader" daemon [_thread_blocked, id=9608, stack(0x000000b48ad00000,0x000000b48ae00000) (1024K)]
  0x000002a2ef737f10 JavaThread "Compiler Source File Reader" daemon [_thread_blocked, id=9436, stack(0x000000b48ae00000,0x000000b48af00000) (1024K)]
  0x000002a2ef73c0b0 JavaThread "Compiler Source File Reader" daemon [_thread_blocked, id=11376, stack(0x000000b48af00000,0x000000b48b000000) (1024K)]
  0x000002a2ef73cdd0 JavaThread "Compiler Source File Reader" daemon [_thread_blocked, id=14332, stack(0x000000b48b000000,0x000000b48b100000) (1024K)]
  0x000002a2ec7fb710 JavaThread "Compiler Processing Task"   daemon [_thread_blocked, id=23112, stack(0x000000b48b400000,0x000000b48b500000) (1024K)]
  0x000002a2ec7fcac0 JavaThread "Compiler Class File Writer" daemon [_thread_blocked, id=23604, stack(0x000000b48b500000,0x000000b48b600000) (1024K)]
  0x000002a2ec7fd7e0 JavaThread "Compiler Class File Writer" daemon [_thread_blocked, id=16460, stack(0x000000b48b600000,0x000000b48b700000) (1024K)]
  0x000002a2ec7fde70 JavaThread "Compiler Class File Writer" daemon [_thread_blocked, id=5912, stack(0x000000b48b700000,0x000000b48b800000) (1024K)]
  0x000002a2ec7fa9f0 JavaThread "Compiler Class File Writer" daemon [_thread_blocked, id=8712, stack(0x000000b48b800000,0x000000b48b900000) (1024K)]
  0x000002a2ec7fc430 JavaThread "Compiler Class File Writer" daemon [_thread_blocked, id=23736, stack(0x000000b48b900000,0x000000b48ba00000) (1024K)]
  0x000002a2ec7fe500 JavaThread "Compiler Class File Writer" daemon [_thread_blocked, id=13104, stack(0x000000b48ba00000,0x000000b48bb00000) (1024K)]
  0x000002a2ec7fb080 JavaThread "Compiler Class File Writer" daemon [_thread_blocked, id=24560, stack(0x000000b48bb00000,0x000000b48bc00000) (1024K)]
  0x000002a2ec7fbda0 JavaThread "Compiler Class File Writer" daemon [_thread_blocked, id=4012, stack(0x000000b48bc00000,0x000000b48bd00000) (1024K)]
  0x000002a2ec802010 JavaThread "Compiler Class File Writer" daemon [_thread_blocked, id=3012, stack(0x000000b48bd00000,0x000000b48be00000) (1024K)]
  0x000002a2ec800c60 JavaThread "Compiler Class File Writer" daemon [_thread_blocked, id=14484, stack(0x000000b48be00000,0x000000b48bf00000) (1024K)]
  0x000002a2ec8012f0 JavaThread "Compiler Class File Writer" daemon [_thread_blocked, id=12000, stack(0x000000b48bf00000,0x000000b48c000000) (1024K)]
  0x000002a2ec7feb90 JavaThread "Compiler Class File Writer" daemon [_thread_blocked, id=10580, stack(0x000000b48c000000,0x000000b48c100000) (1024K)]
  0x000002a2ec801980 JavaThread "Compiler Class File Writer" daemon [_thread_blocked, id=22292, stack(0x000000b48c100000,0x000000b48c200000) (1024K)]
  0x000002a2ec7ff220 JavaThread "Compiler Class File Writer" daemon [_thread_blocked, id=9600, stack(0x000000b48c200000,0x000000b48c300000) (1024K)]
  0x000002a2ef49baf0 JavaThread "ForkJoinPool.commonPool-worker-24" daemon [_thread_blocked, id=23844, stack(0x000000b48c400000,0x000000b48c500000) (1024K)]
  0x000002a2ef49b460 JavaThread "ForkJoinPool.commonPool-worker-25" daemon [_thread_blocked, id=13948, stack(0x000000b48c500000,0x000000b48c600000) (1024K)]
  0x000002a2ef49c810 JavaThread "ForkJoinPool.commonPool-worker-26" daemon [_thread_blocked, id=20344, stack(0x000000b48c600000,0x000000b48c700000) (1024K)]
  0x000002a2ef49cea0 JavaThread "ForkJoinPool.commonPool-worker-27" daemon [_thread_blocked, id=5488, stack(0x000000b48c700000,0x000000b48c800000) (1024K)]
  0x000002a2ef49add0 JavaThread "ForkJoinPool.commonPool-worker-28" daemon [_thread_blocked, id=5856, stack(0x000000b48c800000,0x000000b48c900000) (1024K)]
  0x000002a2ef49c180 JavaThread "ForkJoinPool.commonPool-worker-29" daemon [_thread_blocked, id=16332, stack(0x000000b48c900000,0x000000b48ca00000) (1024K)]
  0x000002a2ef49d530 JavaThread "ForkJoinPool.commonPool-worker-30" daemon [_thread_blocked, id=4016, stack(0x000000b48ca00000,0x000000b48cb00000) (1024K)]
  0x000002a2ef49dbc0 JavaThread "pool-1-thread-2"                   [_thread_blocked, id=20996, stack(0x000000b48cb00000,0x000000b48cc00000) (1024K)]
  0x000002a2ef49e8e0 JavaThread "pool-1-thread-3"                   [_thread_blocked, id=11084, stack(0x000000b48cc00000,0x000000b48cd00000) (1024K)]
  0x000002a2eb9313d0 JavaThread "Worker-5"                          [_thread_blocked, id=14976, stack(0x000000b487c00000,0x000000b487d00000) (1024K)]
Total: 108

Other Threads:
  0x000002a2cab72bd0 VMThread "VM Thread"                           [id=20020, stack(0x000000b485300000,0x000000b485400000) (1024K)] _threads_hazard_ptr=0x000002a2ea768200
  0x000002a2ca95ca00 WatcherThread "VM Periodic Task Thread"        [id=20676, stack(0x000000b485200000,0x000000b485300000) (1024K)]
  0x000002a2caaef2b0 WorkerThread "GC Thread#0"                     [id=13548, stack(0x000000b485100000,0x000000b485200000) (1024K)]
  0x000002a2e44c9880 WorkerThread "GC Thread#1"                     [id=20104, stack(0x000000b486300000,0x000000b486400000) (1024K)]
  0x000002a2e44c9c20 WorkerThread "GC Thread#2"                     [id=20632, stack(0x000000b486400000,0x000000b486500000) (1024K)]
  0x000002a2e44c9fc0 WorkerThread "GC Thread#3"                     [id=21480, stack(0x000000b486500000,0x000000b486600000) (1024K)]
  0x000002a2e44ce530 WorkerThread "GC Thread#4"                     [id=20692, stack(0x000000b486600000,0x000000b486700000) (1024K)]
  0x000002a2e44ce8d0 WorkerThread "GC Thread#5"                     [id=21284, stack(0x000000b486700000,0x000000b486800000) (1024K)]
  0x000002a2e48f9c30 WorkerThread "GC Thread#6"                     [id=21256, stack(0x000000b486800000,0x000000b486900000) (1024K)]
  0x000002a2e48fa710 WorkerThread "GC Thread#7"                     [id=20972, stack(0x000000b486b00000,0x000000b486c00000) (1024K)]
  0x000002a2e48f9890 WorkerThread "GC Thread#8"                     [id=8228, stack(0x000000b486f00000,0x000000b487000000) (1024K)]
  0x000002a2e48faab0 WorkerThread "GC Thread#9"                     [id=21132, stack(0x000000b487000000,0x000000b487100000) (1024K)]
  0x000002a2e48f9fd0 WorkerThread "GC Thread#10"                    [id=21392, stack(0x000000b487100000,0x000000b487200000) (1024K)]
  0x000002a2e94ca740 WorkerThread "GC Thread#11"                    [id=21408, stack(0x000000b487300000,0x000000b487400000) (1024K)]
  0x000002a2e94ca000 WorkerThread "GC Thread#12"                    [id=9620, stack(0x000000b487500000,0x000000b487600000) (1024K)]
Total: 15

Threads with active compile tasks:
C2 CompilerThread0  1116944 18907       4       org.eclipse.jdt.internal.compiler.lookup.BinaryModuleBinding::cachePartsFrom (312 bytes)
Total: 1

VM state: synchronizing (normal execution)

VM Mutex/Monitor currently owned by a thread:  ([mutex/lock_event])
[0x00007ffe7089d570] Threads_lock - owner thread: 0x000002a2cab72bd0
[0x00007ffe7089d670] Heap_lock - owner thread: 0x000002a2e9cfcbd0

Heap address: 0x0000000080000000, size: 2048 MB, Compressed Oops mode: 32-bit

CDS archive(s) mapped at: [0x000002a280000000-0x000002a280ba0000-0x000002a280ba0000), size 12189696, SharedBaseAddress: 0x000002a280000000, ArchiveRelocationMode: 1.
Compressed class space mapped at: 0x000002a281000000-0x000002a2c1000000, reserved size: 1073741824
Narrow klass base: 0x000002a280000000, Narrow klass shift: 0, Narrow klass range: 0x100000000

GC Precious Log:
 CardTable entry size: 512
 CPUs: 16 total, 16 available
 Memory: 16051M
 Large Page Support: Disabled
 NUMA Support: Disabled
 Compressed Oops: Enabled (32-bit)
 Alignments: Space 512K, Generation 512K, Heap 2M
 Heap Min Capacity: 100M
 Heap Initial Capacity: 100M
 Heap Max Capacity: 2G
 Pre-touch: Disabled
 Parallel Workers: 13

Heap:
 PSYoungGen      total 4608K, used 4096K [0x00000000d5580000, 0x00000000d5c00000, 0x0000000100000000)
  eden space 3584K, 100% used [0x00000000d5580000,0x00000000d5900000,0x00000000d5900000)
  from space 1024K, 50% used [0x00000000d5900000,0x00000000d5980000,0x00000000d5a00000)
  to   space 1024K, 0% used [0x00000000d5b00000,0x00000000d5b00000,0x00000000d5c00000)
 ParOldGen       total 678400K, used 678072K [0x0000000080000000, 0x00000000a9680000, 0x00000000d5580000)
  object space 678400K, 99% used [0x0000000080000000,0x00000000a962e040,0x00000000a9680000)
 Metaspace       used 87775K, committed 89600K, reserved 1179648K
  class space    used 9523K, committed 10304K, reserved 1048576K

Card table byte_map: [0x000002a2ca470000,0x000002a2ca880000] _byte_map_base: 0x000002a2ca070000

Marking Bits: (ParMarkBitMap*) 0x00007ffe708a2460
 Begin Bits: [0x000002a2dcf80000, 0x000002a2def80000)
 End Bits:   [0x000002a2def80000, 0x000002a2e0f80000)

Polling page: 0x000002a2c86a0000

Metaspace:

Usage:
  Non-class:     76.42 MB used.
      Class:      9.30 MB used.
       Both:     85.72 MB used.

Virtual space:
  Non-class space:      128.00 MB reserved,      77.44 MB ( 60%) committed,  2 nodes.
      Class space:        1.00 GB reserved,      10.06 MB ( <1%) committed,  1 nodes.
             Both:        1.12 GB reserved,      87.50 MB (  8%) committed. 

Chunk freelists:
   Non-Class:  2.41 MB
       Class:  5.83 MB
        Both:  8.24 MB

MaxMetaspaceSize: unlimited
CompressedClassSpaceSize: 1.00 GB
Initial GC threshold: 21.00 MB
Current GC threshold: 141.25 MB
CDS: on
 - commit_granule_bytes: 65536.
 - commit_granule_words: 8192.
 - virtual_space_node_default_size: 8388608.
 - enlarge_chunks_in_place: 1.
 - use_allocation_guard: 0.


Internal statistics:

num_allocs_failed_limit: 9.
num_arena_births: 1640.
num_arena_deaths: 26.
num_vsnodes_births: 3.
num_vsnodes_deaths: 0.
num_space_committed: 1400.
num_space_uncommitted: 0.
num_chunks_returned_to_freelist: 41.
num_chunks_taken_from_freelist: 5956.
num_chunk_merges: 16.
num_chunk_splits: 3699.
num_chunks_enlarged: 2146.
num_inconsistent_stats: 0.

CodeHeap 'non-profiled nmethods': size=119168Kb used=14748Kb max_used=14748Kb free=104419Kb
 bounds [0x000002a2d5870000, 0x000002a2d66e0000, 0x000002a2dccd0000]
CodeHeap 'profiled nmethods': size=119104Kb used=34087Kb max_used=37084Kb free=85016Kb
 bounds [0x000002a2cdcd0000, 0x000002a2d0120000, 0x000002a2d5120000]
CodeHeap 'non-nmethods': size=7488Kb used=1483Kb max_used=3275Kb free=6004Kb
 bounds [0x000002a2d5120000, 0x000002a2d5460000, 0x000002a2d5870000]
CodeCache: size=245760Kb, used=50318Kb, max_used=55107Kb, free=195439Kb
 total_blobs=15583, nmethods=14783, adapters=703, full_count=0
Compilation: enabled, stopped_count=0, restarted_count=0

Compilation events (20 events):
Event: 1115.788 Thread 0x000002a2cab8d550 nmethod 18886 0x000002a2d66d4910 code [0x000002a2d66d4b60, 0x000002a2d66d5460]
Event: 1115.788 Thread 0x000002a2cab8d550 18882   !   4       sun.nio.ch.PendingIoCache::remove (89 bytes)
Event: 1115.794 Thread 0x000002a2cab8d550 nmethod 18882 0x000002a2d66d6190 code [0x000002a2d66d63a0, 0x000002a2d66d6cc0]
Event: 1115.901 Thread 0x000002a2e2879080 18895       3       org.eclipse.jdt.ls.core.internal.JDTUtils::resolveCompilationUnit (8 bytes)
Event: 1115.901 Thread 0x000002a2e2879080 nmethod 18895 0x000002a2cfbd1290 code [0x000002a2cfbd1440, 0x000002a2cfbd1590]
Event: 1115.967 Thread 0x000002a2e2879080 18896       3       lombok.core.LombokNode::rebuild (47 bytes)
Event: 1115.968 Thread 0x000002a2e2879080 nmethod 18896 0x000002a2cfbd0110 code [0x000002a2cfbd0340, 0x000002a2cfbd0c78]
Event: 1115.968 Thread 0x000002a2e2879080 18897       3       org.eclipse.osgi.internal.log.LoggerImpl::getLocation (78 bytes)
Event: 1115.968 Thread 0x000002a2e2879080 nmethod 18897 0x000002a2ce06e310 code [0x000002a2ce06e540, 0x000002a2ce06eb10]
Event: 1115.970 Thread 0x000002a2e2879080 18898       3       java.io.PrintWriter::<init> (29 bytes)
Event: 1115.970 Thread 0x000002a2e2879080 nmethod 18898 0x000002a2ce06db90 code [0x000002a2ce06dd60, 0x000002a2ce06e1c0]
Event: 1115.970 Thread 0x000002a2e2879080 18899       3       java.io.PrintWriter::<init> (37 bytes)
Event: 1115.971 Thread 0x000002a2e2879080 nmethod 18899 0x000002a2ce06bf90 code [0x000002a2ce06c280, 0x000002a2ce06d540]
Event: 1115.971 Thread 0x000002a2e2879080 18900       3       org.eclipse.jdt.internal.core.JavaProject::computePackageFragmentRoots (51 bytes)
Event: 1115.971 Thread 0x000002a2e2879080 nmethod 18900 0x000002a2ce06b210 code [0x000002a2ce06b460, 0x000002a2ce06bc40]
Event: 1115.971 Thread 0x000002a2e2879080 18901       3       org.eclipse.jdt.internal.compiler.util.ObjectVector::copyInto (7 bytes)
Event: 1115.971 Thread 0x000002a2e2879080 nmethod 18901 0x000002a2ce06ac90 code [0x000002a2ce06ae40, 0x000002a2ce06af80]
Event: 1115.971 Thread 0x000002a2e2879080 18902       3       org.eclipse.jdt.internal.compiler.util.ObjectVector::copyInto (15 bytes)
Event: 1115.971 Thread 0x000002a2e2879080 nmethod 18902 0x000002a2cf068790 code [0x000002a2cf068940, 0x000002a2cf068c00]
Event: 1115.972 Thread 0x000002a2cab8d550 18907       4       org.eclipse.jdt.internal.compiler.lookup.BinaryModuleBinding::cachePartsFrom (312 bytes)

GC Heap History (20 events):
Event: 1114.285 GC heap before
{Heap before GC invocations=994 (full 5):
 PSYoungGen      total 5632K, used 4850K [0x00000000d5580000, 0x00000000d5d80000, 0x0000000100000000)
  eden space 3072K, 100% used [0x00000000d5580000,0x00000000d5880000,0x00000000d5880000)
  from space 2560K, 69% used [0x00000000d5880000,0x00000000d5a3cb78,0x00000000d5b00000)
  to   space 2048K, 0% used [0x00000000d5b80000,0x00000000d5b80000,0x00000000d5d80000)
 ParOldGen       total 641024K, used 640732K [0x0000000080000000, 0x00000000a7200000, 0x00000000d5580000)
  object space 641024K, 99% used [0x0000000080000000,0x00000000a71b7368,0x00000000a7200000)
 Metaspace       used 87756K, committed 89600K, reserved 1179648K
  class space    used 9523K, committed 10304K, reserved 1048576K
}
Event: 1114.287 GC heap after
{Heap after GC invocations=994 (full 5):
 PSYoungGen      total 2560K, used 2033K [0x00000000d5580000, 0x00000000d6480000, 0x0000000100000000)
  eden space 512K, 0% used [0x00000000d5580000,0x00000000d5580000,0x00000000d5600000)
  from space 2048K, 99% used [0x00000000d5b80000,0x00000000d5d7c6f0,0x00000000d5d80000)
  to   space 5632K, 0% used [0x00000000d5600000,0x00000000d5600000,0x00000000d5b80000)
 ParOldGen       total 643584K, used 643413K [0x0000000080000000, 0x00000000a7480000, 0x00000000d5580000)
  object space 643584K, 99% used [0x0000000080000000,0x00000000a74555f0,0x00000000a7480000)
 Metaspace       used 87756K, committed 89600K, reserved 1179648K
  class space    used 9523K, committed 10304K, reserved 1048576K
}
Event: 1114.288 GC heap before
{Heap before GC invocations=995 (full 5):
 PSYoungGen      total 2560K, used 2545K [0x00000000d5580000, 0x00000000d6480000, 0x0000000100000000)
  eden space 512K, 100% used [0x00000000d5580000,0x00000000d5600000,0x00000000d5600000)
  from space 2048K, 99% used [0x00000000d5b80000,0x00000000d5d7c6f0,0x00000000d5d80000)
  to   space 5632K, 0% used [0x00000000d5600000,0x00000000d5600000,0x00000000d5b80000)
 ParOldGen       total 643584K, used 643413K [0x0000000080000000, 0x00000000a7480000, 0x00000000d5580000)
  object space 643584K, 99% used [0x0000000080000000,0x00000000a74555f0,0x00000000a7480000)
 Metaspace       used 87756K, committed 89600K, reserved 1179648K
  class space    used 9523K, committed 10304K, reserved 1048576K
}
Event: 1114.290 GC heap after
{Heap after GC invocations=995 (full 5):
 PSYoungGen      total 1024K, used 480K [0x00000000d5580000, 0x00000000d5c00000, 0x0000000100000000)
  eden space 512K, 0% used [0x00000000d5580000,0x00000000d5580000,0x00000000d5600000)
  from space 512K, 93% used [0x00000000d5600000,0x00000000d5678000,0x00000000d5680000)
  to   space 2048K, 0% used [0x00000000d5a00000,0x00000000d5a00000,0x00000000d5c00000)
 ParOldGen       total 645632K, used 645342K [0x0000000080000000, 0x00000000a7680000, 0x00000000d5580000)
  object space 645632K, 99% used [0x0000000080000000,0x00000000a7637bd0,0x00000000a7680000)
 Metaspace       used 87756K, committed 89600K, reserved 1179648K
  class space    used 9523K, committed 10304K, reserved 1048576K
}
Event: 1114.292 GC heap before
{Heap before GC invocations=996 (full 5):
 PSYoungGen      total 1024K, used 991K [0x00000000d5580000, 0x00000000d5c00000, 0x0000000100000000)
  eden space 512K, 99% used [0x00000000d5580000,0x00000000d55fffe0,0x00000000d5600000)
  from space 512K, 93% used [0x00000000d5600000,0x00000000d5678000,0x00000000d5680000)
  to   space 2048K, 0% used [0x00000000d5a00000,0x00000000d5a00000,0x00000000d5c00000)
 ParOldGen       total 645632K, used 645342K [0x0000000080000000, 0x00000000a7680000, 0x00000000d5580000)
  object space 645632K, 99% used [0x0000000080000000,0x00000000a7637bd0,0x00000000a7680000)
 Metaspace       used 87756K, committed 89600K, reserved 1179648K
  class space    used 9523K, committed 10304K, reserved 1048576K
}
Event: 1114.293 GC heap after
{Heap after GC invocations=996 (full 5):
 PSYoungGen      total 1536K, used 416K [0x00000000d5580000, 0x00000000d5a80000, 0x0000000100000000)
  eden space 1024K, 0% used [0x00000000d5580000,0x00000000d5580000,0x00000000d5680000)
  from space 512K, 81% used [0x00000000d5a00000,0x00000000d5a68000,0x00000000d5a80000)
  to   space 1024K, 0% used [0x00000000d5880000,0x00000000d5880000,0x00000000d5980000)
 ParOldGen       total 646144K, used 645638K [0x0000000080000000, 0x00000000a7700000, 0x00000000d5580000)
  object space 646144K, 99% used [0x0000000080000000,0x00000000a7681bd0,0x00000000a7700000)
 Metaspace       used 87756K, committed 89600K, reserved 1179648K
  class space    used 9523K, committed 10304K, reserved 1048576K
}
Event: 1114.302 GC heap before
{Heap before GC invocations=997 (full 5):
 PSYoungGen      total 1536K, used 1440K [0x00000000d5580000, 0x00000000d5a80000, 0x0000000100000000)
  eden space 1024K, 100% used [0x00000000d5580000,0x00000000d5680000,0x00000000d5680000)
  from space 512K, 81% used [0x00000000d5a00000,0x00000000d5a68000,0x00000000d5a80000)
  to   space 1024K, 0% used [0x00000000d5880000,0x00000000d5880000,0x00000000d5980000)
 ParOldGen       total 646144K, used 645638K [0x0000000080000000, 0x00000000a7700000, 0x00000000d5580000)
  object space 646144K, 99% used [0x0000000080000000,0x00000000a7681bd0,0x00000000a7700000)
 Metaspace       used 87758K, committed 89600K, reserved 1179648K
  class space    used 9523K, committed 10304K, reserved 1048576K
}
Event: 1114.304 GC heap after
{Heap after GC invocations=997 (full 5):
 PSYoungGen      total 2560K, used 448K [0x00000000d5580000, 0x00000000d5a80000, 0x0000000100000000)
  eden space 1536K, 0% used [0x00000000d5580000,0x00000000d5580000,0x00000000d5700000)
  from space 1024K, 43% used [0x00000000d5880000,0x00000000d58f0000,0x00000000d5980000)
  to   space 512K, 0% used [0x00000000d5a00000,0x00000000d5a00000,0x00000000d5a80000)
 ParOldGen       total 646144K, used 645782K [0x0000000080000000, 0x00000000a7700000, 0x00000000d5580000)
  object space 646144K, 99% used [0x0000000080000000,0x00000000a76a5bd0,0x00000000a7700000)
 Metaspace       used 87758K, committed 89600K, reserved 1179648K
  class space    used 9523K, committed 10304K, reserved 1048576K
}
Event: 1114.330 GC heap before
{Heap before GC invocations=998 (full 5):
 PSYoungGen      total 2560K, used 1984K [0x00000000d5580000, 0x00000000d5a80000, 0x0000000100000000)
  eden space 1536K, 100% used [0x00000000d5580000,0x00000000d5700000,0x00000000d5700000)
  from space 1024K, 43% used [0x00000000d5880000,0x00000000d58f0000,0x00000000d5980000)
  to   space 512K, 0% used [0x00000000d5a00000,0x00000000d5a00000,0x00000000d5a80000)
 ParOldGen       total 677888K, used 676503K [0x0000000080000000, 0x00000000a9600000, 0x00000000d5580000)
  object space 677888K, 99% used [0x0000000080000000,0x00000000a94a5c00,0x00000000a9600000)
 Metaspace       used 87758K, committed 89600K, reserved 1179648K
  class space    used 9523K, committed 10304K, reserved 1048576K
}
Event: 1114.331 GC heap after
{Heap after GC invocations=998 (full 5):
 PSYoungGen      total 2560K, used 352K [0x00000000d5580000, 0x00000000d5a80000, 0x0000000100000000)
  eden space 2048K, 0% used [0x00000000d5580000,0x00000000d5580000,0x00000000d5780000)
  from space 512K, 68% used [0x00000000d5a00000,0x00000000d5a58000,0x00000000d5a80000)
  to   space 512K, 0% used [0x00000000d5980000,0x00000000d5980000,0x00000000d5a00000)
 ParOldGen       total 677888K, used 676659K [0x0000000080000000, 0x00000000a9600000, 0x00000000d5580000)
  object space 677888K, 99% used [0x0000000080000000,0x00000000a94ccc10,0x00000000a9600000)
 Metaspace       used 87758K, committed 89600K, reserved 1179648K
  class space    used 9523K, committed 10304K, reserved 1048576K
}
Event: 1115.661 GC heap before
{Heap before GC invocations=999 (full 5):
 PSYoungGen      total 2560K, used 2400K [0x00000000d5580000, 0x00000000d5a80000, 0x0000000100000000)
  eden space 2048K, 100% used [0x00000000d5580000,0x00000000d5780000,0x00000000d5780000)
  from space 512K, 68% used [0x00000000d5a00000,0x00000000d5a58000,0x00000000d5a80000)
  to   space 512K, 0% used [0x00000000d5980000,0x00000000d5980000,0x00000000d5a00000)
 ParOldGen       total 677888K, used 676659K [0x0000000080000000, 0x00000000a9600000, 0x00000000d5580000)
  object space 677888K, 99% used [0x0000000080000000,0x00000000a94ccc10,0x00000000a9600000)
 Metaspace       used 87760K, committed 89600K, reserved 1179648K
  class space    used 9523K, committed 10304K, reserved 1048576K
}
Event: 1115.664 GC heap after
{Heap after GC invocations=999 (full 5):
 PSYoungGen      total 2560K, used 378K [0x00000000d5580000, 0x00000000d5a80000, 0x0000000100000000)
  eden space 2048K, 0% used [0x00000000d5580000,0x00000000d5580000,0x00000000d5780000)
  from space 512K, 73% used [0x00000000d5980000,0x00000000d59de900,0x00000000d5a00000)
  to   space 512K, 0% used [0x00000000d5a00000,0x00000000d5a00000,0x00000000d5a80000)
 ParOldGen       total 677888K, used 676707K [0x0000000080000000, 0x00000000a9600000, 0x00000000d5580000)
  object space 677888K, 99% used [0x0000000080000000,0x00000000a94d8c10,0x00000000a9600000)
 Metaspace       used 87760K, committed 89600K, reserved 1179648K
  class space    used 9523K, committed 10304K, reserved 1048576K
}
Event: 1115.668 GC heap before
{Heap before GC invocations=1000 (full 5):
 PSYoungGen      total 2560K, used 2426K [0x00000000d5580000, 0x00000000d5a80000, 0x0000000100000000)
  eden space 2048K, 100% used [0x00000000d5580000,0x00000000d5780000,0x00000000d5780000)
  from space 512K, 73% used [0x00000000d5980000,0x00000000d59de900,0x00000000d5a00000)
  to   space 512K, 0% used [0x00000000d5a00000,0x00000000d5a00000,0x00000000d5a80000)
 ParOldGen       total 677888K, used 676707K [0x0000000080000000, 0x00000000a9600000, 0x00000000d5580000)
  object space 677888K, 99% used [0x0000000080000000,0x00000000a94d8c10,0x00000000a9600000)
 Metaspace       used 87760K, committed 89600K, reserved 1179648K
  class space    used 9523K, committed 10304K, reserved 1048576K
}
Event: 1115.673 GC heap after
{Heap after GC invocations=1000 (full 5):
 PSYoungGen      total 3072K, used 464K [0x00000000d5580000, 0x00000000d5a80000, 0x0000000100000000)
  eden space 2560K, 0% used [0x00000000d5580000,0x00000000d5580000,0x00000000d5800000)
  from space 512K, 90% used [0x00000000d5a00000,0x00000000d5a74010,0x00000000d5a80000)
  to   space 512K, 0% used [0x00000000d5980000,0x00000000d5980000,0x00000000d5a00000)
 ParOldGen       total 677888K, used 676855K [0x0000000080000000, 0x00000000a9600000, 0x00000000d5580000)
  object space 677888K, 99% used [0x0000000080000000,0x00000000a94fde10,0x00000000a9600000)
 Metaspace       used 87760K, committed 89600K, reserved 1179648K
  class space    used 9523K, committed 10304K, reserved 1048576K
}
Event: 1115.683 GC heap before
{Heap before GC invocations=1001 (full 5):
 PSYoungGen      total 3072K, used 3024K [0x00000000d5580000, 0x00000000d5a80000, 0x0000000100000000)
  eden space 2560K, 100% used [0x00000000d5580000,0x00000000d5800000,0x00000000d5800000)
  from space 512K, 90% used [0x00000000d5a00000,0x00000000d5a74010,0x00000000d5a80000)
  to   space 512K, 0% used [0x00000000d5980000,0x00000000d5980000,0x00000000d5a00000)
 ParOldGen       total 677888K, used 676855K [0x0000000080000000, 0x00000000a9600000, 0x00000000d5580000)
  object space 677888K, 99% used [0x0000000080000000,0x00000000a94fde10,0x00000000a9600000)
 Metaspace       used 87760K, committed 89600K, reserved 1179648K
  class space    used 9523K, committed 10304K, reserved 1048576K
}
Event: 1115.686 GC heap after
{Heap after GC invocations=1001 (full 5):
 PSYoungGen      total 3584K, used 416K [0x00000000d5580000, 0x00000000d5a80000, 0x0000000100000000)
  eden space 3072K, 0% used [0x00000000d5580000,0x00000000d5580000,0x00000000d5880000)
  from space 512K, 81% used [0x00000000d5980000,0x00000000d59e8000,0x00000000d5a00000)
  to   space 512K, 0% used [0x00000000d5a00000,0x00000000d5a00000,0x00000000d5a80000)
 ParOldGen       total 677888K, used 677263K [0x0000000080000000, 0x00000000a9600000, 0x00000000d5580000)
  object space 677888K, 99% used [0x0000000080000000,0x00000000a9563e20,0x00000000a9600000)
 Metaspace       used 87760K, committed 89600K, reserved 1179648K
  class space    used 9523K, committed 10304K, reserved 1048576K
}
Event: 1115.771 GC heap before
{Heap before GC invocations=1002 (full 5):
 PSYoungGen      total 3584K, used 3488K [0x00000000d5580000, 0x00000000d5a80000, 0x0000000100000000)
  eden space 3072K, 100% used [0x00000000d5580000,0x00000000d5880000,0x00000000d5880000)
  from space 512K, 81% used [0x00000000d5980000,0x00000000d59e8000,0x00000000d5a00000)
  to   space 512K, 0% used [0x00000000d5a00000,0x00000000d5a00000,0x00000000d5a80000)
 ParOldGen       total 677888K, used 677263K [0x0000000080000000, 0x00000000a9600000, 0x00000000d5580000)
  object space 677888K, 99% used [0x0000000080000000,0x00000000a9563e20,0x00000000a9600000)
 Metaspace       used 87761K, committed 89600K, reserved 1179648K
  class space    used 9523K, committed 10304K, reserved 1048576K
}
Event: 1115.773 GC heap after
{Heap after GC invocations=1002 (full 5):
 PSYoungGen      total 4096K, used 506K [0x00000000d5580000, 0x00000000d5b80000, 0x0000000100000000)
  eden space 3584K, 0% used [0x00000000d5580000,0x00000000d5580000,0x00000000d5900000)
  from space 512K, 98% used [0x00000000d5a00000,0x00000000d5a7e900,0x00000000d5a80000)
  to   space 1024K, 0% used [0x00000000d5900000,0x00000000d5900000,0x00000000d5a00000)
 ParOldGen       total 677888K, used 677593K [0x0000000080000000, 0x00000000a9600000, 0x00000000d5580000)
  object space 677888K, 99% used [0x0000000080000000,0x00000000a95b6730,0x00000000a9600000)
 Metaspace       used 87761K, committed 89600K, reserved 1179648K
  class space    used 9523K, committed 10304K, reserved 1048576K
}
Event: 1115.779 GC heap before
{Heap before GC invocations=1003 (full 5):
 PSYoungGen      total 4096K, used 4090K [0x00000000d5580000, 0x00000000d5b80000, 0x0000000100000000)
  eden space 3584K, 100% used [0x00000000d5580000,0x00000000d5900000,0x00000000d5900000)
  from space 512K, 98% used [0x00000000d5a00000,0x00000000d5a7e900,0x00000000d5a80000)
  to   space 1024K, 0% used [0x00000000d5900000,0x00000000d5900000,0x00000000d5a00000)
 ParOldGen       total 677888K, used 677593K [0x0000000080000000, 0x00000000a9600000, 0x00000000d5580000)
  object space 677888K, 99% used [0x0000000080000000,0x00000000a95b6730,0x00000000a9600000)
 Metaspace       used 87764K, committed 89600K, reserved 1179648K
  class space    used 9523K, committed 10304K, reserved 1048576K
}
Event: 1115.781 GC heap after
{Heap after GC invocations=1003 (full 5):
 PSYoungGen      total 4608K, used 512K [0x00000000d5580000, 0x00000000d5c00000, 0x0000000100000000)
  eden space 3584K, 0% used [0x00000000d5580000,0x00000000d5580000,0x00000000d5900000)
  from space 1024K, 50% used [0x00000000d5900000,0x00000000d5980000,0x00000000d5a00000)
  to   space 1024K, 0% used [0x00000000d5b00000,0x00000000d5b00000,0x00000000d5c00000)
 ParOldGen       total 678400K, used 678072K [0x0000000080000000, 0x00000000a9680000, 0x00000000d5580000)
  object space 678400K, 99% used [0x0000000080000000,0x00000000a962e040,0x00000000a9680000)
 Metaspace       used 87764K, committed 89600K, reserved 1179648K
  class space    used 9523K, committed 10304K, reserved 1048576K
}

Dll operation events (13 events):
Event: 0.010 Loaded shared library c:\Users\alpit\.antigravity\extensions\redhat.java-1.52.0-win32-x64\jre\21.0.9-win32-x86_64\bin\java.dll
Event: 0.060 Loaded shared library c:\Users\alpit\.antigravity\extensions\redhat.java-1.52.0-win32-x64\jre\21.0.9-win32-x86_64\bin\zip.dll
Event: 0.079 Loaded shared library C:\Users\alpit\.antigravity\extensions\redhat.java-1.52.0-win32-x64\jre\21.0.9-win32-x86_64\bin\instrument.dll
Event: 0.084 Loaded shared library C:\Users\alpit\.antigravity\extensions\redhat.java-1.52.0-win32-x64\jre\21.0.9-win32-x86_64\bin\net.dll
Event: 0.086 Loaded shared library C:\Users\alpit\.antigravity\extensions\redhat.java-1.52.0-win32-x64\jre\21.0.9-win32-x86_64\bin\nio.dll
Event: 0.089 Loaded shared library C:\Users\alpit\.antigravity\extensions\redhat.java-1.52.0-win32-x64\jre\21.0.9-win32-x86_64\bin\zip.dll
Event: 0.106 Loaded shared library C:\Users\alpit\.antigravity\extensions\redhat.java-1.52.0-win32-x64\jre\21.0.9-win32-x86_64\bin\jimage.dll
Event: 0.167 Loaded shared library c:\Users\alpit\.antigravity\extensions\redhat.java-1.52.0-win32-x64\jre\21.0.9-win32-x86_64\bin\verify.dll
Event: 1.464 Loaded shared library C:\Users\alpit\AppData\Roaming\Antigravity\User\globalStorage\redhat.java\1.52.0\config_win\org.eclipse.equinox.launcher\org.eclipse.equinox.launcher.win32.win32.x86_64_1.2.1500.v20260121-1430\eclipse_11919.dll
Event: 2.761 Loaded shared library C:\Users\alpit\AppData\Local\Temp\jna-92909968\jna7934505936545230123.dll
Event: 6.571 Loaded shared library C:\Users\alpit\.gradle\native\1def1411415f61bf3af743bc5b6707747c0891f09f0c88961ee8f79bc544acac\windows-amd64\native-platform.dll
Event: 7.263 Loaded shared library C:\Users\alpit\.antigravity\extensions\redhat.java-1.52.0-win32-x64\jre\21.0.9-win32-x86_64\bin\management.dll
Event: 7.265 Loaded shared library C:\Users\alpit\.antigravity\extensions\redhat.java-1.52.0-win32-x64\jre\21.0.9-win32-x86_64\bin\management_ext.dll

Deoptimization events (20 events):
Event: 1110.947 Thread 0x000002a2ef49cea0 DEOPT PACKING pc=0x000002a2d665aa14 sp=0x000000b48c7fddc0
Event: 1110.947 Thread 0x000002a2ef49cea0 DEOPT UNPACKING pc=0x000002a2d5173aa2 sp=0x000000b48c7fdd50 mode 2
Event: 1112.912 Thread 0x000002a2eb9313d0 DEOPT PACKING pc=0x000002a2cfd674fe sp=0x000000b487cfe7e0
Event: 1112.912 Thread 0x000002a2eb9313d0 DEOPT UNPACKING pc=0x000002a2d5174242 sp=0x000000b487cfdc50 mode 0
Event: 1113.066 Thread 0x000002a2ef49cea0 Uncommon trap: trap_request=0xffffff45 fr.pc=0x000002a2d63c99a4 relative=0x0000000000002484
Event: 1113.066 Thread 0x000002a2ef49cea0 Uncommon trap: reason=unstable_if action=reinterpret pc=0x000002a2d63c99a4 method=org.eclipse.jdt.internal.compiler.parser.Scanner.getNextToken0()Lorg/eclipse/jdt/internal/compiler/parser/TerminalToken; @ 1482 c2
Event: 1113.066 Thread 0x000002a2ef49cea0 DEOPT PACKING pc=0x000002a2d63c99a4 sp=0x000000b48c7fe380
Event: 1113.066 Thread 0x000002a2ef49cea0 DEOPT UNPACKING pc=0x000002a2d5173aa2 sp=0x000000b48c7fe2c0 mode 2
Event: 1114.294 Thread 0x000002a2ec7fb710 Uncommon trap: trap_request=0xffffffbe fr.pc=0x000002a2d66ce178 relative=0x0000000000000a78
Event: 1114.294 Thread 0x000002a2ec7fb710 Uncommon trap: reason=profile_predicate action=maybe_recompile pc=0x000002a2d66ce178 method=org.eclipse.jdt.internal.compiler.codegen.CharArrayCache.rehash()V @ 54 c2
Event: 1114.294 Thread 0x000002a2ec7fb710 DEOPT PACKING pc=0x000002a2d66ce178 sp=0x000000b48b4feb30
Event: 1114.294 Thread 0x000002a2ec7fb710 DEOPT UNPACKING pc=0x000002a2d5173aa2 sp=0x000000b48b4feaf0 mode 2
Event: 1114.294 Thread 0x000002a2ec7fb710 Uncommon trap: trap_request=0xffffffbe fr.pc=0x000002a2d66ce178 relative=0x0000000000000a78
Event: 1114.294 Thread 0x000002a2ec7fb710 Uncommon trap: reason=profile_predicate action=maybe_recompile pc=0x000002a2d66ce178 method=org.eclipse.jdt.internal.compiler.codegen.CharArrayCache.rehash()V @ 54 c2
Event: 1114.294 Thread 0x000002a2ec7fb710 DEOPT PACKING pc=0x000002a2d66ce178 sp=0x000000b48b4feb20
Event: 1114.294 Thread 0x000002a2ec7fb710 DEOPT UNPACKING pc=0x000002a2d5173aa2 sp=0x000000b48b4feae0 mode 2
Event: 1114.294 Thread 0x000002a2ec7fb710 Uncommon trap: trap_request=0xffffff6e fr.pc=0x000002a2d66ce00c relative=0x000000000000090c
Event: 1114.294 Thread 0x000002a2ec7fb710 Uncommon trap: reason=loop_limit_check action=maybe_recompile pc=0x000002a2d66ce00c method=org.eclipse.jdt.internal.compiler.codegen.CharArrayCache.rehash()V @ 58 c2
Event: 1114.294 Thread 0x000002a2ec7fb710 DEOPT PACKING pc=0x000002a2d66ce00c sp=0x000000b48b4fea60
Event: 1114.294 Thread 0x000002a2ec7fb710 DEOPT UNPACKING pc=0x000002a2d5173aa2 sp=0x000000b48b4fea18 mode 2

Classes loaded (20 events):
Event: 1080.163 Loading class sun/nio/fs/WindowsFileCopy
Event: 1080.164 Loading class sun/nio/fs/WindowsFileCopy done
Event: 1080.345 Loading class jdk/internal/module/IllegalAccessLogger
Event: 1080.345 Loading class jdk/internal/module/IllegalAccessLogger done
Event: 1080.529 Loading class java/nio/BufferMismatch
Event: 1080.529 Loading class java/nio/BufferMismatch done
Event: 1084.913 Loading class jdk/internal/module/IllegalAccessLogger
Event: 1084.913 Loading class jdk/internal/module/IllegalAccessLogger done
Event: 1088.464 Loading class jdk/internal/module/IllegalAccessLogger
Event: 1088.464 Loading class jdk/internal/module/IllegalAccessLogger done
Event: 1095.070 Loading class jdk/internal/module/IllegalAccessLogger
Event: 1095.070 Loading class jdk/internal/module/IllegalAccessLogger done
Event: 1099.807 Loading class jdk/internal/module/IllegalAccessLogger
Event: 1099.807 Loading class jdk/internal/module/IllegalAccessLogger done
Event: 1104.050 Loading class jdk/internal/module/IllegalAccessLogger
Event: 1104.050 Loading class jdk/internal/module/IllegalAccessLogger done
Event: 1112.649 Loading class jdk/internal/module/IllegalAccessLogger
Event: 1112.649 Loading class jdk/internal/module/IllegalAccessLogger done
Event: 1114.292 Loading class jdk/internal/module/IllegalAccessLogger
Event: 1114.292 Loading class jdk/internal/module/IllegalAccessLogger done

Classes unloaded (13 events):
Event: 3.293 Thread 0x000002a2cab72bd0 Unloading class 0x000002a2811aac00 'java/lang/invoke/LambdaForm$MH+0x000002a2811aac00'
Event: 3.293 Thread 0x000002a2cab72bd0 Unloading class 0x000002a2811aa800 'java/lang/invoke/LambdaForm$MH+0x000002a2811aa800'
Event: 3.293 Thread 0x000002a2cab72bd0 Unloading class 0x000002a2811aa400 'java/lang/invoke/LambdaForm$MH+0x000002a2811aa400'
Event: 3.293 Thread 0x000002a2cab72bd0 Unloading class 0x000002a2811aa000 'java/lang/invoke/LambdaForm$MH+0x000002a2811aa000'
Event: 3.293 Thread 0x000002a2cab72bd0 Unloading class 0x000002a2811a9c00 'java/lang/invoke/LambdaForm$BMH+0x000002a2811a9c00'
Event: 3.293 Thread 0x000002a2cab72bd0 Unloading class 0x000002a2811a9800 'java/lang/invoke/LambdaForm$DMH+0x000002a2811a9800'
Event: 3.293 Thread 0x000002a2cab72bd0 Unloading class 0x000002a2811a8400 'java/lang/invoke/LambdaForm$DMH+0x000002a2811a8400'
Event: 1082.474 Thread 0x000002a2cab72bd0 Unloading class 0x000002a281876c00 'java/lang/invoke/LambdaForm$DMH+0x000002a281876c00'
Event: 1082.474 Thread 0x000002a2cab72bd0 Unloading class 0x000002a281840800 'java/lang/invoke/LambdaForm$DMH+0x000002a281840800'
Event: 1082.474 Thread 0x000002a2cab72bd0 Unloading class 0x000002a28176cc00 'java/lang/invoke/LambdaForm$DMH+0x000002a28176cc00'
Event: 1082.474 Thread 0x000002a2cab72bd0 Unloading class 0x000002a28176d000 'java/lang/invoke/LambdaForm$DMH+0x000002a28176d000'
Event: 1082.474 Thread 0x000002a2cab72bd0 Unloading class 0x000002a28176c800 'java/lang/invoke/LambdaForm$DMH+0x000002a28176c800'
Event: 1082.474 Thread 0x000002a2cab72bd0 Unloading class 0x000002a28176c400 'java/lang/invoke/LambdaForm$DMH+0x000002a28176c400'

Classes redefined (0 events):
No events

Internal exceptions (20 events):
Event: 1096.586 Thread 0x000002a2eb9306b0 Exception <a 'java/lang/IncompatibleClassChangeError'{0x00000000d56895a0}: Found class java.lang.Object, but interface was expected> (0x00000000d56895a0) 
thrown [s\src\hotspot\share\interpreter\linkResolver.cpp, line 840]
Event: 1098.199 Thread 0x000002a2eb9306b0 Exception <a 'java/lang/ArrayIndexOutOfBoundsException'{0x00000000d5a54e38}> (0x00000000d5a54e38) 
thrown [s\src\hotspot\share\runtime\sharedRuntime.cpp, line 625]
Event: 1098.199 Thread 0x000002a2eb9306b0 Exception <a 'java/lang/ArrayIndexOutOfBoundsException'{0x00000000d5a55470}> (0x00000000d5a55470) 
thrown [s\src\hotspot\share\runtime\sharedRuntime.cpp, line 625]
Event: 1098.199 Thread 0x000002a2eb9306b0 Exception <a 'java/lang/ArrayIndexOutOfBoundsException'{0x00000000d5a557f8}> (0x00000000d5a557f8) 
thrown [s\src\hotspot\share\runtime\sharedRuntime.cpp, line 625]
Event: 1098.662 Thread 0x000002a2eb9306b0 Exception <a 'java/lang/ArrayIndexOutOfBoundsException'{0x00000000d582e748}> (0x00000000d582e748) 
thrown [s\src\hotspot\share\runtime\sharedRuntime.cpp, line 625]
Event: 1098.662 Thread 0x000002a2eb9306b0 Exception <a 'java/lang/ArrayIndexOutOfBoundsException'{0x00000000d582ed80}> (0x00000000d582ed80) 
thrown [s\src\hotspot\share\runtime\sharedRuntime.cpp, line 625]
Event: 1098.662 Thread 0x000002a2eb9306b0 Exception <a 'java/lang/ArrayIndexOutOfBoundsException'{0x00000000d582f108}> (0x00000000d582f108) 
thrown [s\src\hotspot\share\runtime\sharedRuntime.cpp, line 625]
Event: 1099.664 Thread 0x000002a2e93204d0 Exception <a 'sun/nio/fs/WindowsException'{0x00000000d5b38c78}> (0x00000000d5b38c78) 
thrown [s\src\hotspot\share\prims\jni.cpp, line 520]
Event: 1099.818 Thread 0x000002a2e93204d0 Exception <a 'sun/nio/fs/WindowsException'{0x00000000d55957e0}> (0x00000000d55957e0) 
thrown [s\src\hotspot\share\prims\jni.cpp, line 520]
Event: 1099.831 Thread 0x000002a2ec7fb710 Implicit null exception at 0x000002a2d595fb24 to 0x000002a2d595fb54
Event: 1103.909 Thread 0x000002a2e93204d0 Exception <a 'sun/nio/fs/WindowsException'{0x00000000d57cf630}> (0x00000000d57cf630) 
thrown [s\src\hotspot\share\prims\jni.cpp, line 520]
Event: 1104.060 Thread 0x000002a2eb9306b0 Exception <a 'java/lang/IncompatibleClassChangeError'{0x00000000d5865c70}: Found class java.lang.Object, but interface was expected> (0x00000000d5865c70) 
thrown [s\src\hotspot\share\interpreter\linkResolver.cpp, line 840]
Event: 1104.069 Thread 0x000002a2e93204d0 Exception <a 'sun/nio/fs/WindowsException'{0x00000000d566aef0}> (0x00000000d566aef0) 
thrown [s\src\hotspot\share\prims\jni.cpp, line 520]
Event: 1104.082 Thread 0x000002a2ef49cea0 Implicit null exception at 0x000002a2d5f9b301 to 0x000002a2d5f9f0ec
Event: 1104.085 Thread 0x000002a2e9cf9de0 Implicit null exception at 0x000002a2d63b7809 to 0x000002a2d63b7e7c
Event: 1104.094 Thread 0x000002a2ef49cea0 Implicit null exception at 0x000002a2d613e609 to 0x000002a2d613e83c
Event: 1112.514 Thread 0x000002a2e93204d0 Exception <a 'sun/nio/fs/WindowsException'{0x00000000d59acfd8}> (0x00000000d59acfd8) 
thrown [s\src\hotspot\share\prims\jni.cpp, line 520]
Event: 1112.670 Thread 0x000002a2e93204d0 Exception <a 'sun/nio/fs/WindowsException'{0x00000000d574d610}> (0x00000000d574d610) 
thrown [s\src\hotspot\share\prims\jni.cpp, line 520]
Event: 1114.127 Thread 0x000002a2e93204d0 Exception <a 'sun/nio/fs/WindowsException'{0x00000000d5a943a8}> (0x00000000d5a943a8) 
thrown [s\src\hotspot\share\prims\jni.cpp, line 520]
Event: 1114.263 Thread 0x000002a2e93204d0 Exception <a 'sun/nio/fs/WindowsException'{0x00000000d562cc40}> (0x00000000d562cc40) 
thrown [s\src\hotspot\share\prims\jni.cpp, line 520]

ZGC Phase Switch (0 events):
No events

VM Operations (20 events):
Event: 1114.290 Executing VM operation: ParallelGCFailedAllocation (Allocation Failure) done
Event: 1114.292 Executing VM operation: ParallelGCFailedAllocation (Allocation Failure)
Event: 1114.293 Executing VM operation: ParallelGCFailedAllocation (Allocation Failure) done
Event: 1114.302 Executing VM operation: ParallelGCFailedAllocation (Allocation Failure)
Event: 1114.304 Executing VM operation: ParallelGCFailedAllocation (Allocation Failure) done
Event: 1114.330 Executing VM operation: ParallelGCFailedAllocation (Allocation Failure)
Event: 1114.331 Executing VM operation: ParallelGCFailedAllocation (Allocation Failure) done
Event: 1115.344 Executing VM operation: Cleanup
Event: 1115.344 Executing VM operation: Cleanup done
Event: 1115.661 Executing VM operation: ParallelGCFailedAllocation (Allocation Failure)
Event: 1115.664 Executing VM operation: ParallelGCFailedAllocation (Allocation Failure) done
Event: 1115.668 Executing VM operation: ParallelGCFailedAllocation (Allocation Failure)
Event: 1115.673 Executing VM operation: ParallelGCFailedAllocation (Allocation Failure) done
Event: 1115.683 Executing VM operation: ParallelGCFailedAllocation (Allocation Failure)
Event: 1115.686 Executing VM operation: ParallelGCFailedAllocation (Allocation Failure) done
Event: 1115.771 Executing VM operation: ParallelGCFailedAllocation (Allocation Failure)
Event: 1115.773 Executing VM operation: ParallelGCFailedAllocation (Allocation Failure) done
Event: 1115.779 Executing VM operation: ParallelGCFailedAllocation (Allocation Failure)
Event: 1115.781 Executing VM operation: ParallelGCFailedAllocation (Allocation Failure) done
Event: 1115.972 Executing VM operation: ParallelGCFailedAllocation (Allocation Failure)

Memory protections (0 events):
No events

Nmethod flushes (20 events):
Event: 1084.847 Thread 0x000002a2cab72bd0 flushing  nmethod 0x000002a2cff94190
Event: 1084.847 Thread 0x000002a2cab72bd0 flushing  nmethod 0x000002a2cff94c10
Event: 1084.847 Thread 0x000002a2cab72bd0 flushing  nmethod 0x000002a2cff95c90
Event: 1084.847 Thread 0x000002a2cab72bd0 flushing  nmethod 0x000002a2cff96690
Event: 1084.847 Thread 0x000002a2cab72bd0 flushing  nmethod 0x000002a2cff97390
Event: 1084.847 Thread 0x000002a2cab72bd0 flushing  nmethod 0x000002a2cff98e10
Event: 1084.847 Thread 0x000002a2cab72bd0 flushing  nmethod 0x000002a2cff9ac90
Event: 1084.847 Thread 0x000002a2cab72bd0 flushing  nmethod 0x000002a2cffbd490
Event: 1084.847 Thread 0x000002a2cab72bd0 flushing  nmethod 0x000002a2cffed390
Event: 1084.847 Thread 0x000002a2cab72bd0 flushing  nmethod 0x000002a2cffeef10
Event: 1084.847 Thread 0x000002a2cab72bd0 flushing  nmethod 0x000002a2cfff0690
Event: 1084.847 Thread 0x000002a2cab72bd0 flushing  nmethod 0x000002a2d0007710
Event: 1084.847 Thread 0x000002a2cab72bd0 flushing  nmethod 0x000002a2d0009910
Event: 1084.847 Thread 0x000002a2cab72bd0 flushing  nmethod 0x000002a2d000c790
Event: 1084.847 Thread 0x000002a2cab72bd0 flushing  nmethod 0x000002a2d001c790
Event: 1084.847 Thread 0x000002a2cab72bd0 flushing  nmethod 0x000002a2d002a390
Event: 1084.847 Thread 0x000002a2cab72bd0 flushing  nmethod 0x000002a2d002e490
Event: 1084.847 Thread 0x000002a2cab72bd0 flushing  nmethod 0x000002a2d0035310
Event: 1084.847 Thread 0x000002a2cab72bd0 flushing  nmethod 0x000002a2d0038010
Event: 1084.847 Thread 0x000002a2cab72bd0 flushing  nmethod 0x000002a2d00ca910

Events (20 events):
Event: 1099.435 Thread 0x000002a2e293a3c0 Thread exited: 0x000002a2e293a3c0
Event: 1099.821 Thread 0x000002a2e2879080 Thread added: 0x000002a2e960bc30
Event: 1099.843 Thread 0x000002a2e2879080 Thread added: 0x000002a2e293a3c0
Event: 1099.997 Thread 0x000002a2e293a3c0 Thread exited: 0x000002a2e293a3c0
Event: 1100.325 Thread 0x000002a2e960bc30 Thread exited: 0x000002a2e960bc30
Event: 1100.366 Thread 0x000002a2e931f120 Thread added: 0x000002a2eb9313d0
Event: 1103.626 Thread 0x000002a2e960c9d0 Thread added: 0x000002a2e960bc30
Event: 1103.854 Thread 0x000002a2e960bc30 Thread exited: 0x000002a2e960bc30
Event: 1104.071 Thread 0x000002a2e2879080 Thread added: 0x000002a2e960bc30
Event: 1104.081 Thread 0x000002a2e2879080 Thread added: 0x000002a2e9569600
Event: 1104.349 Thread 0x000002a2e9569600 Thread exited: 0x000002a2e9569600
Event: 1109.640 Thread 0x000002a2e960bc30 Thread exited: 0x000002a2e960bc30
Event: 1109.640 Thread 0x000002a2e960c9d0 Thread exited: 0x000002a2e960c9d0
Event: 1109.640 Thread 0x000002a2e9605600 Thread exited: 0x000002a2e9605600
Event: 1112.004 Thread 0x000002a2e2879080 Thread added: 0x000002a2e9605600
Event: 1112.473 Thread 0x000002a2e9605600 Thread exited: 0x000002a2e9605600
Event: 1112.675 Thread 0x000002a2e2879080 Thread added: 0x000002a2e9605600
Event: 1112.845 Thread 0x000002a2e9605600 Thread exited: 0x000002a2e9605600
Event: 1113.156 Thread 0x000002a2e2879080 Thread added: 0x000002a2e9605600
Event: 1113.340 Thread 0x000002a2e9605600 Thread exited: 0x000002a2e9605600


Dynamic libraries:
0x00007ff66c390000 - 0x00007ff66c39e000 	c:\Users\alpit\.antigravity\extensions\redhat.java-1.52.0-win32-x64\jre\21.0.9-win32-x86_64\bin\java.exe
0x00007fff2fa00000 - 0x00007fff2fc68000 	C:\WINDOWS\SYSTEM32\ntdll.dll
0x00007fff2e610000 - 0x00007fff2e6d9000 	C:\WINDOWS\System32\KERNEL32.DLL
0x00007fff2c650000 - 0x00007fff2ca41000 	C:\WINDOWS\System32\KERNELBASE.dll
0x00007fff2d650000 - 0x00007fff2d79b000 	C:\WINDOWS\System32\ucrtbase.dll
0x00007ffe71e70000 - 0x00007ffe71e88000 	c:\Users\alpit\.antigravity\extensions\redhat.java-1.52.0-win32-x64\jre\21.0.9-win32-x86_64\bin\jli.dll
0x00007ffe71e50000 - 0x00007ffe71e6e000 	c:\Users\alpit\.antigravity\extensions\redhat.java-1.52.0-win32-x64\jre\21.0.9-win32-x86_64\bin\VCRUNTIME140.dll
0x00007fff2eec0000 - 0x00007fff2f086000 	C:\WINDOWS\System32\USER32.dll
0x00007fff03b30000 - 0x00007fff03dc3000 	C:\WINDOWS\WinSxS\amd64_microsoft.windows.common-controls_6595b64144ccf1df_6.0.26100.7824_none_3e0870b2e3345462\COMCTL32.dll
0x00007fff2c620000 - 0x00007fff2c647000 	C:\WINDOWS\System32\win32u.dll
0x00007fff2e3b0000 - 0x00007fff2e459000 	C:\WINDOWS\System32\msvcrt.dll
0x00007fff2e6e0000 - 0x00007fff2e70b000 	C:\WINDOWS\System32\GDI32.dll
0x00007fff2c4f0000 - 0x00007fff2c61b000 	C:\WINDOWS\System32\gdi32full.dll
0x00007fff2d5a0000 - 0x00007fff2d643000 	C:\WINDOWS\System32\msvcp_win.dll
0x00007fff2e2b0000 - 0x00007fff2e2e1000 	C:\WINDOWS\System32\IMM32.DLL
0x00007ffe71e40000 - 0x00007ffe71e4c000 	c:\Users\alpit\.antigravity\extensions\redhat.java-1.52.0-win32-x64\jre\21.0.9-win32-x86_64\bin\vcruntime140_1.dll
0x00007ffe71db0000 - 0x00007ffe71e3d000 	c:\Users\alpit\.antigravity\extensions\redhat.java-1.52.0-win32-x64\jre\21.0.9-win32-x86_64\bin\msvcp140.dll
0x00007ffe6fbe0000 - 0x00007ffe70980000 	c:\Users\alpit\.antigravity\extensions\redhat.java-1.52.0-win32-x64\jre\21.0.9-win32-x86_64\bin\server\jvm.dll
0x00007fff2e2f0000 - 0x00007fff2e3a4000 	C:\WINDOWS\System32\ADVAPI32.dll
0x00007fff2e560000 - 0x00007fff2e606000 	C:\WINDOWS\System32\sechost.dll
0x00007fff2f2b0000 - 0x00007fff2f3c8000 	C:\WINDOWS\System32\RPCRT4.dll
0x00007fff2f0b0000 - 0x00007fff2f124000 	C:\WINDOWS\System32\WS2_32.dll
0x00007fff2b9a0000 - 0x00007fff2b9fe000 	C:\WINDOWS\SYSTEM32\POWRPROF.dll
0x00007fff204c0000 - 0x00007fff204f5000 	C:\WINDOWS\SYSTEM32\WINMM.dll
0x00007fff1b150000 - 0x00007fff1b15b000 	C:\WINDOWS\SYSTEM32\VERSION.dll
0x00007fff2b7e0000 - 0x00007fff2b7f4000 	C:\WINDOWS\SYSTEM32\UMPDC.dll
0x00007fff2b080000 - 0x00007fff2b09b000 	C:\WINDOWS\SYSTEM32\kernel.appcore.dll
0x00007ffe71b30000 - 0x00007ffe71b3a000 	c:\Users\alpit\.antigravity\extensions\redhat.java-1.52.0-win32-x64\jre\21.0.9-win32-x86_64\bin\jimage.dll
0x00007fff2a130000 - 0x00007fff2a372000 	C:\WINDOWS\SYSTEM32\DBGHELP.DLL
0x00007fff2df20000 - 0x00007fff2e2a6000 	C:\WINDOWS\System32\combase.dll
0x00007fff2e710000 - 0x00007fff2e7e7000 	C:\WINDOWS\System32\OLEAUT32.dll
0x00007ffeff270000 - 0x00007ffeff2ab000 	C:\WINDOWS\SYSTEM32\dbgcore.DLL
0x00007fff2d2c0000 - 0x00007fff2d365000 	C:\WINDOWS\System32\bcryptPrimitives.dll
0x00007ffe71d50000 - 0x00007ffe71d5f000 	c:\Users\alpit\.antigravity\extensions\redhat.java-1.52.0-win32-x64\jre\21.0.9-win32-x86_64\bin\instrument.dll
0x00007ffe71b10000 - 0x00007ffe71b30000 	c:\Users\alpit\.antigravity\extensions\redhat.java-1.52.0-win32-x64\jre\21.0.9-win32-x86_64\bin\java.dll
0x00007fff2d7b0000 - 0x00007fff2df02000 	C:\WINDOWS\System32\SHELL32.dll
0x00007fff2d370000 - 0x00007fff2d4da000 	C:\WINDOWS\System32\wintypes.dll
0x00007fff2ca50000 - 0x00007fff2d2b3000 	C:\WINDOWS\System32\windows.storage.dll
0x00007fff2ea90000 - 0x00007fff2eb86000 	C:\WINDOWS\System32\SHCORE.dll
0x00007fff2e460000 - 0x00007fff2e4c7000 	C:\WINDOWS\System32\shlwapi.dll
0x00007fff2c200000 - 0x00007fff2c229000 	C:\WINDOWS\SYSTEM32\profapi.dll
0x00007ffe71d90000 - 0x00007ffe71da8000 	c:\Users\alpit\.antigravity\extensions\redhat.java-1.52.0-win32-x64\jre\21.0.9-win32-x86_64\bin\zip.dll
0x00007ffe71d80000 - 0x00007ffe71d90000 	C:\Users\alpit\.antigravity\extensions\redhat.java-1.52.0-win32-x64\jre\21.0.9-win32-x86_64\bin\net.dll
0x00007fff242e0000 - 0x00007fff24407000 	C:\WINDOWS\SYSTEM32\WINHTTP.dll
0x00007fff2b660000 - 0x00007fff2b6cb000 	C:\WINDOWS\system32\mswsock.dll
0x00007ffe71d60000 - 0x00007ffe71d76000 	C:\Users\alpit\.antigravity\extensions\redhat.java-1.52.0-win32-x64\jre\21.0.9-win32-x86_64\bin\nio.dll
0x00007ffe71d20000 - 0x00007ffe71d30000 	c:\Users\alpit\.antigravity\extensions\redhat.java-1.52.0-win32-x64\jre\21.0.9-win32-x86_64\bin\verify.dll
0x00007ffe71c60000 - 0x00007ffe71ca5000 	C:\Users\alpit\AppData\Roaming\Antigravity\User\globalStorage\redhat.java\1.52.0\config_win\org.eclipse.equinox.launcher\org.eclipse.equinox.launcher.win32.win32.x86_64_1.2.1500.v20260121-1430\eclipse_11919.dll
0x00007fff2e8f0000 - 0x00007fff2ea87000 	C:\WINDOWS\System32\ole32.dll
0x00007fff2b970000 - 0x00007fff2b98b000 	C:\WINDOWS\SYSTEM32\CRYPTSP.dll
0x00007fff2afe0000 - 0x00007fff2b019000 	C:\WINDOWS\system32\rsaenh.dll
0x00007fff2b710000 - 0x00007fff2b73b000 	C:\WINDOWS\SYSTEM32\USERENV.dll
0x00007fff2c1d0000 - 0x00007fff2c1fa000 	C:\WINDOWS\SYSTEM32\bcrypt.dll
0x00007fff2b990000 - 0x00007fff2b99c000 	C:\WINDOWS\SYSTEM32\CRYPTBASE.dll
0x00007fff2aab0000 - 0x00007fff2aae4000 	C:\WINDOWS\SYSTEM32\IPHLPAPI.DLL
0x00007fff2f420000 - 0x00007fff2f42a000 	C:\WINDOWS\System32\NSI.dll
0x00007ffe71900000 - 0x00007ffe71949000 	C:\Users\alpit\AppData\Local\Temp\jna-92909968\jna7934505936545230123.dll
0x00007fff2f130000 - 0x00007fff2f138000 	C:\WINDOWS\System32\PSAPI.DLL
0x00007fff24820000 - 0x00007fff2483e000 	C:\WINDOWS\SYSTEM32\dhcpcsvc6.DLL
0x00007fff24770000 - 0x00007fff24793000 	C:\WINDOWS\SYSTEM32\dhcpcsvc.DLL
0x00007ffe6bfe0000 - 0x00007ffe6c007000 	C:\Users\alpit\.gradle\native\1def1411415f61bf3af743bc5b6707747c0891f09f0c88961ee8f79bc544acac\windows-amd64\native-platform.dll
0x00007ffe71d40000 - 0x00007ffe71d4a000 	C:\Users\alpit\.antigravity\extensions\redhat.java-1.52.0-win32-x64\jre\21.0.9-win32-x86_64\bin\management.dll
0x00007ffe71d30000 - 0x00007ffe71d3c000 	C:\Users\alpit\.antigravity\extensions\redhat.java-1.52.0-win32-x64\jre\21.0.9-win32-x86_64\bin\management_ext.dll

JVMTI agents:
c:\Users\alpit\.antigravity\extensions\redhat.java-1.52.0-win32-x64\lombok\lombok-1.18.39-4050.jar path:c:\Users\alpit\.antigravity\extensions\redhat.java-1.52.0-win32-x64\jre\21.0.9-win32-x86_64\bin\instrument.dll, loaded, initialized, instrumentlib options:none

dbghelp: loaded successfully - version: 4.0.5 - missing functions: none
symbol engine: initialized successfully - sym options: 0x614 - pdb path: .;c:\Users\alpit\.antigravity\extensions\redhat.java-1.52.0-win32-x64\jre\21.0.9-win32-x86_64\bin;C:\WINDOWS\SYSTEM32;C:\WINDOWS\WinSxS\amd64_microsoft.windows.common-controls_6595b64144ccf1df_6.0.26100.7824_none_3e0870b2e3345462;c:\Users\alpit\.antigravity\extensions\redhat.java-1.52.0-win32-x64\jre\21.0.9-win32-x86_64\bin\server;C:\Users\alpit\AppData\Roaming\Antigravity\User\globalStorage\redhat.java\1.52.0\config_win\org.eclipse.equinox.launcher\org.eclipse.equinox.launcher.win32.win32.x86_64_1.2.1500.v20260121-1430;C:\Users\alpit\AppData\Local\Temp\jna-92909968;C:\Users\alpit\.gradle\native\1def1411415f61bf3af743bc5b6707747c0891f09f0c88961ee8f79bc544acac\windows-amd64

VM Arguments:
jvm_args: --add-modules=ALL-SYSTEM --add-opens=java.base/java.util=ALL-UNNAMED --add-opens=java.base/java.lang=ALL-UNNAMED --add-opens=java.base/sun.nio.fs=ALL-UNNAMED -Declipse.application=org.eclipse.jdt.ls.core.id1 -Dosgi.bundles.defaultStartLevel=4 -Declipse.product=org.eclipse.jdt.ls.core.product -Djava.import.generatesMetadataFilesAtProjectRoot=false -DDetectVMInstallationsJob.disabled=true -Dfile.encoding=utf8 -XX:+UseParallelGC -XX:GCTimeRatio=4 -XX:AdaptiveSizePolicyWeight=90 -Dsun.zip.disableMemoryMapping=true -Xmx2G -Xms100m -Xlog:disable -javaagent:c:\Users\alpit\.antigravity\extensions\redhat.java-1.52.0-win32-x64\lombok\lombok-1.18.39-4050.jar -XX:+HeapDumpOnOutOfMemoryError -XX:HeapDumpPath=c:\Users\alpit\AppData\Roaming\Antigravity\User\workspaceStorage\cbb0aa8e4f4bd1039542ac91ced87a05\redhat.java -Daether.dependencyCollector.impl=bf 
java_command: c:\Users\alpit\.antigravity\extensions\redhat.java-1.52.0-win32-x64\server\plugins\org.eclipse.equinox.launcher_1.7.100.v20251111-0406.jar -configuration c:\Users\alpit\AppData\Roaming\Antigravity\User\globalStorage\redhat.java\1.52.0\config_win -data c:\Users\alpit\AppData\Roaming\Antigravity\User\workspaceStorage\cbb0aa8e4f4bd1039542ac91ced87a05\redhat.java\jdt_ws --pipe=\\.\pipe\lsp-52ceb055c05d06d42fdfe36503095e13-sock
java_class_path (initial): c:\Users\alpit\.antigravity\extensions\redhat.java-1.52.0-win32-x64\server\plugins\org.eclipse.equinox.launcher_1.7.100.v20251111-0406.jar
Launcher Type: SUN_STANDARD

[Global flags]
    uintx AdaptiveSizePolicyWeight                 = 90                                        {product} {command line}
     intx CICompilerCount                          = 12                                        {product} {ergonomic}
    uintx GCTimeRatio                              = 4                                         {product} {command line}
     bool HeapDumpOnOutOfMemoryError               = true                                   {manageable} {command line}
    ccstr HeapDumpPath                             = c:\Users\alpit\AppData\Roaming\Antigravity\User\workspaceStorage\cbb0aa8e4f4bd1039542ac91ced87a05\redhat.java         {manageable} {command line}
   size_t InitialHeapSize                          = 104857600                                 {product} {command line}
   size_t MaxHeapSize                              = 2147483648                                {product} {command line}
   size_t MaxNewSize                               = 715653120                                 {product} {ergonomic}
   size_t MinHeapDeltaBytes                        = 524288                                    {product} {ergonomic}
   size_t MinHeapSize                              = 104857600                                 {product} {command line}
   size_t NewSize                                  = 34603008                                  {product} {ergonomic}
    uintx NonNMethodCodeHeapSize                   = 7602480                                {pd product} {ergonomic}
    uintx NonProfiledCodeHeapSize                  = 122027880                              {pd product} {ergonomic}
   size_t OldSize                                  = 70254592                                  {product} {ergonomic}
    uintx ProfiledCodeHeapSize                     = 122027880                              {pd product} {ergonomic}
    uintx ReservedCodeCacheSize                    = 251658240                              {pd product} {ergonomic}
     bool SegmentedCodeCache                       = true                                      {product} {ergonomic}
   size_t SoftMaxHeapSize                          = 2147483648                             {manageable} {ergonomic}
     bool UseCompressedOops                        = true                           {product lp64_product} {ergonomic}
     bool UseLargePagesIndividualAllocation        = false                                  {pd product} {ergonomic}
     bool UseParallelGC                            = true                                      {product} {command line}

Logging:
Log output configuration:
 #0: stdout all=off uptime,level,tags foldmultilines=false
 #1: stderr all=off uptime,level,tags foldmultilines=false

Release file:
JAVA_VERSION="21.0.9" 
MODULES="java.base java.compiler java.datatransfer java.xml java.prefs java.desktop java.instrument java.logging java.management java.security.sasl java.naming java.rmi java.management.rmi java.net.http java.scripting java.security.jgss java.transaction.xa java.sql java.sql.rowset java.xml.crypto java.se java.smartcardio jdk.accessibility jdk.internal.jvmstat jdk.attach jdk.charsets jdk.internal.opt jdk.zipfs jdk.compiler jdk.crypto.ec jdk.crypto.cryptoki jdk.crypto.mscapi jdk.dynalink jdk.internal.ed jdk.editpad jdk.hotspot.agent jdk.httpserver jdk.internal.le jdk.internal.vm.ci jdk.internal.vm.compiler jdk.internal.vm.compiler.management jdk.jartool jdk.javadoc jdk.jcmd jdk.management jdk.management.agent jdk.jconsole jdk.jdeps jdk.jdwp.agent jdk.jdi jdk.jfr jdk.jshell jdk.jsobject jdk.jstatd jdk.localedata jdk.management.jfr jdk.naming.dns jdk.naming.rmi jdk.net jdk.nio.mapmode jdk.random jdk.sctp jdk.security.auth jdk.security.jgss jdk.unsupported jdk.unsupported.desktop jdk.xml.dom" 

Environment Variables:
PATH=C:\Program Files\Common Files\Oracle\Java\javapath;C:\Users\alpit\dev\flutter\bin;C:\windows\system32;C:\windows;C:\windows\System32\Wbem;C:\windows\System32\WindowsPowerShell\v1.0\;C:\windows\System32\OpenSSH\;C:\Program Files (x86)\NVIDIA Corporation\PhysX\Common;C:\Program Files\NVIDIA Corporation\NVIDIA NvDLISR;C:\Program Files\HP\HP One Agent;C:\Program Files\Git\cmd;C:\Program Files\nodejs\;C:\ProgramData\chocolatey\bin;C:\WINDOWS\system32;C:\WINDOWS;C:\WINDOWS\System32\Wbem;C:\WINDOWS\System32\WindowsPowerShell\v1.0\;C:\WINDOWS\System32\OpenSSH\;C:\Program Files\Java\jdk-17\bin;C:\MinGW\bin;C:\Program Files\MySQL\MySQL Server 8.0\bin;C:\Program Files\Java\jdk-16.0.2\bin;C:\Users\alpit\Downloads\jdk-23_windows-x64_bin\jdk-23.0.1\lib;C:\Program Files\apache-maven-3.9.12\bin;C:\Program Files\Java\jdk-17.0.18\bin;A:\TIC Projects\flutter\bin\cache\dart-sdk;A:\TIC Projects\flutter\bin;C:\Program Files\MySQL\MySQL Shell 8.0\bin\;C:\Users\alpit\AppData\Local\Programs\Python\Python311\Scripts\;C:\Users\alpit\AppData\Local\Programs\Python\Python311\;C:\Users\alpit\AppData\Local\Programs\Python\Python310\Scripts\;C:\Users\alpit\AppData\Local\Programs\Python\Python310\;C:\Users\alpit\AppData\Local\Programs\Python\Python38\Scripts\;C:\Users\alpit\AppData\Local\Programs\Python\Python38\;C:\Users\alpit\AppData\Local\Microsoft\WindowsApps;C:\Users\alpit\AppData\Local\Programs\Microsoft VS Code\bin;C:\Users\alpit\AppData\Local\Microsoft\WinGet\Packages\Schniz.fnm_Microsoft.Winget.Source_8wekyb3d8bbwe;C:\Program Files\JetBrains\IntelliJ IDEA 2024.3.1.1\bin;;C:\Users\alpit\OneDrive\Desktop\Flutter Projects\flutter\bin;A:\TIC Projects\flutter\bin;C:\Users\alpit\AppData\Roaming\npm;C:\Users\alpit\AppData\Local\Microsoft\WinGet\Links;C:\Program Files\JetBrains\IntelliJ IDEA Community Edition 2025.1.2\bin;;C:\Program Files\Java\jdk-17\bin;C:\Users\alpit\dev\flutter\bin;C:\MinGW\bin;C:\Program Files\Java\jdk-16.0.2\bin;C:\Users\alpit\Downloads\jdk-23_windows-x64_bin\jdk-23.0.1\lib;C:\Users\alpit\AppData\Local\Programs\Antigravity\bin;C:\Users\alpit\AppData\Local\Programs\Kiro\bin;C:\Program Files\Java\jdk-17.0.18\bin;A:\TIC Projects\flutter\bin\cache\dart-sdk;
USERNAME=alpit
OS=Windows_NT
PROCESSOR_IDENTIFIER=Intel64 Family 6 Model 154 Stepping 3, GenuineIntel
TMP=C:\Users\alpit\AppData\Local\Temp
TEMP=C:\Users\alpit\AppData\Local\Temp




Periodic native trim disabled

---------------  S Y S T E M  ---------------

OS:
 Windows 11 , 64 bit Build 26100 (10.0.26100.7705)
OS uptime: 0 days 0:19 hours
Hyper-V role detected

CPU: total 16 (initial active 16) (8 cores per cpu, 2 threads per core) family 6 model 154 stepping 3 microcode 0x437, cx8, cmov, fxsr, ht, mmx, 3dnowpref, sse, sse2, sse3, ssse3, sse4.1, sse4.2, popcnt, lzcnt, tsc, tscinvbit, avx, avx2, aes, erms, clmul, bmi1, bmi2, adx, sha, fma, vzeroupper, clflush, clflushopt, clwb, hv, serialize, rdtscp, rdpid, fsrm, f16c, cet_ibt, cet_ss
Processor Information for processor 0
  Max Mhz: 2300, Current Mhz: 2300, Mhz Limit: 2300
Processor Information for processor 1
  Max Mhz: 2300, Current Mhz: 2300, Mhz Limit: 2300
Processor Information for processor 2
  Max Mhz: 2300, Current Mhz: 1506, Mhz Limit: 2300
Processor Information for processor 3
  Max Mhz: 2300, Current Mhz: 2300, Mhz Limit: 2300
Processor Information for processor 4
  Max Mhz: 2300, Current Mhz: 2300, Mhz Limit: 2300
Processor Information for processor 5
  Max Mhz: 2300, Current Mhz: 2300, Mhz Limit: 2300
Processor Information for processor 6
  Max Mhz: 2300, Current Mhz: 1506, Mhz Limit: 2300
Processor Information for processor 7
  Max Mhz: 2300, Current Mhz: 2300, Mhz Limit: 2300
Processor Information for processor 8
  Max Mhz: 2300, Current Mhz: 2300, Mhz Limit: 2300
Processor Information for processor 9
  Max Mhz: 2300, Current Mhz: 2300, Mhz Limit: 2300
Processor Information for processor 10
  Max Mhz: 2300, Current Mhz: 2300, Mhz Limit: 2300
Processor Information for processor 11
  Max Mhz: 2300, Current Mhz: 2300, Mhz Limit: 2300
Processor Information for processor 12
  Max Mhz: 2300, Current Mhz: 2300, Mhz Limit: 2300
Processor Information for processor 13
  Max Mhz: 2300, Current Mhz: 2300, Mhz Limit: 2300
Processor Information for processor 14
  Max Mhz: 2300, Current Mhz: 1488, Mhz Limit: 2300
Processor Information for processor 15
  Max Mhz: 2300, Current Mhz: 1488, Mhz Limit: 2300

Memory: 4k page, system-wide physical 16051M (1094M free)
TotalPageFile size 24243M (AvailPageFile size 7M)
current process WorkingSet (physical memory assigned to process): 953M, peak: 953M
current process commit charge ("private bytes"): 1066M, peak: 1067M

vm_info: OpenJDK 64-Bit Server VM (21.0.9+10-LTS) for windows-amd64 JRE (21.0.9+10-LTS), built on 2025-10-21T00:00:00Z by "admin" with unknown MS VC++:1942

END.
